{"C:\\Users\\GIANLUCA\\Desktop\\philia_github\\Philia\\src\\actions\\AutenticazioneActions.js": {"path":"C:\\Users\\GIANLUCA\\Desktop\\philia_github\\Philia\\src\\actions\\AutenticazioneActions.js","statementMap":{"0":{"start":{"line":10,"column":4},"end":{"line":10,"column":39}},"1":{"start":{"line":14,"column":4},"end":{"line":14,"column":23}},"2":{"start":{"line":15,"column":21},"end":{"line":21,"column":6}},"3":{"start":{"line":23,"column":4},"end":{"line":40,"column":5}},"4":{"start":{"line":24,"column":21},"end":{"line":24,"column":42}},"5":{"start":{"line":25,"column":6},"end":{"line":25,"column":54}},"6":{"start":{"line":27,"column":6},"end":{"line":30,"column":7}},"7":{"start":{"line":28,"column":8},"end":{"line":28,"column":58}},"8":{"start":{"line":29,"column":8},"end":{"line":29,"column":58}},"9":{"start":{"line":32,"column":6},"end":{"line":34,"column":7}},"10":{"start":{"line":33,"column":8},"end":{"line":33,"column":15}},"11":{"start":{"line":36,"column":6},"end":{"line":36,"column":99}},"12":{"start":{"line":37,"column":6},"end":{"line":37,"column":20}},"13":{"start":{"line":39,"column":6},"end":{"line":39,"column":59}},"14":{"start":{"line":43,"column":11},"end":{"line":45,"column":3}},"15":{"start":{"line":44,"column":4},"end":{"line":44,"column":35}},"16":{"start":{"line":48,"column":4},"end":{"line":48,"column":23}},"17":{"start":{"line":49,"column":4},"end":{"line":92,"column":5}},"18":{"start":{"line":50,"column":24},"end":{"line":53,"column":7}},"19":{"start":{"line":54,"column":28},"end":{"line":60,"column":8}},"20":{"start":{"line":61,"column":6},"end":{"line":88,"column":7}},"21":{"start":{"line":62,"column":23},"end":{"line":62,"column":49}},"22":{"start":{"line":63,"column":8},"end":{"line":63,"column":58}},"23":{"start":{"line":64,"column":8},"end":{"line":67,"column":9}},"24":{"start":{"line":65,"column":10},"end":{"line":65,"column":62}},"25":{"start":{"line":66,"column":10},"end":{"line":66,"column":62}},"26":{"start":{"line":68,"column":8},"end":{"line":70,"column":9}},"27":{"start":{"line":69,"column":10},"end":{"line":69,"column":17}},"28":{"start":{"line":71,"column":32},"end":{"line":77,"column":10}},"29":{"start":{"line":78,"column":8},"end":{"line":84,"column":9}},"30":{"start":{"line":79,"column":10},"end":{"line":79,"column":112}},"31":{"start":{"line":80,"column":10},"end":{"line":80,"column":63}},"32":{"start":{"line":83,"column":10},"end":{"line":83,"column":78}},"33":{"start":{"line":87,"column":8},"end":{"line":87,"column":76}},"34":{"start":{"line":91,"column":6},"end":{"line":91,"column":35}}},"fnMap":{"0":{"name":"(anonymous_0)","decl":{"start":{"line":9,"column":2},"end":{"line":9,"column":3}},"loc":{"start":{"line":9,"column":16},"end":{"line":11,"column":3}},"line":9},"1":{"name":"(anonymous_1)","decl":{"start":{"line":13,"column":2},"end":{"line":13,"column":3}},"loc":{"start":{"line":13,"column":52},"end":{"line":41,"column":3}},"line":13},"2":{"name":"(anonymous_2)","decl":{"start":{"line":43,"column":11},"end":{"line":43,"column":12}},"loc":{"start":{"line":43,"column":17},"end":{"line":45,"column":3}},"line":43},"3":{"name":"(anonymous_3)","decl":{"start":{"line":47,"column":2},"end":{"line":47,"column":3}},"loc":{"start":{"line":47,"column":79},"end":{"line":93,"column":3}},"line":47}},"branchMap":{"0":{"loc":{"start":{"line":23,"column":4},"end":{"line":40,"column":5}},"type":"if","locations":[{"start":{"line":23,"column":4},"end":{"line":40,"column":5}},{"start":{"line":38,"column":11},"end":{"line":40,"column":5}}],"line":23},"1":{"loc":{"start":{"line":25,"column":32},"end":{"line":25,"column":53}},"type":"cond-expr","locations":[{"start":{"line":25,"column":48},"end":{"line":25,"column":49}},{"start":{"line":25,"column":52},"end":{"line":25,"column":53}}],"line":25},"2":{"loc":{"start":{"line":27,"column":6},"end":{"line":30,"column":7}},"type":"if","locations":[{"start":{"line":27,"column":6},"end":{"line":30,"column":7}},{"start":{},"end":{}}],"line":27},"3":{"loc":{"start":{"line":32,"column":6},"end":{"line":34,"column":7}},"type":"if","locations":[{"start":{"line":32,"column":6},"end":{"line":34,"column":7}},{"start":{},"end":{}}],"line":32},"4":{"loc":{"start":{"line":49,"column":4},"end":{"line":92,"column":5}},"type":"if","locations":[{"start":{"line":49,"column":4},"end":{"line":92,"column":5}},{"start":{"line":90,"column":9},"end":{"line":92,"column":5}}],"line":49},"5":{"loc":{"start":{"line":61,"column":6},"end":{"line":88,"column":7}},"type":"if","locations":[{"start":{"line":61,"column":6},"end":{"line":88,"column":7}},{"start":{"line":86,"column":11},"end":{"line":88,"column":7}}],"line":61},"6":{"loc":{"start":{"line":63,"column":36},"end":{"line":63,"column":57}},"type":"cond-expr","locations":[{"start":{"line":63,"column":52},"end":{"line":63,"column":53}},{"start":{"line":63,"column":56},"end":{"line":63,"column":57}}],"line":63},"7":{"loc":{"start":{"line":64,"column":8},"end":{"line":67,"column":9}},"type":"if","locations":[{"start":{"line":64,"column":8},"end":{"line":67,"column":9}},{"start":{},"end":{}}],"line":64},"8":{"loc":{"start":{"line":68,"column":8},"end":{"line":70,"column":9}},"type":"if","locations":[{"start":{"line":68,"column":8},"end":{"line":70,"column":9}},{"start":{},"end":{}}],"line":68},"9":{"loc":{"start":{"line":78,"column":8},"end":{"line":84,"column":9}},"type":"if","locations":[{"start":{"line":78,"column":8},"end":{"line":84,"column":9}},{"start":{"line":82,"column":13},"end":{"line":84,"column":9}}],"line":78}},"s":{"0":0,"1":0,"2":0,"3":0,"4":0,"5":0,"6":0,"7":0,"8":0,"9":0,"10":0,"11":0,"12":0,"13":0,"14":0,"15":0,"16":0,"17":0,"18":0,"19":0,"20":0,"21":0,"22":0,"23":0,"24":0,"25":0,"26":0,"27":0,"28":0,"29":0,"30":0,"31":0,"32":0,"33":0,"34":0},"f":{"0":0,"1":0,"2":0,"3":0},"b":{"0":[0,0],"1":[0,0],"2":[0,0],"3":[0,0],"4":[0,0],"5":[0,0],"6":[0,0],"7":[0,0],"8":[0,0],"9":[0,0]},"inputSourceMap":null}
,"C:\\Users\\GIANLUCA\\Desktop\\philia_github\\Philia\\src\\actions\\ClienteActions.js": {"path":"C:\\Users\\GIANLUCA\\Desktop\\philia_github\\Philia\\src\\actions\\ClienteActions.js","statementMap":{"0":{"start":{"line":9,"column":4},"end":{"line":9,"column":39}},"1":{"start":{"line":13,"column":4},"end":{"line":13,"column":23}},"2":{"start":{"line":14,"column":4},"end":{"line":46,"column":5}},"3":{"start":{"line":15,"column":6},"end":{"line":16,"column":15}},"4":{"start":{"line":16,"column":8},"end":{"line":16,"column":15}},"5":{"start":{"line":18,"column":6},"end":{"line":18,"column":62}},"6":{"start":{"line":19,"column":6},"end":{"line":19,"column":66}},"7":{"start":{"line":20,"column":6},"end":{"line":20,"column":60}},"8":{"start":{"line":21,"column":6},"end":{"line":21,"column":58}},"9":{"start":{"line":23,"column":23},"end":{"line":29,"column":8}},"10":{"start":{"line":31,"column":6},"end":{"line":42,"column":7}},"11":{"start":{"line":32,"column":23},"end":{"line":32,"column":44}},"12":{"start":{"line":33,"column":8},"end":{"line":33,"column":36}},"13":{"start":{"line":34,"column":8},"end":{"line":34,"column":57}},"14":{"start":{"line":35,"column":8},"end":{"line":35,"column":67}},"15":{"start":{"line":37,"column":11},"end":{"line":42,"column":7}},"16":{"start":{"line":38,"column":8},"end":{"line":38,"column":48}},"17":{"start":{"line":41,"column":8},"end":{"line":41,"column":85}},"18":{"start":{"line":45,"column":6},"end":{"line":45,"column":38}},"19":{"start":{"line":50,"column":4},"end":{"line":50,"column":23}},"20":{"start":{"line":52,"column":21},"end":{"line":58,"column":6}},"21":{"start":{"line":60,"column":4},"end":{"line":66,"column":5}},"22":{"start":{"line":61,"column":21},"end":{"line":61,"column":42}},"23":{"start":{"line":62,"column":6},"end":{"line":62,"column":52}},"24":{"start":{"line":65,"column":6},"end":{"line":65,"column":73}},"25":{"start":{"line":73,"column":4},"end":{"line":104,"column":5}},"26":{"start":{"line":74,"column":6},"end":{"line":88,"column":7}},"27":{"start":{"line":75,"column":8},"end":{"line":75,"column":65}},"28":{"start":{"line":76,"column":8},"end":{"line":76,"column":92}},"29":{"start":{"line":76,"column":46},"end":{"line":76,"column":90}},"30":{"start":{"line":76,"column":71},"end":{"line":76,"column":89}},"31":{"start":{"line":77,"column":8},"end":{"line":77,"column":71}},"32":{"start":{"line":77,"column":43},"end":{"line":77,"column":69}},"33":{"start":{"line":78,"column":8},"end":{"line":78,"column":53}},"34":{"start":{"line":81,"column":8},"end":{"line":81,"column":62}},"35":{"start":{"line":82,"column":8},"end":{"line":82,"column":65}},"36":{"start":{"line":83,"column":8},"end":{"line":83,"column":69}},"37":{"start":{"line":83,"column":46},"end":{"line":83,"column":67}},"38":{"start":{"line":84,"column":8},"end":{"line":84,"column":58}},"39":{"start":{"line":84,"column":43},"end":{"line":84,"column":56}},"40":{"start":{"line":85,"column":8},"end":{"line":85,"column":104}},"41":{"start":{"line":85,"column":50},"end":{"line":85,"column":102}},"42":{"start":{"line":85,"column":83},"end":{"line":85,"column":101}},"43":{"start":{"line":86,"column":8},"end":{"line":86,"column":72}},"44":{"start":{"line":86,"column":44},"end":{"line":86,"column":70}},"45":{"start":{"line":87,"column":8},"end":{"line":87,"column":51}},"46":{"start":{"line":90,"column":9},"end":{"line":104,"column":5}},"47":{"start":{"line":91,"column":6},"end":{"line":103,"column":7}},"48":{"start":{"line":92,"column":8},"end":{"line":92,"column":62}},"49":{"start":{"line":93,"column":8},"end":{"line":93,"column":65}},"50":{"start":{"line":94,"column":8},"end":{"line":94,"column":104}},"51":{"start":{"line":94,"column":50},"end":{"line":94,"column":102}},"52":{"start":{"line":94,"column":83},"end":{"line":94,"column":101}},"53":{"start":{"line":95,"column":8},"end":{"line":95,"column":72}},"54":{"start":{"line":95,"column":44},"end":{"line":95,"column":70}},"55":{"start":{"line":98,"column":8},"end":{"line":98,"column":65}},"56":{"start":{"line":99,"column":8},"end":{"line":99,"column":81}},"57":{"start":{"line":99,"column":50},"end":{"line":99,"column":79}},"58":{"start":{"line":100,"column":8},"end":{"line":100,"column":59}},"59":{"start":{"line":100,"column":44},"end":{"line":100,"column":57}},"60":{"start":{"line":101,"column":8},"end":{"line":101,"column":92}},"61":{"start":{"line":101,"column":46},"end":{"line":101,"column":90}},"62":{"start":{"line":101,"column":71},"end":{"line":101,"column":89}},"63":{"start":{"line":102,"column":8},"end":{"line":102,"column":71}},"64":{"start":{"line":102,"column":43},"end":{"line":102,"column":69}},"65":{"start":{"line":108,"column":4},"end":{"line":108,"column":23}},"66":{"start":{"line":109,"column":4},"end":{"line":168,"column":5}},"67":{"start":{"line":110,"column":35},"end":{"line":110,"column":116}},"68":{"start":{"line":110,"column":74},"end":{"line":110,"column":115}},"69":{"start":{"line":111,"column":32},"end":{"line":111,"column":112}},"70":{"start":{"line":111,"column":71},"end":{"line":111,"column":111}},"71":{"start":{"line":112,"column":35},"end":{"line":112,"column":37}},"72":{"start":{"line":113,"column":32},"end":{"line":113,"column":34}},"73":{"start":{"line":114,"column":26},"end":{"line":114,"column":45}},"74":{"start":{"line":116,"column":6},"end":{"line":140,"column":7}},"75":{"start":{"line":116,"column":18},"end":{"line":116,"column":19}},"76":{"start":{"line":117,"column":21},"end":{"line":120,"column":9}},"77":{"start":{"line":121,"column":25},"end":{"line":127,"column":10}},"78":{"start":{"line":128,"column":8},"end":{"line":139,"column":9}},"79":{"start":{"line":129,"column":10},"end":{"line":129,"column":93}},"80":{"start":{"line":130,"column":10},"end":{"line":130,"column":62}},"81":{"start":{"line":132,"column":13},"end":{"line":139,"column":9}},"82":{"start":{"line":133,"column":10},"end":{"line":133,"column":113}},"83":{"start":{"line":134,"column":10},"end":{"line":134,"column":65}},"84":{"start":{"line":137,"column":10},"end":{"line":137,"column":89}},"85":{"start":{"line":138,"column":10},"end":{"line":138,"column":65}},"86":{"start":{"line":142,"column":30},"end":{"line":142,"column":32}},"87":{"start":{"line":143,"column":6},"end":{"line":149,"column":7}},"88":{"start":{"line":143,"column":19},"end":{"line":143,"column":20}},"89":{"start":{"line":144,"column":32},"end":{"line":144,"column":62}},"90":{"start":{"line":145,"column":8},"end":{"line":147,"column":9}},"91":{"start":{"line":146,"column":10},"end":{"line":146,"column":47}},"92":{"start":{"line":148,"column":8},"end":{"line":148,"column":50}},"93":{"start":{"line":150,"column":6},"end":{"line":150,"column":57}},"94":{"start":{"line":152,"column":6},"end":{"line":155,"column":7}},"95":{"start":{"line":153,"column":8},"end":{"line":153,"column":33}},"96":{"start":{"line":154,"column":8},"end":{"line":154,"column":57}},"97":{"start":{"line":157,"column":6},"end":{"line":160,"column":7}},"98":{"start":{"line":158,"column":8},"end":{"line":158,"column":33}},"99":{"start":{"line":159,"column":8},"end":{"line":159,"column":53}},"100":{"start":{"line":162,"column":6},"end":{"line":162,"column":33}},"101":{"start":{"line":164,"column":6},"end":{"line":164,"column":27}},"102":{"start":{"line":167,"column":6},"end":{"line":167,"column":38}},"103":{"start":{"line":172,"column":4},"end":{"line":172,"column":78}},"104":{"start":{"line":176,"column":4},"end":{"line":176,"column":23}},"105":{"start":{"line":177,"column":4},"end":{"line":204,"column":5}},"106":{"start":{"line":178,"column":19},"end":{"line":181,"column":7}},"107":{"start":{"line":183,"column":31},"end":{"line":183,"column":161}},"108":{"start":{"line":183,"column":126},"end":{"line":183,"column":155}},"109":{"start":{"line":184,"column":28},"end":{"line":184,"column":159}},"110":{"start":{"line":184,"column":123},"end":{"line":184,"column":153}},"111":{"start":{"line":186,"column":23},"end":{"line":192,"column":8}},"112":{"start":{"line":193,"column":6},"end":{"line":200,"column":7}},"113":{"start":{"line":194,"column":8},"end":{"line":194,"column":55}},"114":{"start":{"line":195,"column":8},"end":{"line":195,"column":39}},"115":{"start":{"line":196,"column":8},"end":{"line":196,"column":55}},"116":{"start":{"line":199,"column":8},"end":{"line":199,"column":80}},"117":{"start":{"line":203,"column":6},"end":{"line":203,"column":39}}},"fnMap":{"0":{"name":"(anonymous_0)","decl":{"start":{"line":8,"column":2},"end":{"line":8,"column":3}},"loc":{"start":{"line":8,"column":16},"end":{"line":10,"column":3}},"line":8},"1":{"name":"(anonymous_1)","decl":{"start":{"line":12,"column":2},"end":{"line":12,"column":3}},"loc":{"start":{"line":12,"column":61},"end":{"line":47,"column":3}},"line":12},"2":{"name":"(anonymous_2)","decl":{"start":{"line":49,"column":2},"end":{"line":49,"column":3}},"loc":{"start":{"line":49,"column":39},"end":{"line":67,"column":3}},"line":49},"3":{"name":"(anonymous_3)","decl":{"start":{"line":69,"column":2},"end":{"line":69,"column":3}},"loc":{"start":{"line":72,"column":4},"end":{"line":105,"column":3}},"line":72},"4":{"name":"(anonymous_4)","decl":{"start":{"line":76,"column":35},"end":{"line":76,"column":36}},"loc":{"start":{"line":76,"column":46},"end":{"line":76,"column":90}},"line":76},"5":{"name":"(anonymous_5)","decl":{"start":{"line":76,"column":61},"end":{"line":76,"column":62}},"loc":{"start":{"line":76,"column":71},"end":{"line":76,"column":89}},"line":76},"6":{"name":"(anonymous_6)","decl":{"start":{"line":77,"column":30},"end":{"line":77,"column":31}},"loc":{"start":{"line":77,"column":43},"end":{"line":77,"column":69}},"line":77},"7":{"name":"(anonymous_7)","decl":{"start":{"line":83,"column":35},"end":{"line":83,"column":36}},"loc":{"start":{"line":83,"column":46},"end":{"line":83,"column":67}},"line":83},"8":{"name":"(anonymous_8)","decl":{"start":{"line":84,"column":30},"end":{"line":84,"column":31}},"loc":{"start":{"line":84,"column":43},"end":{"line":84,"column":56}},"line":84},"9":{"name":"(anonymous_9)","decl":{"start":{"line":85,"column":31},"end":{"line":85,"column":32}},"loc":{"start":{"line":85,"column":50},"end":{"line":85,"column":102}},"line":85},"10":{"name":"(anonymous_10)","decl":{"start":{"line":85,"column":73},"end":{"line":85,"column":74}},"loc":{"start":{"line":85,"column":83},"end":{"line":85,"column":101}},"line":85},"11":{"name":"(anonymous_11)","decl":{"start":{"line":86,"column":31},"end":{"line":86,"column":32}},"loc":{"start":{"line":86,"column":44},"end":{"line":86,"column":70}},"line":86},"12":{"name":"(anonymous_12)","decl":{"start":{"line":94,"column":31},"end":{"line":94,"column":32}},"loc":{"start":{"line":94,"column":50},"end":{"line":94,"column":102}},"line":94},"13":{"name":"(anonymous_13)","decl":{"start":{"line":94,"column":73},"end":{"line":94,"column":74}},"loc":{"start":{"line":94,"column":83},"end":{"line":94,"column":101}},"line":94},"14":{"name":"(anonymous_14)","decl":{"start":{"line":95,"column":31},"end":{"line":95,"column":32}},"loc":{"start":{"line":95,"column":44},"end":{"line":95,"column":70}},"line":95},"15":{"name":"(anonymous_15)","decl":{"start":{"line":99,"column":31},"end":{"line":99,"column":32}},"loc":{"start":{"line":99,"column":50},"end":{"line":99,"column":79}},"line":99},"16":{"name":"(anonymous_16)","decl":{"start":{"line":100,"column":31},"end":{"line":100,"column":32}},"loc":{"start":{"line":100,"column":44},"end":{"line":100,"column":57}},"line":100},"17":{"name":"(anonymous_17)","decl":{"start":{"line":101,"column":35},"end":{"line":101,"column":36}},"loc":{"start":{"line":101,"column":46},"end":{"line":101,"column":90}},"line":101},"18":{"name":"(anonymous_18)","decl":{"start":{"line":101,"column":61},"end":{"line":101,"column":62}},"loc":{"start":{"line":101,"column":71},"end":{"line":101,"column":89}},"line":101},"19":{"name":"(anonymous_19)","decl":{"start":{"line":102,"column":30},"end":{"line":102,"column":31}},"loc":{"start":{"line":102,"column":43},"end":{"line":102,"column":69}},"line":102},"20":{"name":"(anonymous_20)","decl":{"start":{"line":107,"column":2},"end":{"line":107,"column":3}},"loc":{"start":{"line":107,"column":86},"end":{"line":169,"column":3}},"line":107},"21":{"name":"(anonymous_21)","decl":{"start":{"line":110,"column":63},"end":{"line":110,"column":64}},"loc":{"start":{"line":110,"column":74},"end":{"line":110,"column":115}},"line":110},"22":{"name":"(anonymous_22)","decl":{"start":{"line":111,"column":60},"end":{"line":111,"column":61}},"loc":{"start":{"line":111,"column":71},"end":{"line":111,"column":111}},"line":111},"23":{"name":"(anonymous_23)","decl":{"start":{"line":171,"column":2},"end":{"line":171,"column":3}},"loc":{"start":{"line":171,"column":60},"end":{"line":173,"column":3}},"line":171},"24":{"name":"(anonymous_24)","decl":{"start":{"line":175,"column":2},"end":{"line":175,"column":3}},"loc":{"start":{"line":175,"column":93},"end":{"line":205,"column":3}},"line":175},"25":{"name":"(anonymous_25)","decl":{"start":{"line":183,"column":115},"end":{"line":183,"column":116}},"loc":{"start":{"line":183,"column":126},"end":{"line":183,"column":155}},"line":183},"26":{"name":"(anonymous_26)","decl":{"start":{"line":184,"column":112},"end":{"line":184,"column":113}},"loc":{"start":{"line":184,"column":123},"end":{"line":184,"column":153}},"line":184}},"branchMap":{"0":{"loc":{"start":{"line":14,"column":4},"end":{"line":46,"column":5}},"type":"if","locations":[{"start":{"line":14,"column":4},"end":{"line":46,"column":5}},{"start":{"line":44,"column":9},"end":{"line":46,"column":5}}],"line":14},"1":{"loc":{"start":{"line":15,"column":6},"end":{"line":16,"column":15}},"type":"if","locations":[{"start":{"line":15,"column":6},"end":{"line":16,"column":15}},{"start":{},"end":{}}],"line":15},"2":{"loc":{"start":{"line":31,"column":6},"end":{"line":42,"column":7}},"type":"if","locations":[{"start":{"line":31,"column":6},"end":{"line":42,"column":7}},{"start":{"line":37,"column":11},"end":{"line":42,"column":7}}],"line":31},"3":{"loc":{"start":{"line":37,"column":11},"end":{"line":42,"column":7}},"type":"if","locations":[{"start":{"line":37,"column":11},"end":{"line":42,"column":7}},{"start":{"line":40,"column":11},"end":{"line":42,"column":7}}],"line":37},"4":{"loc":{"start":{"line":60,"column":4},"end":{"line":66,"column":5}},"type":"if","locations":[{"start":{"line":60,"column":4},"end":{"line":66,"column":5}},{"start":{"line":64,"column":9},"end":{"line":66,"column":5}}],"line":60},"5":{"loc":{"start":{"line":73,"column":4},"end":{"line":104,"column":5}},"type":"if","locations":[{"start":{"line":73,"column":4},"end":{"line":104,"column":5}},{"start":{"line":90,"column":9},"end":{"line":104,"column":5}}],"line":73},"6":{"loc":{"start":{"line":74,"column":6},"end":{"line":88,"column":7}},"type":"if","locations":[{"start":{"line":74,"column":6},"end":{"line":88,"column":7}},{"start":{"line":80,"column":11},"end":{"line":88,"column":7}}],"line":74},"7":{"loc":{"start":{"line":90,"column":9},"end":{"line":104,"column":5}},"type":"if","locations":[{"start":{"line":90,"column":9},"end":{"line":104,"column":5}},{"start":{},"end":{}}],"line":90},"8":{"loc":{"start":{"line":91,"column":6},"end":{"line":103,"column":7}},"type":"if","locations":[{"start":{"line":91,"column":6},"end":{"line":103,"column":7}},{"start":{"line":97,"column":11},"end":{"line":103,"column":7}}],"line":91},"9":{"loc":{"start":{"line":109,"column":4},"end":{"line":168,"column":5}},"type":"if","locations":[{"start":{"line":109,"column":4},"end":{"line":168,"column":5}},{"start":{"line":166,"column":9},"end":{"line":168,"column":5}}],"line":109},"10":{"loc":{"start":{"line":128,"column":8},"end":{"line":139,"column":9}},"type":"if","locations":[{"start":{"line":128,"column":8},"end":{"line":139,"column":9}},{"start":{"line":132,"column":13},"end":{"line":139,"column":9}}],"line":128},"11":{"loc":{"start":{"line":132,"column":13},"end":{"line":139,"column":9}},"type":"if","locations":[{"start":{"line":132,"column":13},"end":{"line":139,"column":9}},{"start":{"line":136,"column":13},"end":{"line":139,"column":9}}],"line":132},"12":{"loc":{"start":{"line":145,"column":8},"end":{"line":147,"column":9}},"type":"if","locations":[{"start":{"line":145,"column":8},"end":{"line":147,"column":9}},{"start":{},"end":{}}],"line":145},"13":{"loc":{"start":{"line":177,"column":4},"end":{"line":204,"column":5}},"type":"if","locations":[{"start":{"line":177,"column":4},"end":{"line":204,"column":5}},{"start":{"line":202,"column":9},"end":{"line":204,"column":5}}],"line":177},"14":{"loc":{"start":{"line":183,"column":31},"end":{"line":183,"column":161}},"type":"cond-expr","locations":[{"start":{"line":183,"column":87},"end":{"line":183,"column":156}},{"start":{"line":183,"column":159},"end":{"line":183,"column":161}}],"line":183},"15":{"loc":{"start":{"line":183,"column":32},"end":{"line":183,"column":83}},"type":"binary-expr","locations":[{"start":{"line":183,"column":32},"end":{"line":183,"column":52}},{"start":{"line":183,"column":56},"end":{"line":183,"column":83}}],"line":183},"16":{"loc":{"start":{"line":184,"column":28},"end":{"line":184,"column":159}},"type":"cond-expr","locations":[{"start":{"line":184,"column":84},"end":{"line":184,"column":154}},{"start":{"line":184,"column":157},"end":{"line":184,"column":159}}],"line":184},"17":{"loc":{"start":{"line":184,"column":29},"end":{"line":184,"column":80}},"type":"binary-expr","locations":[{"start":{"line":184,"column":29},"end":{"line":184,"column":49}},{"start":{"line":184,"column":53},"end":{"line":184,"column":80}}],"line":184},"18":{"loc":{"start":{"line":193,"column":6},"end":{"line":200,"column":7}},"type":"if","locations":[{"start":{"line":193,"column":6},"end":{"line":200,"column":7}},{"start":{"line":198,"column":11},"end":{"line":200,"column":7}}],"line":193}},"s":{"0":0,"1":0,"2":0,"3":0,"4":0,"5":0,"6":0,"7":0,"8":0,"9":0,"10":0,"11":0,"12":0,"13":0,"14":0,"15":0,"16":0,"17":0,"18":0,"19":0,"20":0,"21":0,"22":0,"23":0,"24":0,"25":0,"26":0,"27":0,"28":0,"29":0,"30":0,"31":0,"32":0,"33":0,"34":0,"35":0,"36":0,"37":0,"38":0,"39":0,"40":0,"41":0,"42":0,"43":0,"44":0,"45":0,"46":0,"47":0,"48":0,"49":0,"50":0,"51":0,"52":0,"53":0,"54":0,"55":0,"56":0,"57":0,"58":0,"59":0,"60":0,"61":0,"62":0,"63":0,"64":0,"65":0,"66":0,"67":0,"68":0,"69":0,"70":0,"71":0,"72":0,"73":0,"74":0,"75":0,"76":0,"77":0,"78":0,"79":0,"80":0,"81":0,"82":0,"83":0,"84":0,"85":0,"86":0,"87":0,"88":0,"89":0,"90":0,"91":0,"92":0,"93":0,"94":0,"95":0,"96":0,"97":0,"98":0,"99":0,"100":0,"101":0,"102":0,"103":0,"104":0,"105":0,"106":0,"107":0,"108":0,"109":0,"110":0,"111":0,"112":0,"113":0,"114":0,"115":0,"116":0,"117":0},"f":{"0":0,"1":0,"2":0,"3":0,"4":0,"5":0,"6":0,"7":0,"8":0,"9":0,"10":0,"11":0,"12":0,"13":0,"14":0,"15":0,"16":0,"17":0,"18":0,"19":0,"20":0,"21":0,"22":0,"23":0,"24":0,"25":0,"26":0},"b":{"0":[0,0],"1":[0,0],"2":[0,0],"3":[0,0],"4":[0,0],"5":[0,0],"6":[0,0],"7":[0,0],"8":[0,0],"9":[0,0],"10":[0,0],"11":[0,0],"12":[0,0],"13":[0,0],"14":[0,0],"15":[0,0],"16":[0,0],"17":[0,0],"18":[0,0]},"inputSourceMap":null}
,"C:\\Users\\GIANLUCA\\Desktop\\philia_github\\Philia\\src\\actions\\LavoroActions.js": {"path":"C:\\Users\\GIANLUCA\\Desktop\\philia_github\\Philia\\src\\actions\\LavoroActions.js","statementMap":{"0":{"start":{"line":10,"column":4},"end":{"line":10,"column":39}},"1":{"start":{"line":14,"column":4},"end":{"line":14,"column":23}},"2":{"start":{"line":15,"column":4},"end":{"line":67,"column":5}},"3":{"start":{"line":16,"column":6},"end":{"line":16,"column":29}},"4":{"start":{"line":17,"column":6},"end":{"line":21,"column":7}},"5":{"start":{"line":18,"column":8},"end":{"line":20,"column":9}},"6":{"start":{"line":19,"column":10},"end":{"line":19,"column":67}},"7":{"start":{"line":22,"column":6},"end":{"line":31,"column":7}},"8":{"start":{"line":23,"column":8},"end":{"line":23,"column":67}},"9":{"start":{"line":24,"column":8},"end":{"line":30,"column":9}},"10":{"start":{"line":25,"column":10},"end":{"line":25,"column":43}},"11":{"start":{"line":26,"column":10},"end":{"line":28,"column":106}},"12":{"start":{"line":29,"column":10},"end":{"line":29,"column":16}},"13":{"start":{"line":32,"column":6},"end":{"line":32,"column":39}},"14":{"start":{"line":34,"column":6},"end":{"line":35,"column":15}},"15":{"start":{"line":35,"column":8},"end":{"line":35,"column":15}},"16":{"start":{"line":37,"column":6},"end":{"line":37,"column":60}},"17":{"start":{"line":38,"column":6},"end":{"line":38,"column":60}},"18":{"start":{"line":39,"column":6},"end":{"line":39,"column":56}},"19":{"start":{"line":40,"column":6},"end":{"line":40,"column":62}},"20":{"start":{"line":42,"column":23},"end":{"line":48,"column":8}},"21":{"start":{"line":50,"column":6},"end":{"line":63,"column":7}},"22":{"start":{"line":51,"column":23},"end":{"line":51,"column":44}},"23":{"start":{"line":52,"column":8},"end":{"line":52,"column":35}},"24":{"start":{"line":53,"column":8},"end":{"line":53,"column":58}},"25":{"start":{"line":54,"column":8},"end":{"line":54,"column":74}},"26":{"start":{"line":55,"column":8},"end":{"line":55,"column":55}},"27":{"start":{"line":56,"column":8},"end":{"line":56,"column":66}},"28":{"start":{"line":58,"column":11},"end":{"line":63,"column":7}},"29":{"start":{"line":59,"column":8},"end":{"line":59,"column":47}},"30":{"start":{"line":62,"column":8},"end":{"line":62,"column":85}},"31":{"start":{"line":66,"column":6},"end":{"line":66,"column":38}},"32":{"start":{"line":71,"column":4},"end":{"line":71,"column":23}},"33":{"start":{"line":73,"column":21},"end":{"line":79,"column":6}},"34":{"start":{"line":81,"column":4},"end":{"line":87,"column":5}},"35":{"start":{"line":82,"column":21},"end":{"line":82,"column":42}},"36":{"start":{"line":83,"column":6},"end":{"line":83,"column":51}},"37":{"start":{"line":86,"column":6},"end":{"line":86,"column":72}},"38":{"start":{"line":91,"column":4},"end":{"line":91,"column":23}},"39":{"start":{"line":93,"column":4},"end":{"line":121,"column":5}},"40":{"start":{"line":94,"column":6},"end":{"line":94,"column":28}},"41":{"start":{"line":96,"column":23},"end":{"line":102,"column":8}},"42":{"start":{"line":104,"column":6},"end":{"line":117,"column":7}},"43":{"start":{"line":105,"column":23},"end":{"line":105,"column":44}},"44":{"start":{"line":106,"column":8},"end":{"line":106,"column":32}},"45":{"start":{"line":108,"column":8},"end":{"line":113,"column":9}},"46":{"start":{"line":109,"column":10},"end":{"line":109,"column":38}},"47":{"start":{"line":111,"column":13},"end":{"line":113,"column":9}},"48":{"start":{"line":112,"column":10},"end":{"line":112,"column":40}},"49":{"start":{"line":116,"column":8},"end":{"line":116,"column":74}},"50":{"start":{"line":120,"column":6},"end":{"line":120,"column":37}},"51":{"start":{"line":125,"column":17},"end":{"line":129,"column":5}},"52":{"start":{"line":131,"column":21},"end":{"line":137,"column":6}},"53":{"start":{"line":139,"column":4},"end":{"line":145,"column":5}},"54":{"start":{"line":140,"column":21},"end":{"line":140,"column":42}},"55":{"start":{"line":141,"column":6},"end":{"line":141,"column":37}},"56":{"start":{"line":144,"column":6},"end":{"line":144,"column":86}},"57":{"start":{"line":152,"column":4},"end":{"line":181,"column":5}},"58":{"start":{"line":153,"column":6},"end":{"line":165,"column":7}},"59":{"start":{"line":154,"column":8},"end":{"line":154,"column":64}},"60":{"start":{"line":155,"column":8},"end":{"line":155,"column":92}},"61":{"start":{"line":155,"column":46},"end":{"line":155,"column":90}},"62":{"start":{"line":155,"column":71},"end":{"line":155,"column":89}},"63":{"start":{"line":156,"column":8},"end":{"line":156,"column":71}},"64":{"start":{"line":156,"column":43},"end":{"line":156,"column":69}},"65":{"start":{"line":159,"column":8},"end":{"line":159,"column":61}},"66":{"start":{"line":160,"column":8},"end":{"line":160,"column":64}},"67":{"start":{"line":161,"column":8},"end":{"line":161,"column":69}},"68":{"start":{"line":161,"column":46},"end":{"line":161,"column":67}},"69":{"start":{"line":162,"column":8},"end":{"line":162,"column":58}},"70":{"start":{"line":162,"column":43},"end":{"line":162,"column":56}},"71":{"start":{"line":163,"column":8},"end":{"line":163,"column":104}},"72":{"start":{"line":163,"column":50},"end":{"line":163,"column":102}},"73":{"start":{"line":163,"column":83},"end":{"line":163,"column":101}},"74":{"start":{"line":164,"column":8},"end":{"line":164,"column":72}},"75":{"start":{"line":164,"column":44},"end":{"line":164,"column":70}},"76":{"start":{"line":167,"column":9},"end":{"line":181,"column":5}},"77":{"start":{"line":168,"column":6},"end":{"line":180,"column":7}},"78":{"start":{"line":169,"column":8},"end":{"line":169,"column":61}},"79":{"start":{"line":170,"column":8},"end":{"line":170,"column":64}},"80":{"start":{"line":171,"column":8},"end":{"line":171,"column":104}},"81":{"start":{"line":171,"column":50},"end":{"line":171,"column":102}},"82":{"start":{"line":171,"column":83},"end":{"line":171,"column":101}},"83":{"start":{"line":172,"column":8},"end":{"line":172,"column":72}},"84":{"start":{"line":172,"column":44},"end":{"line":172,"column":70}},"85":{"start":{"line":175,"column":8},"end":{"line":175,"column":64}},"86":{"start":{"line":176,"column":8},"end":{"line":176,"column":81}},"87":{"start":{"line":176,"column":50},"end":{"line":176,"column":79}},"88":{"start":{"line":177,"column":8},"end":{"line":177,"column":59}},"89":{"start":{"line":177,"column":44},"end":{"line":177,"column":57}},"90":{"start":{"line":178,"column":8},"end":{"line":178,"column":92}},"91":{"start":{"line":178,"column":46},"end":{"line":178,"column":90}},"92":{"start":{"line":178,"column":71},"end":{"line":178,"column":89}},"93":{"start":{"line":179,"column":8},"end":{"line":179,"column":71}},"94":{"start":{"line":179,"column":43},"end":{"line":179,"column":69}},"95":{"start":{"line":185,"column":4},"end":{"line":185,"column":23}},"96":{"start":{"line":187,"column":4},"end":{"line":246,"column":5}},"97":{"start":{"line":188,"column":34},"end":{"line":188,"column":113}},"98":{"start":{"line":188,"column":72},"end":{"line":188,"column":112}},"99":{"start":{"line":189,"column":31},"end":{"line":189,"column":109}},"100":{"start":{"line":189,"column":69},"end":{"line":189,"column":108}},"101":{"start":{"line":191,"column":34},"end":{"line":191,"column":36}},"102":{"start":{"line":192,"column":31},"end":{"line":192,"column":33}},"103":{"start":{"line":193,"column":26},"end":{"line":193,"column":45}},"104":{"start":{"line":194,"column":6},"end":{"line":219,"column":7}},"105":{"start":{"line":194,"column":18},"end":{"line":194,"column":19}},"106":{"start":{"line":195,"column":21},"end":{"line":199,"column":9}},"107":{"start":{"line":200,"column":25},"end":{"line":206,"column":10}},"108":{"start":{"line":207,"column":8},"end":{"line":218,"column":9}},"109":{"start":{"line":208,"column":10},"end":{"line":208,"column":92}},"110":{"start":{"line":209,"column":10},"end":{"line":209,"column":60}},"111":{"start":{"line":211,"column":13},"end":{"line":218,"column":9}},"112":{"start":{"line":212,"column":10},"end":{"line":212,"column":111}},"113":{"start":{"line":213,"column":10},"end":{"line":213,"column":63}},"114":{"start":{"line":216,"column":10},"end":{"line":216,"column":88}},"115":{"start":{"line":217,"column":10},"end":{"line":217,"column":63}},"116":{"start":{"line":221,"column":29},"end":{"line":221,"column":31}},"117":{"start":{"line":222,"column":6},"end":{"line":228,"column":7}},"118":{"start":{"line":222,"column":19},"end":{"line":222,"column":20}},"119":{"start":{"line":223,"column":31},"end":{"line":223,"column":61}},"120":{"start":{"line":224,"column":8},"end":{"line":226,"column":9}},"121":{"start":{"line":225,"column":10},"end":{"line":225,"column":46}},"122":{"start":{"line":227,"column":8},"end":{"line":227,"column":48}},"123":{"start":{"line":229,"column":6},"end":{"line":229,"column":55}},"124":{"start":{"line":231,"column":6},"end":{"line":234,"column":7}},"125":{"start":{"line":232,"column":8},"end":{"line":232,"column":33}},"126":{"start":{"line":233,"column":8},"end":{"line":233,"column":56}},"127":{"start":{"line":236,"column":6},"end":{"line":238,"column":7}},"128":{"start":{"line":237,"column":8},"end":{"line":237,"column":52}},"129":{"start":{"line":240,"column":6},"end":{"line":240,"column":33}},"130":{"start":{"line":242,"column":6},"end":{"line":242,"column":27}},"131":{"start":{"line":245,"column":6},"end":{"line":245,"column":38}},"132":{"start":{"line":250,"column":4},"end":{"line":250,"column":76}},"133":{"start":{"line":254,"column":4},"end":{"line":254,"column":23}},"134":{"start":{"line":255,"column":4},"end":{"line":282,"column":5}},"135":{"start":{"line":256,"column":19},"end":{"line":259,"column":7}},"136":{"start":{"line":261,"column":31},"end":{"line":261,"column":153}},"137":{"start":{"line":261,"column":119},"end":{"line":261,"column":147}},"138":{"start":{"line":262,"column":28},"end":{"line":262,"column":151}},"139":{"start":{"line":262,"column":116},"end":{"line":262,"column":145}},"140":{"start":{"line":264,"column":23},"end":{"line":270,"column":8}},"141":{"start":{"line":271,"column":6},"end":{"line":278,"column":7}},"142":{"start":{"line":272,"column":8},"end":{"line":272,"column":54}},"143":{"start":{"line":273,"column":8},"end":{"line":273,"column":39}},"144":{"start":{"line":274,"column":8},"end":{"line":274,"column":55}},"145":{"start":{"line":277,"column":8},"end":{"line":277,"column":79}},"146":{"start":{"line":281,"column":6},"end":{"line":281,"column":39}},"147":{"start":{"line":286,"column":4},"end":{"line":286,"column":23}},"148":{"start":{"line":287,"column":4},"end":{"line":310,"column":5}},"149":{"start":{"line":288,"column":19},"end":{"line":292,"column":7}},"150":{"start":{"line":294,"column":23},"end":{"line":300,"column":8}},"151":{"start":{"line":301,"column":6},"end":{"line":306,"column":7}},"152":{"start":{"line":302,"column":8},"end":{"line":302,"column":55}},"153":{"start":{"line":305,"column":8},"end":{"line":305,"column":79}},"154":{"start":{"line":309,"column":6},"end":{"line":309,"column":39}}},"fnMap":{"0":{"name":"(anonymous_0)","decl":{"start":{"line":9,"column":2},"end":{"line":9,"column":3}},"loc":{"start":{"line":9,"column":16},"end":{"line":11,"column":3}},"line":9},"1":{"name":"(anonymous_1)","decl":{"start":{"line":13,"column":2},"end":{"line":13,"column":3}},"loc":{"start":{"line":13,"column":76},"end":{"line":68,"column":3}},"line":13},"2":{"name":"(anonymous_2)","decl":{"start":{"line":70,"column":2},"end":{"line":70,"column":3}},"loc":{"start":{"line":70,"column":38},"end":{"line":88,"column":3}},"line":70},"3":{"name":"(anonymous_3)","decl":{"start":{"line":90,"column":2},"end":{"line":90,"column":3}},"loc":{"start":{"line":90,"column":94},"end":{"line":122,"column":3}},"line":90},"4":{"name":"(anonymous_4)","decl":{"start":{"line":124,"column":2},"end":{"line":124,"column":3}},"loc":{"start":{"line":124,"column":65},"end":{"line":146,"column":3}},"line":124},"5":{"name":"(anonymous_5)","decl":{"start":{"line":148,"column":2},"end":{"line":148,"column":3}},"loc":{"start":{"line":151,"column":4},"end":{"line":182,"column":3}},"line":151},"6":{"name":"(anonymous_6)","decl":{"start":{"line":155,"column":35},"end":{"line":155,"column":36}},"loc":{"start":{"line":155,"column":46},"end":{"line":155,"column":90}},"line":155},"7":{"name":"(anonymous_7)","decl":{"start":{"line":155,"column":61},"end":{"line":155,"column":62}},"loc":{"start":{"line":155,"column":71},"end":{"line":155,"column":89}},"line":155},"8":{"name":"(anonymous_8)","decl":{"start":{"line":156,"column":30},"end":{"line":156,"column":31}},"loc":{"start":{"line":156,"column":43},"end":{"line":156,"column":69}},"line":156},"9":{"name":"(anonymous_9)","decl":{"start":{"line":161,"column":35},"end":{"line":161,"column":36}},"loc":{"start":{"line":161,"column":46},"end":{"line":161,"column":67}},"line":161},"10":{"name":"(anonymous_10)","decl":{"start":{"line":162,"column":30},"end":{"line":162,"column":31}},"loc":{"start":{"line":162,"column":43},"end":{"line":162,"column":56}},"line":162},"11":{"name":"(anonymous_11)","decl":{"start":{"line":163,"column":31},"end":{"line":163,"column":32}},"loc":{"start":{"line":163,"column":50},"end":{"line":163,"column":102}},"line":163},"12":{"name":"(anonymous_12)","decl":{"start":{"line":163,"column":73},"end":{"line":163,"column":74}},"loc":{"start":{"line":163,"column":83},"end":{"line":163,"column":101}},"line":163},"13":{"name":"(anonymous_13)","decl":{"start":{"line":164,"column":31},"end":{"line":164,"column":32}},"loc":{"start":{"line":164,"column":44},"end":{"line":164,"column":70}},"line":164},"14":{"name":"(anonymous_14)","decl":{"start":{"line":171,"column":31},"end":{"line":171,"column":32}},"loc":{"start":{"line":171,"column":50},"end":{"line":171,"column":102}},"line":171},"15":{"name":"(anonymous_15)","decl":{"start":{"line":171,"column":73},"end":{"line":171,"column":74}},"loc":{"start":{"line":171,"column":83},"end":{"line":171,"column":101}},"line":171},"16":{"name":"(anonymous_16)","decl":{"start":{"line":172,"column":31},"end":{"line":172,"column":32}},"loc":{"start":{"line":172,"column":44},"end":{"line":172,"column":70}},"line":172},"17":{"name":"(anonymous_17)","decl":{"start":{"line":176,"column":31},"end":{"line":176,"column":32}},"loc":{"start":{"line":176,"column":50},"end":{"line":176,"column":79}},"line":176},"18":{"name":"(anonymous_18)","decl":{"start":{"line":177,"column":31},"end":{"line":177,"column":32}},"loc":{"start":{"line":177,"column":44},"end":{"line":177,"column":57}},"line":177},"19":{"name":"(anonymous_19)","decl":{"start":{"line":178,"column":35},"end":{"line":178,"column":36}},"loc":{"start":{"line":178,"column":46},"end":{"line":178,"column":90}},"line":178},"20":{"name":"(anonymous_20)","decl":{"start":{"line":178,"column":61},"end":{"line":178,"column":62}},"loc":{"start":{"line":178,"column":71},"end":{"line":178,"column":89}},"line":178},"21":{"name":"(anonymous_21)","decl":{"start":{"line":179,"column":30},"end":{"line":179,"column":31}},"loc":{"start":{"line":179,"column":43},"end":{"line":179,"column":69}},"line":179},"22":{"name":"(anonymous_22)","decl":{"start":{"line":184,"column":2},"end":{"line":184,"column":3}},"loc":{"start":{"line":184,"column":95},"end":{"line":247,"column":3}},"line":184},"23":{"name":"(anonymous_23)","decl":{"start":{"line":188,"column":62},"end":{"line":188,"column":63}},"loc":{"start":{"line":188,"column":72},"end":{"line":188,"column":112}},"line":188},"24":{"name":"(anonymous_24)","decl":{"start":{"line":189,"column":59},"end":{"line":189,"column":60}},"loc":{"start":{"line":189,"column":69},"end":{"line":189,"column":108}},"line":189},"25":{"name":"(anonymous_25)","decl":{"start":{"line":249,"column":2},"end":{"line":249,"column":3}},"loc":{"start":{"line":249,"column":58},"end":{"line":251,"column":3}},"line":249},"26":{"name":"(anonymous_26)","decl":{"start":{"line":253,"column":2},"end":{"line":253,"column":3}},"loc":{"start":{"line":253,"column":91},"end":{"line":283,"column":3}},"line":253},"27":{"name":"(anonymous_27)","decl":{"start":{"line":261,"column":109},"end":{"line":261,"column":110}},"loc":{"start":{"line":261,"column":119},"end":{"line":261,"column":147}},"line":261},"28":{"name":"(anonymous_28)","decl":{"start":{"line":262,"column":106},"end":{"line":262,"column":107}},"loc":{"start":{"line":262,"column":116},"end":{"line":262,"column":145}},"line":262},"29":{"name":"(anonymous_29)","decl":{"start":{"line":285,"column":2},"end":{"line":285,"column":3}},"loc":{"start":{"line":285,"column":52},"end":{"line":311,"column":3}},"line":285}},"branchMap":{"0":{"loc":{"start":{"line":15,"column":4},"end":{"line":67,"column":5}},"type":"if","locations":[{"start":{"line":15,"column":4},"end":{"line":67,"column":5}},{"start":{"line":65,"column":9},"end":{"line":67,"column":5}}],"line":15},"1":{"loc":{"start":{"line":18,"column":8},"end":{"line":20,"column":9}},"type":"if","locations":[{"start":{"line":18,"column":8},"end":{"line":20,"column":9}},{"start":{},"end":{}}],"line":18},"2":{"loc":{"start":{"line":24,"column":8},"end":{"line":30,"column":9}},"type":"if","locations":[{"start":{"line":24,"column":8},"end":{"line":30,"column":9}},{"start":{},"end":{}}],"line":24},"3":{"loc":{"start":{"line":27,"column":15},"end":{"line":27,"column":116}},"type":"cond-expr","locations":[{"start":{"line":27,"column":86},"end":{"line":27,"column":110}},{"start":{"line":27,"column":114},"end":{"line":27,"column":116}}],"line":27},"4":{"loc":{"start":{"line":27,"column":16},"end":{"line":27,"column":81}},"type":"binary-expr","locations":[{"start":{"line":27,"column":16},"end":{"line":27,"column":32}},{"start":{"line":27,"column":36},"end":{"line":27,"column":81}}],"line":27},"5":{"loc":{"start":{"line":28,"column":15},"end":{"line":28,"column":104}},"type":"cond-expr","locations":[{"start":{"line":28,"column":77},"end":{"line":28,"column":98}},{"start":{"line":28,"column":102},"end":{"line":28,"column":104}}],"line":28},"6":{"loc":{"start":{"line":28,"column":16},"end":{"line":28,"column":72}},"type":"binary-expr","locations":[{"start":{"line":28,"column":16},"end":{"line":28,"column":29}},{"start":{"line":28,"column":33},"end":{"line":28,"column":72}}],"line":28},"7":{"loc":{"start":{"line":34,"column":6},"end":{"line":35,"column":15}},"type":"if","locations":[{"start":{"line":34,"column":6},"end":{"line":35,"column":15}},{"start":{},"end":{}}],"line":34},"8":{"loc":{"start":{"line":50,"column":6},"end":{"line":63,"column":7}},"type":"if","locations":[{"start":{"line":50,"column":6},"end":{"line":63,"column":7}},{"start":{"line":58,"column":11},"end":{"line":63,"column":7}}],"line":50},"9":{"loc":{"start":{"line":58,"column":11},"end":{"line":63,"column":7}},"type":"if","locations":[{"start":{"line":58,"column":11},"end":{"line":63,"column":7}},{"start":{"line":61,"column":11},"end":{"line":63,"column":7}}],"line":58},"10":{"loc":{"start":{"line":81,"column":4},"end":{"line":87,"column":5}},"type":"if","locations":[{"start":{"line":81,"column":4},"end":{"line":87,"column":5}},{"start":{"line":85,"column":9},"end":{"line":87,"column":5}}],"line":81},"11":{"loc":{"start":{"line":93,"column":4},"end":{"line":121,"column":5}},"type":"if","locations":[{"start":{"line":93,"column":4},"end":{"line":121,"column":5}},{"start":{"line":119,"column":9},"end":{"line":121,"column":5}}],"line":93},"12":{"loc":{"start":{"line":104,"column":6},"end":{"line":117,"column":7}},"type":"if","locations":[{"start":{"line":104,"column":6},"end":{"line":117,"column":7}},{"start":{"line":115,"column":11},"end":{"line":117,"column":7}}],"line":104},"13":{"loc":{"start":{"line":108,"column":8},"end":{"line":113,"column":9}},"type":"if","locations":[{"start":{"line":108,"column":8},"end":{"line":113,"column":9}},{"start":{"line":111,"column":13},"end":{"line":113,"column":9}}],"line":108},"14":{"loc":{"start":{"line":111,"column":13},"end":{"line":113,"column":9}},"type":"if","locations":[{"start":{"line":111,"column":13},"end":{"line":113,"column":9}},{"start":{},"end":{}}],"line":111},"15":{"loc":{"start":{"line":139,"column":4},"end":{"line":145,"column":5}},"type":"if","locations":[{"start":{"line":139,"column":4},"end":{"line":145,"column":5}},{"start":{"line":143,"column":9},"end":{"line":145,"column":5}}],"line":139},"16":{"loc":{"start":{"line":152,"column":4},"end":{"line":181,"column":5}},"type":"if","locations":[{"start":{"line":152,"column":4},"end":{"line":181,"column":5}},{"start":{"line":167,"column":9},"end":{"line":181,"column":5}}],"line":152},"17":{"loc":{"start":{"line":153,"column":6},"end":{"line":165,"column":7}},"type":"if","locations":[{"start":{"line":153,"column":6},"end":{"line":165,"column":7}},{"start":{"line":158,"column":11},"end":{"line":165,"column":7}}],"line":153},"18":{"loc":{"start":{"line":167,"column":9},"end":{"line":181,"column":5}},"type":"if","locations":[{"start":{"line":167,"column":9},"end":{"line":181,"column":5}},{"start":{},"end":{}}],"line":167},"19":{"loc":{"start":{"line":168,"column":6},"end":{"line":180,"column":7}},"type":"if","locations":[{"start":{"line":168,"column":6},"end":{"line":180,"column":7}},{"start":{"line":174,"column":11},"end":{"line":180,"column":7}}],"line":168},"20":{"loc":{"start":{"line":187,"column":4},"end":{"line":246,"column":5}},"type":"if","locations":[{"start":{"line":187,"column":4},"end":{"line":246,"column":5}},{"start":{"line":244,"column":9},"end":{"line":246,"column":5}}],"line":187},"21":{"loc":{"start":{"line":207,"column":8},"end":{"line":218,"column":9}},"type":"if","locations":[{"start":{"line":207,"column":8},"end":{"line":218,"column":9}},{"start":{"line":211,"column":13},"end":{"line":218,"column":9}}],"line":207},"22":{"loc":{"start":{"line":211,"column":13},"end":{"line":218,"column":9}},"type":"if","locations":[{"start":{"line":211,"column":13},"end":{"line":218,"column":9}},{"start":{"line":215,"column":13},"end":{"line":218,"column":9}}],"line":211},"23":{"loc":{"start":{"line":224,"column":8},"end":{"line":226,"column":9}},"type":"if","locations":[{"start":{"line":224,"column":8},"end":{"line":226,"column":9}},{"start":{},"end":{}}],"line":224},"24":{"loc":{"start":{"line":255,"column":4},"end":{"line":282,"column":5}},"type":"if","locations":[{"start":{"line":255,"column":4},"end":{"line":282,"column":5}},{"start":{"line":280,"column":9},"end":{"line":282,"column":5}}],"line":255},"25":{"loc":{"start":{"line":261,"column":31},"end":{"line":261,"column":153}},"type":"cond-expr","locations":[{"start":{"line":261,"column":83},"end":{"line":261,"column":148}},{"start":{"line":261,"column":151},"end":{"line":261,"column":153}}],"line":261},"26":{"loc":{"start":{"line":261,"column":32},"end":{"line":261,"column":79}},"type":"binary-expr","locations":[{"start":{"line":261,"column":32},"end":{"line":261,"column":50}},{"start":{"line":261,"column":54},"end":{"line":261,"column":79}}],"line":261},"27":{"loc":{"start":{"line":262,"column":28},"end":{"line":262,"column":151}},"type":"cond-expr","locations":[{"start":{"line":262,"column":80},"end":{"line":262,"column":146}},{"start":{"line":262,"column":149},"end":{"line":262,"column":151}}],"line":262},"28":{"loc":{"start":{"line":262,"column":29},"end":{"line":262,"column":76}},"type":"binary-expr","locations":[{"start":{"line":262,"column":29},"end":{"line":262,"column":47}},{"start":{"line":262,"column":51},"end":{"line":262,"column":76}}],"line":262},"29":{"loc":{"start":{"line":271,"column":6},"end":{"line":278,"column":7}},"type":"if","locations":[{"start":{"line":271,"column":6},"end":{"line":278,"column":7}},{"start":{"line":276,"column":11},"end":{"line":278,"column":7}}],"line":271},"30":{"loc":{"start":{"line":287,"column":4},"end":{"line":310,"column":5}},"type":"if","locations":[{"start":{"line":287,"column":4},"end":{"line":310,"column":5}},{"start":{"line":308,"column":9},"end":{"line":310,"column":5}}],"line":287},"31":{"loc":{"start":{"line":301,"column":6},"end":{"line":306,"column":7}},"type":"if","locations":[{"start":{"line":301,"column":6},"end":{"line":306,"column":7}},{"start":{"line":304,"column":11},"end":{"line":306,"column":7}}],"line":301}},"s":{"0":0,"1":0,"2":0,"3":0,"4":0,"5":0,"6":0,"7":0,"8":0,"9":0,"10":0,"11":0,"12":0,"13":0,"14":0,"15":0,"16":0,"17":0,"18":0,"19":0,"20":0,"21":0,"22":0,"23":0,"24":0,"25":0,"26":0,"27":0,"28":0,"29":0,"30":0,"31":0,"32":0,"33":0,"34":0,"35":0,"36":0,"37":0,"38":0,"39":0,"40":0,"41":0,"42":0,"43":0,"44":0,"45":0,"46":0,"47":0,"48":0,"49":0,"50":0,"51":0,"52":0,"53":0,"54":0,"55":0,"56":0,"57":0,"58":0,"59":0,"60":0,"61":0,"62":0,"63":0,"64":0,"65":0,"66":0,"67":0,"68":0,"69":0,"70":0,"71":0,"72":0,"73":0,"74":0,"75":0,"76":0,"77":0,"78":0,"79":0,"80":0,"81":0,"82":0,"83":0,"84":0,"85":0,"86":0,"87":0,"88":0,"89":0,"90":0,"91":0,"92":0,"93":0,"94":0,"95":0,"96":0,"97":0,"98":0,"99":0,"100":0,"101":0,"102":0,"103":0,"104":0,"105":0,"106":0,"107":0,"108":0,"109":0,"110":0,"111":0,"112":0,"113":0,"114":0,"115":0,"116":0,"117":0,"118":0,"119":0,"120":0,"121":0,"122":0,"123":0,"124":0,"125":0,"126":0,"127":0,"128":0,"129":0,"130":0,"131":0,"132":0,"133":0,"134":0,"135":0,"136":0,"137":0,"138":0,"139":0,"140":0,"141":0,"142":0,"143":0,"144":0,"145":0,"146":0,"147":0,"148":0,"149":0,"150":0,"151":0,"152":0,"153":0,"154":0},"f":{"0":0,"1":0,"2":0,"3":0,"4":0,"5":0,"6":0,"7":0,"8":0,"9":0,"10":0,"11":0,"12":0,"13":0,"14":0,"15":0,"16":0,"17":0,"18":0,"19":0,"20":0,"21":0,"22":0,"23":0,"24":0,"25":0,"26":0,"27":0,"28":0,"29":0},"b":{"0":[0,0],"1":[0,0],"2":[0,0],"3":[0,0],"4":[0,0],"5":[0,0],"6":[0,0],"7":[0,0],"8":[0,0],"9":[0,0],"10":[0,0],"11":[0,0],"12":[0,0],"13":[0,0],"14":[0,0],"15":[0,0],"16":[0,0],"17":[0,0],"18":[0,0],"19":[0,0],"20":[0,0],"21":[0,0],"22":[0,0],"23":[0,0],"24":[0,0],"25":[0,0],"26":[0,0],"27":[0,0],"28":[0,0],"29":[0,0],"30":[0,0],"31":[0,0]},"inputSourceMap":null}
,"C:\\Users\\GIANLUCA\\Desktop\\philia_github\\Philia\\src\\actions\\SaloneActions.js": {"path":"C:\\Users\\GIANLUCA\\Desktop\\philia_github\\Philia\\src\\actions\\SaloneActions.js","statementMap":{"0":{"start":{"line":7,"column":4},"end":{"line":7,"column":39}},"1":{"start":{"line":11,"column":4},"end":{"line":11,"column":34}},"2":{"start":{"line":15,"column":4},"end":{"line":15,"column":23}},"3":{"start":{"line":16,"column":4},"end":{"line":16,"column":60}},"4":{"start":{"line":20,"column":4},"end":{"line":20,"column":23}},"5":{"start":{"line":21,"column":4},"end":{"line":21,"column":35}},"6":{"start":{"line":22,"column":4},"end":{"line":27,"column":5}},"7":{"start":{"line":23,"column":6},"end":{"line":23,"column":35}},"8":{"start":{"line":25,"column":9},"end":{"line":27,"column":5}},"9":{"start":{"line":26,"column":6},"end":{"line":26,"column":39}},"10":{"start":{"line":31,"column":4},"end":{"line":31,"column":68}}},"fnMap":{"0":{"name":"(anonymous_0)","decl":{"start":{"line":6,"column":2},"end":{"line":6,"column":3}},"loc":{"start":{"line":6,"column":16},"end":{"line":8,"column":3}},"line":6},"1":{"name":"(anonymous_1)","decl":{"start":{"line":10,"column":2},"end":{"line":10,"column":3}},"loc":{"start":{"line":10,"column":16},"end":{"line":12,"column":3}},"line":10},"2":{"name":"(anonymous_2)","decl":{"start":{"line":14,"column":2},"end":{"line":14,"column":3}},"loc":{"start":{"line":14,"column":51},"end":{"line":17,"column":3}},"line":14},"3":{"name":"(anonymous_3)","decl":{"start":{"line":19,"column":2},"end":{"line":19,"column":3}},"loc":{"start":{"line":19,"column":50},"end":{"line":28,"column":3}},"line":19},"4":{"name":"(anonymous_4)","decl":{"start":{"line":30,"column":2},"end":{"line":30,"column":3}},"loc":{"start":{"line":30,"column":50},"end":{"line":32,"column":3}},"line":30}},"branchMap":{"0":{"loc":{"start":{"line":22,"column":4},"end":{"line":27,"column":5}},"type":"if","locations":[{"start":{"line":22,"column":4},"end":{"line":27,"column":5}},{"start":{"line":25,"column":9},"end":{"line":27,"column":5}}],"line":22},"1":{"loc":{"start":{"line":25,"column":9},"end":{"line":27,"column":5}},"type":"if","locations":[{"start":{"line":25,"column":9},"end":{"line":27,"column":5}},{"start":{},"end":{}}],"line":25}},"s":{"0":0,"1":0,"2":0,"3":0,"4":0,"5":0,"6":0,"7":0,"8":0,"9":0,"10":0},"f":{"0":0,"1":0,"2":0,"3":0,"4":0},"b":{"0":[0,0],"1":[0,0]},"inputSourceMap":null}
,"C:\\Users\\GIANLUCA\\Desktop\\philia_github\\Philia\\src\\actions\\ServizioActions.js": {"path":"C:\\Users\\GIANLUCA\\Desktop\\philia_github\\Philia\\src\\actions\\ServizioActions.js","statementMap":{"0":{"start":{"line":9,"column":4},"end":{"line":9,"column":39}},"1":{"start":{"line":13,"column":4},"end":{"line":13,"column":23}},"2":{"start":{"line":14,"column":4},"end":{"line":48,"column":5}},"3":{"start":{"line":15,"column":6},"end":{"line":16,"column":15}},"4":{"start":{"line":16,"column":8},"end":{"line":16,"column":15}},"5":{"start":{"line":18,"column":6},"end":{"line":18,"column":60}},"6":{"start":{"line":19,"column":6},"end":{"line":19,"column":64}},"7":{"start":{"line":20,"column":6},"end":{"line":20,"column":60}},"8":{"start":{"line":21,"column":6},"end":{"line":21,"column":37}},"9":{"start":{"line":22,"column":6},"end":{"line":22,"column":64}},"10":{"start":{"line":24,"column":23},"end":{"line":30,"column":8}},"11":{"start":{"line":31,"column":6},"end":{"line":44,"column":7}},"12":{"start":{"line":32,"column":23},"end":{"line":32,"column":44}},"13":{"start":{"line":33,"column":8},"end":{"line":33,"column":37}},"14":{"start":{"line":34,"column":8},"end":{"line":34,"column":39}},"15":{"start":{"line":35,"column":8},"end":{"line":35,"column":47}},"16":{"start":{"line":36,"column":8},"end":{"line":36,"column":59}},"17":{"start":{"line":37,"column":8},"end":{"line":37,"column":68}},"18":{"start":{"line":39,"column":11},"end":{"line":44,"column":7}},"19":{"start":{"line":40,"column":8},"end":{"line":40,"column":49}},"20":{"start":{"line":43,"column":8},"end":{"line":43,"column":86}},"21":{"start":{"line":47,"column":6},"end":{"line":47,"column":38}},"22":{"start":{"line":52,"column":4},"end":{"line":52,"column":23}},"23":{"start":{"line":54,"column":21},"end":{"line":60,"column":6}},"24":{"start":{"line":62,"column":4},"end":{"line":68,"column":5}},"25":{"start":{"line":63,"column":21},"end":{"line":63,"column":42}},"26":{"start":{"line":64,"column":6},"end":{"line":64,"column":52}},"27":{"start":{"line":67,"column":6},"end":{"line":67,"column":73}},"28":{"start":{"line":75,"column":4},"end":{"line":104,"column":5}},"29":{"start":{"line":76,"column":6},"end":{"line":88,"column":7}},"30":{"start":{"line":77,"column":8},"end":{"line":77,"column":66}},"31":{"start":{"line":78,"column":8},"end":{"line":78,"column":92}},"32":{"start":{"line":78,"column":46},"end":{"line":78,"column":90}},"33":{"start":{"line":78,"column":71},"end":{"line":78,"column":89}},"34":{"start":{"line":79,"column":8},"end":{"line":79,"column":71}},"35":{"start":{"line":79,"column":43},"end":{"line":79,"column":69}},"36":{"start":{"line":82,"column":8},"end":{"line":82,"column":63}},"37":{"start":{"line":83,"column":8},"end":{"line":83,"column":66}},"38":{"start":{"line":84,"column":8},"end":{"line":84,"column":69}},"39":{"start":{"line":84,"column":46},"end":{"line":84,"column":67}},"40":{"start":{"line":85,"column":8},"end":{"line":85,"column":58}},"41":{"start":{"line":85,"column":43},"end":{"line":85,"column":56}},"42":{"start":{"line":86,"column":8},"end":{"line":86,"column":104}},"43":{"start":{"line":86,"column":50},"end":{"line":86,"column":102}},"44":{"start":{"line":86,"column":83},"end":{"line":86,"column":101}},"45":{"start":{"line":87,"column":8},"end":{"line":87,"column":72}},"46":{"start":{"line":87,"column":44},"end":{"line":87,"column":70}},"47":{"start":{"line":90,"column":9},"end":{"line":104,"column":5}},"48":{"start":{"line":91,"column":6},"end":{"line":103,"column":7}},"49":{"start":{"line":92,"column":8},"end":{"line":92,"column":63}},"50":{"start":{"line":93,"column":8},"end":{"line":93,"column":66}},"51":{"start":{"line":94,"column":8},"end":{"line":94,"column":104}},"52":{"start":{"line":94,"column":50},"end":{"line":94,"column":102}},"53":{"start":{"line":94,"column":83},"end":{"line":94,"column":101}},"54":{"start":{"line":95,"column":8},"end":{"line":95,"column":72}},"55":{"start":{"line":95,"column":44},"end":{"line":95,"column":70}},"56":{"start":{"line":98,"column":8},"end":{"line":98,"column":66}},"57":{"start":{"line":99,"column":8},"end":{"line":99,"column":81}},"58":{"start":{"line":99,"column":50},"end":{"line":99,"column":79}},"59":{"start":{"line":100,"column":8},"end":{"line":100,"column":59}},"60":{"start":{"line":100,"column":44},"end":{"line":100,"column":57}},"61":{"start":{"line":101,"column":8},"end":{"line":101,"column":92}},"62":{"start":{"line":101,"column":46},"end":{"line":101,"column":90}},"63":{"start":{"line":101,"column":71},"end":{"line":101,"column":89}},"64":{"start":{"line":102,"column":8},"end":{"line":102,"column":71}},"65":{"start":{"line":102,"column":43},"end":{"line":102,"column":69}},"66":{"start":{"line":108,"column":4},"end":{"line":108,"column":23}},"67":{"start":{"line":109,"column":4},"end":{"line":174,"column":5}},"68":{"start":{"line":110,"column":35},"end":{"line":110,"column":120}},"69":{"start":{"line":110,"column":77},"end":{"line":110,"column":119}},"70":{"start":{"line":111,"column":32},"end":{"line":111,"column":116}},"71":{"start":{"line":111,"column":74},"end":{"line":111,"column":115}},"72":{"start":{"line":113,"column":35},"end":{"line":113,"column":37}},"73":{"start":{"line":114,"column":32},"end":{"line":114,"column":34}},"74":{"start":{"line":115,"column":26},"end":{"line":115,"column":45}},"75":{"start":{"line":116,"column":6},"end":{"line":146,"column":7}},"76":{"start":{"line":116,"column":18},"end":{"line":116,"column":19}},"77":{"start":{"line":117,"column":21},"end":{"line":120,"column":9}},"78":{"start":{"line":121,"column":25},"end":{"line":127,"column":10}},"79":{"start":{"line":128,"column":8},"end":{"line":145,"column":9}},"80":{"start":{"line":129,"column":10},"end":{"line":129,"column":94}},"81":{"start":{"line":130,"column":10},"end":{"line":135,"column":11}},"82":{"start":{"line":131,"column":27},"end":{"line":131,"column":48}},"83":{"start":{"line":132,"column":32},"end":{"line":132,"column":61}},"84":{"start":{"line":133,"column":12},"end":{"line":133,"column":44}},"85":{"start":{"line":134,"column":12},"end":{"line":134,"column":63}},"86":{"start":{"line":136,"column":10},"end":{"line":136,"column":62}},"87":{"start":{"line":138,"column":13},"end":{"line":145,"column":9}},"88":{"start":{"line":139,"column":10},"end":{"line":139,"column":112}},"89":{"start":{"line":140,"column":10},"end":{"line":140,"column":65}},"90":{"start":{"line":143,"column":10},"end":{"line":143,"column":90}},"91":{"start":{"line":144,"column":10},"end":{"line":144,"column":65}},"92":{"start":{"line":148,"column":30},"end":{"line":148,"column":32}},"93":{"start":{"line":149,"column":6},"end":{"line":155,"column":7}},"94":{"start":{"line":149,"column":19},"end":{"line":149,"column":20}},"95":{"start":{"line":150,"column":33},"end":{"line":150,"column":65}},"96":{"start":{"line":151,"column":8},"end":{"line":153,"column":9}},"97":{"start":{"line":152,"column":10},"end":{"line":152,"column":48}},"98":{"start":{"line":154,"column":8},"end":{"line":154,"column":51}},"99":{"start":{"line":156,"column":6},"end":{"line":156,"column":57}},"100":{"start":{"line":158,"column":6},"end":{"line":161,"column":7}},"101":{"start":{"line":159,"column":8},"end":{"line":159,"column":33}},"102":{"start":{"line":160,"column":8},"end":{"line":160,"column":58}},"103":{"start":{"line":163,"column":6},"end":{"line":166,"column":7}},"104":{"start":{"line":164,"column":8},"end":{"line":164,"column":33}},"105":{"start":{"line":165,"column":8},"end":{"line":165,"column":54}},"106":{"start":{"line":168,"column":6},"end":{"line":168,"column":33}},"107":{"start":{"line":170,"column":6},"end":{"line":170,"column":27}},"108":{"start":{"line":173,"column":6},"end":{"line":173,"column":38}},"109":{"start":{"line":178,"column":4},"end":{"line":178,"column":80}},"110":{"start":{"line":182,"column":4},"end":{"line":182,"column":23}},"111":{"start":{"line":183,"column":4},"end":{"line":210,"column":5}},"112":{"start":{"line":184,"column":19},"end":{"line":187,"column":7}},"113":{"start":{"line":189,"column":31},"end":{"line":189,"column":166}},"114":{"start":{"line":189,"column":130},"end":{"line":189,"column":160}},"115":{"start":{"line":190,"column":28},"end":{"line":190,"column":164}},"116":{"start":{"line":190,"column":127},"end":{"line":190,"column":158}},"117":{"start":{"line":192,"column":23},"end":{"line":198,"column":8}},"118":{"start":{"line":199,"column":6},"end":{"line":206,"column":7}},"119":{"start":{"line":200,"column":8},"end":{"line":200,"column":55}},"120":{"start":{"line":201,"column":8},"end":{"line":201,"column":39}},"121":{"start":{"line":202,"column":8},"end":{"line":202,"column":55}},"122":{"start":{"line":205,"column":8},"end":{"line":205,"column":80}},"123":{"start":{"line":209,"column":6},"end":{"line":209,"column":39}},"124":{"start":{"line":214,"column":17},"end":{"line":218,"column":5}},"125":{"start":{"line":220,"column":21},"end":{"line":226,"column":6}},"126":{"start":{"line":228,"column":4},"end":{"line":234,"column":5}},"127":{"start":{"line":229,"column":21},"end":{"line":229,"column":42}},"128":{"start":{"line":230,"column":6},"end":{"line":230,"column":38}},"129":{"start":{"line":233,"column":6},"end":{"line":233,"column":87}}},"fnMap":{"0":{"name":"(anonymous_0)","decl":{"start":{"line":8,"column":2},"end":{"line":8,"column":3}},"loc":{"start":{"line":8,"column":16},"end":{"line":10,"column":3}},"line":8},"1":{"name":"(anonymous_1)","decl":{"start":{"line":12,"column":2},"end":{"line":12,"column":3}},"loc":{"start":{"line":12,"column":62},"end":{"line":49,"column":3}},"line":12},"2":{"name":"(anonymous_2)","decl":{"start":{"line":51,"column":2},"end":{"line":51,"column":3}},"loc":{"start":{"line":51,"column":39},"end":{"line":69,"column":3}},"line":51},"3":{"name":"(anonymous_3)","decl":{"start":{"line":71,"column":2},"end":{"line":71,"column":3}},"loc":{"start":{"line":74,"column":4},"end":{"line":105,"column":3}},"line":74},"4":{"name":"(anonymous_4)","decl":{"start":{"line":78,"column":35},"end":{"line":78,"column":36}},"loc":{"start":{"line":78,"column":46},"end":{"line":78,"column":90}},"line":78},"5":{"name":"(anonymous_5)","decl":{"start":{"line":78,"column":61},"end":{"line":78,"column":62}},"loc":{"start":{"line":78,"column":71},"end":{"line":78,"column":89}},"line":78},"6":{"name":"(anonymous_6)","decl":{"start":{"line":79,"column":30},"end":{"line":79,"column":31}},"loc":{"start":{"line":79,"column":43},"end":{"line":79,"column":69}},"line":79},"7":{"name":"(anonymous_7)","decl":{"start":{"line":84,"column":35},"end":{"line":84,"column":36}},"loc":{"start":{"line":84,"column":46},"end":{"line":84,"column":67}},"line":84},"8":{"name":"(anonymous_8)","decl":{"start":{"line":85,"column":30},"end":{"line":85,"column":31}},"loc":{"start":{"line":85,"column":43},"end":{"line":85,"column":56}},"line":85},"9":{"name":"(anonymous_9)","decl":{"start":{"line":86,"column":31},"end":{"line":86,"column":32}},"loc":{"start":{"line":86,"column":50},"end":{"line":86,"column":102}},"line":86},"10":{"name":"(anonymous_10)","decl":{"start":{"line":86,"column":73},"end":{"line":86,"column":74}},"loc":{"start":{"line":86,"column":83},"end":{"line":86,"column":101}},"line":86},"11":{"name":"(anonymous_11)","decl":{"start":{"line":87,"column":31},"end":{"line":87,"column":32}},"loc":{"start":{"line":87,"column":44},"end":{"line":87,"column":70}},"line":87},"12":{"name":"(anonymous_12)","decl":{"start":{"line":94,"column":31},"end":{"line":94,"column":32}},"loc":{"start":{"line":94,"column":50},"end":{"line":94,"column":102}},"line":94},"13":{"name":"(anonymous_13)","decl":{"start":{"line":94,"column":73},"end":{"line":94,"column":74}},"loc":{"start":{"line":94,"column":83},"end":{"line":94,"column":101}},"line":94},"14":{"name":"(anonymous_14)","decl":{"start":{"line":95,"column":31},"end":{"line":95,"column":32}},"loc":{"start":{"line":95,"column":44},"end":{"line":95,"column":70}},"line":95},"15":{"name":"(anonymous_15)","decl":{"start":{"line":99,"column":31},"end":{"line":99,"column":32}},"loc":{"start":{"line":99,"column":50},"end":{"line":99,"column":79}},"line":99},"16":{"name":"(anonymous_16)","decl":{"start":{"line":100,"column":31},"end":{"line":100,"column":32}},"loc":{"start":{"line":100,"column":44},"end":{"line":100,"column":57}},"line":100},"17":{"name":"(anonymous_17)","decl":{"start":{"line":101,"column":35},"end":{"line":101,"column":36}},"loc":{"start":{"line":101,"column":46},"end":{"line":101,"column":90}},"line":101},"18":{"name":"(anonymous_18)","decl":{"start":{"line":101,"column":61},"end":{"line":101,"column":62}},"loc":{"start":{"line":101,"column":71},"end":{"line":101,"column":89}},"line":101},"19":{"name":"(anonymous_19)","decl":{"start":{"line":102,"column":30},"end":{"line":102,"column":31}},"loc":{"start":{"line":102,"column":43},"end":{"line":102,"column":69}},"line":102},"20":{"name":"(anonymous_20)","decl":{"start":{"line":107,"column":2},"end":{"line":107,"column":3}},"loc":{"start":{"line":107,"column":88},"end":{"line":175,"column":3}},"line":107},"21":{"name":"(anonymous_21)","decl":{"start":{"line":110,"column":65},"end":{"line":110,"column":66}},"loc":{"start":{"line":110,"column":77},"end":{"line":110,"column":119}},"line":110},"22":{"name":"(anonymous_22)","decl":{"start":{"line":111,"column":62},"end":{"line":111,"column":63}},"loc":{"start":{"line":111,"column":74},"end":{"line":111,"column":115}},"line":111},"23":{"name":"(anonymous_23)","decl":{"start":{"line":177,"column":2},"end":{"line":177,"column":3}},"loc":{"start":{"line":177,"column":62},"end":{"line":179,"column":3}},"line":177},"24":{"name":"(anonymous_24)","decl":{"start":{"line":181,"column":2},"end":{"line":181,"column":3}},"loc":{"start":{"line":181,"column":94},"end":{"line":211,"column":3}},"line":181},"25":{"name":"(anonymous_25)","decl":{"start":{"line":189,"column":118},"end":{"line":189,"column":119}},"loc":{"start":{"line":189,"column":130},"end":{"line":189,"column":160}},"line":189},"26":{"name":"(anonymous_26)","decl":{"start":{"line":190,"column":115},"end":{"line":190,"column":116}},"loc":{"start":{"line":190,"column":127},"end":{"line":190,"column":158}},"line":190},"27":{"name":"(anonymous_27)","decl":{"start":{"line":213,"column":2},"end":{"line":213,"column":3}},"loc":{"start":{"line":213,"column":67},"end":{"line":235,"column":3}},"line":213}},"branchMap":{"0":{"loc":{"start":{"line":14,"column":4},"end":{"line":48,"column":5}},"type":"if","locations":[{"start":{"line":14,"column":4},"end":{"line":48,"column":5}},{"start":{"line":46,"column":9},"end":{"line":48,"column":5}}],"line":14},"1":{"loc":{"start":{"line":15,"column":6},"end":{"line":16,"column":15}},"type":"if","locations":[{"start":{"line":15,"column":6},"end":{"line":16,"column":15}},{"start":{},"end":{}}],"line":15},"2":{"loc":{"start":{"line":31,"column":6},"end":{"line":44,"column":7}},"type":"if","locations":[{"start":{"line":31,"column":6},"end":{"line":44,"column":7}},{"start":{"line":39,"column":11},"end":{"line":44,"column":7}}],"line":31},"3":{"loc":{"start":{"line":39,"column":11},"end":{"line":44,"column":7}},"type":"if","locations":[{"start":{"line":39,"column":11},"end":{"line":44,"column":7}},{"start":{"line":42,"column":11},"end":{"line":44,"column":7}}],"line":39},"4":{"loc":{"start":{"line":62,"column":4},"end":{"line":68,"column":5}},"type":"if","locations":[{"start":{"line":62,"column":4},"end":{"line":68,"column":5}},{"start":{"line":66,"column":9},"end":{"line":68,"column":5}}],"line":62},"5":{"loc":{"start":{"line":75,"column":4},"end":{"line":104,"column":5}},"type":"if","locations":[{"start":{"line":75,"column":4},"end":{"line":104,"column":5}},{"start":{"line":90,"column":9},"end":{"line":104,"column":5}}],"line":75},"6":{"loc":{"start":{"line":76,"column":6},"end":{"line":88,"column":7}},"type":"if","locations":[{"start":{"line":76,"column":6},"end":{"line":88,"column":7}},{"start":{"line":81,"column":11},"end":{"line":88,"column":7}}],"line":76},"7":{"loc":{"start":{"line":90,"column":9},"end":{"line":104,"column":5}},"type":"if","locations":[{"start":{"line":90,"column":9},"end":{"line":104,"column":5}},{"start":{},"end":{}}],"line":90},"8":{"loc":{"start":{"line":91,"column":6},"end":{"line":103,"column":7}},"type":"if","locations":[{"start":{"line":91,"column":6},"end":{"line":103,"column":7}},{"start":{"line":97,"column":11},"end":{"line":103,"column":7}}],"line":91},"9":{"loc":{"start":{"line":109,"column":4},"end":{"line":174,"column":5}},"type":"if","locations":[{"start":{"line":109,"column":4},"end":{"line":174,"column":5}},{"start":{"line":172,"column":9},"end":{"line":174,"column":5}}],"line":109},"10":{"loc":{"start":{"line":128,"column":8},"end":{"line":145,"column":9}},"type":"if","locations":[{"start":{"line":128,"column":8},"end":{"line":145,"column":9}},{"start":{"line":138,"column":13},"end":{"line":145,"column":9}}],"line":128},"11":{"loc":{"start":{"line":130,"column":10},"end":{"line":135,"column":11}},"type":"if","locations":[{"start":{"line":130,"column":10},"end":{"line":135,"column":11}},{"start":{},"end":{}}],"line":130},"12":{"loc":{"start":{"line":138,"column":13},"end":{"line":145,"column":9}},"type":"if","locations":[{"start":{"line":138,"column":13},"end":{"line":145,"column":9}},{"start":{"line":142,"column":13},"end":{"line":145,"column":9}}],"line":138},"13":{"loc":{"start":{"line":151,"column":8},"end":{"line":153,"column":9}},"type":"if","locations":[{"start":{"line":151,"column":8},"end":{"line":153,"column":9}},{"start":{},"end":{}}],"line":151},"14":{"loc":{"start":{"line":183,"column":4},"end":{"line":210,"column":5}},"type":"if","locations":[{"start":{"line":183,"column":4},"end":{"line":210,"column":5}},{"start":{"line":208,"column":9},"end":{"line":210,"column":5}}],"line":183},"15":{"loc":{"start":{"line":189,"column":31},"end":{"line":189,"column":166}},"type":"cond-expr","locations":[{"start":{"line":189,"column":89},"end":{"line":189,"column":161}},{"start":{"line":189,"column":164},"end":{"line":189,"column":166}}],"line":189},"16":{"loc":{"start":{"line":189,"column":32},"end":{"line":189,"column":85}},"type":"binary-expr","locations":[{"start":{"line":189,"column":32},"end":{"line":189,"column":53}},{"start":{"line":189,"column":57},"end":{"line":189,"column":85}}],"line":189},"17":{"loc":{"start":{"line":190,"column":28},"end":{"line":190,"column":164}},"type":"cond-expr","locations":[{"start":{"line":190,"column":86},"end":{"line":190,"column":159}},{"start":{"line":190,"column":162},"end":{"line":190,"column":164}}],"line":190},"18":{"loc":{"start":{"line":190,"column":29},"end":{"line":190,"column":82}},"type":"binary-expr","locations":[{"start":{"line":190,"column":29},"end":{"line":190,"column":50}},{"start":{"line":190,"column":54},"end":{"line":190,"column":82}}],"line":190},"19":{"loc":{"start":{"line":199,"column":6},"end":{"line":206,"column":7}},"type":"if","locations":[{"start":{"line":199,"column":6},"end":{"line":206,"column":7}},{"start":{"line":204,"column":11},"end":{"line":206,"column":7}}],"line":199},"20":{"loc":{"start":{"line":228,"column":4},"end":{"line":234,"column":5}},"type":"if","locations":[{"start":{"line":228,"column":4},"end":{"line":234,"column":5}},{"start":{"line":232,"column":9},"end":{"line":234,"column":5}}],"line":228}},"s":{"0":0,"1":0,"2":0,"3":0,"4":0,"5":0,"6":0,"7":0,"8":0,"9":0,"10":0,"11":0,"12":0,"13":0,"14":0,"15":0,"16":0,"17":0,"18":0,"19":0,"20":0,"21":0,"22":0,"23":0,"24":0,"25":0,"26":0,"27":0,"28":0,"29":0,"30":0,"31":0,"32":0,"33":0,"34":0,"35":0,"36":0,"37":0,"38":0,"39":0,"40":0,"41":0,"42":0,"43":0,"44":0,"45":0,"46":0,"47":0,"48":0,"49":0,"50":0,"51":0,"52":0,"53":0,"54":0,"55":0,"56":0,"57":0,"58":0,"59":0,"60":0,"61":0,"62":0,"63":0,"64":0,"65":0,"66":0,"67":0,"68":0,"69":0,"70":0,"71":0,"72":0,"73":0,"74":0,"75":0,"76":0,"77":0,"78":0,"79":0,"80":0,"81":0,"82":0,"83":0,"84":0,"85":0,"86":0,"87":0,"88":0,"89":0,"90":0,"91":0,"92":0,"93":0,"94":0,"95":0,"96":0,"97":0,"98":0,"99":0,"100":0,"101":0,"102":0,"103":0,"104":0,"105":0,"106":0,"107":0,"108":0,"109":0,"110":0,"111":0,"112":0,"113":0,"114":0,"115":0,"116":0,"117":0,"118":0,"119":0,"120":0,"121":0,"122":0,"123":0,"124":0,"125":0,"126":0,"127":0,"128":0,"129":0},"f":{"0":0,"1":0,"2":0,"3":0,"4":0,"5":0,"6":0,"7":0,"8":0,"9":0,"10":0,"11":0,"12":0,"13":0,"14":0,"15":0,"16":0,"17":0,"18":0,"19":0,"20":0,"21":0,"22":0,"23":0,"24":0,"25":0,"26":0,"27":0},"b":{"0":[0,0],"1":[0,0],"2":[0,0],"3":[0,0],"4":[0,0],"5":[0,0],"6":[0,0],"7":[0,0],"8":[0,0],"9":[0,0],"10":[0,0],"11":[0,0],"12":[0,0],"13":[0,0],"14":[0,0],"15":[0,0],"16":[0,0],"17":[0,0],"18":[0,0],"19":[0,0],"20":[0,0]},"inputSourceMap":null}
,"C:\\Users\\GIANLUCA\\Desktop\\philia_github\\Philia\\src\\actions\\SpesaActions.js": {"path":"C:\\Users\\GIANLUCA\\Desktop\\philia_github\\Philia\\src\\actions\\SpesaActions.js","statementMap":{"0":{"start":{"line":10,"column":4},"end":{"line":10,"column":39}},"1":{"start":{"line":14,"column":4},"end":{"line":14,"column":23}},"2":{"start":{"line":15,"column":4},"end":{"line":48,"column":5}},"3":{"start":{"line":16,"column":6},"end":{"line":17,"column":15}},"4":{"start":{"line":17,"column":8},"end":{"line":17,"column":15}},"5":{"start":{"line":19,"column":6},"end":{"line":19,"column":54}},"6":{"start":{"line":20,"column":6},"end":{"line":20,"column":68}},"7":{"start":{"line":21,"column":6},"end":{"line":21,"column":58}},"8":{"start":{"line":22,"column":6},"end":{"line":22,"column":58}},"9":{"start":{"line":23,"column":6},"end":{"line":23,"column":54}},"10":{"start":{"line":25,"column":23},"end":{"line":31,"column":8}},"11":{"start":{"line":33,"column":6},"end":{"line":44,"column":7}},"12":{"start":{"line":34,"column":23},"end":{"line":34,"column":44}},"13":{"start":{"line":35,"column":8},"end":{"line":35,"column":34}},"14":{"start":{"line":36,"column":8},"end":{"line":36,"column":53}},"15":{"start":{"line":37,"column":8},"end":{"line":37,"column":67}},"16":{"start":{"line":39,"column":11},"end":{"line":44,"column":7}},"17":{"start":{"line":40,"column":8},"end":{"line":40,"column":46}},"18":{"start":{"line":43,"column":8},"end":{"line":43,"column":85}},"19":{"start":{"line":47,"column":6},"end":{"line":47,"column":38}},"20":{"start":{"line":52,"column":4},"end":{"line":52,"column":23}},"21":{"start":{"line":54,"column":4},"end":{"line":74,"column":5}},"22":{"start":{"line":55,"column":23},"end":{"line":61,"column":8}},"23":{"start":{"line":63,"column":6},"end":{"line":69,"column":7}},"24":{"start":{"line":64,"column":23},"end":{"line":64,"column":44}},"25":{"start":{"line":65,"column":8},"end":{"line":65,"column":52}},"26":{"start":{"line":68,"column":8},"end":{"line":68,"column":75}},"27":{"start":{"line":72,"column":6},"end":{"line":72,"column":38}},"28":{"start":{"line":73,"column":6},"end":{"line":73,"column":73}},"29":{"start":{"line":78,"column":4},"end":{"line":78,"column":23}},"30":{"start":{"line":80,"column":4},"end":{"line":108,"column":5}},"31":{"start":{"line":81,"column":6},"end":{"line":81,"column":28}},"32":{"start":{"line":83,"column":23},"end":{"line":89,"column":8}},"33":{"start":{"line":91,"column":6},"end":{"line":104,"column":7}},"34":{"start":{"line":92,"column":23},"end":{"line":92,"column":44}},"35":{"start":{"line":93,"column":8},"end":{"line":93,"column":31}},"36":{"start":{"line":95,"column":8},"end":{"line":100,"column":9}},"37":{"start":{"line":96,"column":10},"end":{"line":96,"column":36}},"38":{"start":{"line":98,"column":13},"end":{"line":100,"column":9}},"39":{"start":{"line":99,"column":10},"end":{"line":99,"column":38}},"40":{"start":{"line":103,"column":8},"end":{"line":103,"column":75}},"41":{"start":{"line":107,"column":6},"end":{"line":107,"column":37}},"42":{"start":{"line":112,"column":17},"end":{"line":116,"column":5}},"43":{"start":{"line":118,"column":21},"end":{"line":124,"column":6}},"44":{"start":{"line":126,"column":4},"end":{"line":132,"column":5}},"45":{"start":{"line":127,"column":21},"end":{"line":127,"column":42}},"46":{"start":{"line":128,"column":6},"end":{"line":128,"column":35}},"47":{"start":{"line":131,"column":6},"end":{"line":131,"column":86}},"48":{"start":{"line":139,"column":4},"end":{"line":168,"column":5}},"49":{"start":{"line":140,"column":6},"end":{"line":152,"column":7}},"50":{"start":{"line":141,"column":8},"end":{"line":141,"column":63}},"51":{"start":{"line":142,"column":8},"end":{"line":142,"column":92}},"52":{"start":{"line":142,"column":46},"end":{"line":142,"column":90}},"53":{"start":{"line":142,"column":71},"end":{"line":142,"column":89}},"54":{"start":{"line":143,"column":8},"end":{"line":143,"column":71}},"55":{"start":{"line":143,"column":43},"end":{"line":143,"column":69}},"56":{"start":{"line":146,"column":8},"end":{"line":146,"column":60}},"57":{"start":{"line":147,"column":8},"end":{"line":147,"column":63}},"58":{"start":{"line":148,"column":8},"end":{"line":148,"column":69}},"59":{"start":{"line":148,"column":46},"end":{"line":148,"column":67}},"60":{"start":{"line":149,"column":8},"end":{"line":149,"column":58}},"61":{"start":{"line":149,"column":43},"end":{"line":149,"column":56}},"62":{"start":{"line":150,"column":8},"end":{"line":150,"column":104}},"63":{"start":{"line":150,"column":50},"end":{"line":150,"column":102}},"64":{"start":{"line":150,"column":83},"end":{"line":150,"column":101}},"65":{"start":{"line":151,"column":8},"end":{"line":151,"column":72}},"66":{"start":{"line":151,"column":44},"end":{"line":151,"column":70}},"67":{"start":{"line":154,"column":9},"end":{"line":168,"column":5}},"68":{"start":{"line":155,"column":6},"end":{"line":167,"column":7}},"69":{"start":{"line":156,"column":8},"end":{"line":156,"column":60}},"70":{"start":{"line":157,"column":8},"end":{"line":157,"column":63}},"71":{"start":{"line":158,"column":8},"end":{"line":158,"column":104}},"72":{"start":{"line":158,"column":50},"end":{"line":158,"column":102}},"73":{"start":{"line":158,"column":83},"end":{"line":158,"column":101}},"74":{"start":{"line":159,"column":8},"end":{"line":159,"column":72}},"75":{"start":{"line":159,"column":44},"end":{"line":159,"column":70}},"76":{"start":{"line":162,"column":8},"end":{"line":162,"column":63}},"77":{"start":{"line":163,"column":8},"end":{"line":163,"column":81}},"78":{"start":{"line":163,"column":50},"end":{"line":163,"column":79}},"79":{"start":{"line":164,"column":8},"end":{"line":164,"column":59}},"80":{"start":{"line":164,"column":44},"end":{"line":164,"column":57}},"81":{"start":{"line":165,"column":8},"end":{"line":165,"column":92}},"82":{"start":{"line":165,"column":46},"end":{"line":165,"column":90}},"83":{"start":
[...]
js": {"path":"C:\\Users\\GIANLUCA\\Desktop\\philia_github\\Philia\\src\\view\\forms\\LavoroForms.js","statementMap":{"0":{"start":{"line":7,"column":24},"end":{"line":7,"column":36}},"1":{"start":{"line":8,"column":26},"end":{"line":8,"column":41}},"2":{"start":{"line":9,"column":28},"end":{"line":9,"column":40}},"3":{"start":{"line":10,"column":16},"end":{"line":10,"column":22}},"4":{"start":{"line":17,"column":4},"end":{"line":32,"column":6}},"5":{"start":{"line":36,"column":4},"end":{"line":49,"column":6}},"6":{"start":{"line":53,"column":32},"end":{"line":59,"column":6}},"7":{"start":{"line":61,"column":4},"end":{"line":63,"column":15}},"8":{"start":{"line":62,"column":6},"end":{"line":62,"column":39}},"9":{"start":{"line":65,"column":4},"end":{"line":81,"column":6}},"10":{"start":{"line":85,"column":4},"end":{"line":98,"column":6}}},"fnMap":{"0":{"name":"(anonymous_0)","decl":{"start":{"line":12,"column":2},"end":{"line":12,"column":3}},"loc":{"start":{"line":12,"column":16},"end":{"line":14,"column":3}},"line":12},"1":{"name":"(anonymous_1)","decl":{"start":{"line":16,"column":2},"end":{"line":16,"column":3}},"loc":{"start":{"line":16,"column":91},"end":{"line":33,"column":3}},"line":16},"2":{"name":"(anonymous_2)","decl":{"start":{"line":35,"column":2},"end":{"line":35,"column":3}},"loc":{"start":{"line":35,"column":75},"end":{"line":50,"column":3}},"line":35},"3":{"name":"(anonymous_3)","decl":{"start":{"line":52,"column":2},"end":{"line":52,"column":3}},"loc":{"start":{"line":52,"column":86},"end":{"line":82,"column":3}},"line":52},"4":{"name":"(anonymous_4)","decl":{"start":{"line":61,"column":14},"end":{"line":61,"column":15}},"loc":{"start":{"line":61,"column":20},"end":{"line":63,"column":5}},"line":61},"5":{"name":"(anonymous_5)","decl":{"start":{"line":84,"column":2},"end":{"line":84,"column":3}},"loc":{"start":{"line":84,"column":66},"end":{"line":99,"column":3}},"line":84}},"branchMap":{},"s":{"0":0,"1":0,"2":0,"3":0,"4":0,"5":0,"6":0,"7":0,"8":0,"9":0,"10":0},"f":{"0":0,"1":0,"2":0,"3":0,"4":0,"5":0},"b":{},"inputSourceMap":null}
,"C:\\Users\\GIANLUCA\\Desktop\\philia_github\\Philia\\src\\view\\forms\\OperazioniForms.js": {"path":"C:\\Users\\GIANLUCA\\Desktop\\philia_github\\Philia\\src\\view\\forms\\OperazioniForms.js","statementMap":{"0":{"start":{"line":2,"column":22},"end":{"line":80,"column":3}},"1":{"start":{"line":3,"column":4},"end":{"line":3,"column":23}},"2":{"start":{"line":4,"column":32},"end":{"line":4,"column":40}},"3":{"start":{"line":5,"column":4},"end":{"line":5,"column":20}},"4":{"start":{"line":7,"column":23},"end":{"line":7,"column":27}},"5":{"start":{"line":8,"column":4},"end":{"line":72,"column":5}},"6":{"start":{"line":9,"column":6},"end":{"line":13,"column":10}},"7":{"start":{"line":9,"column":28},"end":{"line":13,"column":7}},"8":{"start":{"line":14,"column":6},"end":{"line":14,"column":27}},"9":{"start":{"line":16,"column":9},"end":{"line":72,"column":5}},"10":{"start":{"line":17,"column":6},"end":{"line":17,"column":26}},"11":{"start":{"line":19,"column":9},"end":{"line":72,"column":5}},"12":{"start":{"line":20,"column":6},"end":{"line":22,"column":7}},"13":{"start":{"line":21,"column":8},"end":{"line":21,"column":29}},"14":{"start":{"line":24,"column":9},"end":{"line":72,"column":5}},"15":{"start":{"line":25,"column":6},"end":{"line":27,"column":7}},"16":{"start":{"line":26,"column":8},"end":{"line":26,"column":29}},"17":{"start":{"line":29,"column":9},"end":{"line":72,"column":5}},"18":{"start":{"line":30,"column":6},"end":{"line":32,"column":7}},"19":{"start":{"line":31,"column":8},"end":{"line":31,"column":29}},"20":{"start":{"line":34,"column":9},"end":{"line":72,"column":5}},"21":{"start":{"line":35,"column":6},"end":{"line":37,"column":7}},"22":{"start":{"line":36,"column":8},"end":{"line":36,"column":29}},"23":{"start":{"line":39,"column":9},"end":{"line":72,"column":5}},"24":{"start":{"line":40,"column":6},"end":{"line":42,"column":7}},"25":{"start":{"line":41,"column":8},"end":{"line":41,"column":29}},"26":{"start":{"line":44,"column":9},"end":{"line":72,"column":5}},"27":{"start":{"line":45,"column":24},"end":{"line":45,"column":76}},"28":{"start":{"line":46,"column":6},"end":{"line":48,"column":7}},"29":{"start":{"line":47,"column":8},"end":{"line":47,"column":29}},"30":{"start":{"line":50,"column":9},"end":{"line":72,"column":5}},"31":{"start":{"line":51,"column":6},"end":{"line":53,"column":7}},"32":{"start":{"line":52,"column":8},"end":{"line":52,"column":29}},"33":{"start":{"line":55,"column":9},"end":{"line":72,"column":5}},"34":{"start":{"line":56,"column":6},"end":{"line":61,"column":7}},"35":{"start":{"line":57,"column":8},"end":{"line":57,"column":28}},"36":{"start":{"line":59,"column":11},"end":{"line":61,"column":7}},"37":{"start":{"line":60,"column":8},"end":{"line":60,"column":29}},"38":{"start":{"line":63,"column":9},"end":{"line":72,"column":5}},"39":{"start":{"line":64,"column":6},"end":{"line":66,"column":7}},"40":{"start":{"line":65,"column":8},"end":{"line":65,"column":29}},"41":{"start":{"line":68,"column":9},"end":{"line":72,"column":5}},"42":{"start":{"line":69,"column":6},"end":{"line":71,"column":7}},"43":{"start":{"line":70,"column":8},"end":{"line":70,"column":29}},"44":{"start":{"line":74,"column":4},"end":{"line":79,"column":5}},"45":{"start":{"line":75,"column":6},"end":{"line":78,"column":10}},"46":{"start":{"line":75,"column":28},"end":{"line":78,"column":7}},"47":{"start":{"line":82,"column":21},"end":{"line":100,"column":3}},"48":{"start":{"line":83,"column":4},"end":{"line":90,"column":5}},"49":{"start":{"line":89,"column":6},"end":{"line":89,"column":29}},"50":{"start":{"line":91,"column":4},"end":{"line":99,"column":5}},"51":{"start":{"line":95,"column":6},"end":{"line":98,"column":10}},"52":{"start":{"line":95,"column":28},"end":{"line":98,"column":7}},"53":{"start":{"line":102,"column":20},"end":{"line":119,"column":3}},"54":{"start":{"line":103,"column":4},"end":{"line":110,"column":5}},"55":{"start":{"line":109,"column":6},"end":{"line":109,"column":58}},"56":{"start":{"line":111,"column":4},"end":{"line":118,"column":5}},"57":{"start":{"line":114,"column":6},"end":{"line":117,"column":10}},"58":{"start":{"line":114,"column":28},"end":{"line":117,"column":7}}},"fnMap":{"0":{"name":"(anonymous_0)","decl":{"start":{"line":2,"column":22},"end":{"line":2,"column":23}},"loc":{"start":{"line":2,"column":38},"end":{"line":80,"column":3}},"line":2},"1":{"name":"(anonymous_1)","decl":{"start":{"line":9,"column":14},"end":{"line":9,"column":15}},"loc":{"start":{"line":9,"column":28},"end":{"line":13,"column":7}},"line":9},"2":{"name":"(anonymous_2)","decl":{"start":{"line":75,"column":14},"end":{"line":75,"column":15}},"loc":{"start":{"line":75,"column":28},"end":{"line":78,"column":7}},"line":75},"3":{"name":"(anonymous_3)","decl":{"start":{"line":82,"column":21},"end":{"line":82,"column":22}},"loc":{"start":{"line":82,"column":37},"end":{"line":100,"column":3}},"line":82},"4":{"name":"(anonymous_4)","decl":{"start":{"line":95,"column":14},"end":{"line":95,"column":15}},"loc":{"start":{"line":95,"column":28},"end":{"line":98,"column":7}},"line":95},"5":{"name":"(anonymous_5)","decl":{"start":{"line":102,"column":20},"end":{"line":102,"column":21}},"loc":{"start":{"line":102,"column":36},"end":{"line":119,"column":3}},"line":102},"6":{"name":"(anonymous_6)","decl":{"start":{"line":114,"column":14},"end":{"line":114,"column":15}},"loc":{"start":{"line":114,"column":28},"end":{"line":117,"column":7}},"line":114}},"branchMap":{"0":{"loc":{"start":{"line":8,"column":4},"end":{"line":72,"column":5}},"type":"if","locations":[{"start":{"line":8,"column":4},"end":{"line":72,"column":5}},{"start":{"line":16,"column":9},"end":{"line":72,"column":5}}],"line":8},"1":{"loc":{"start":{"line":16,"column":9},"end":{"line":72,"column":5}},"type":"if","locations":[{"start":{"line":16,"column":9},"end":{"line":72,"column":5}},{"start":{"line":19,"column":9},"end":{"line":72,"column":5}}],"line":16},"2":{"loc":{"start":{"line":19,"column":9},"end":{"line":72,"column":5}},"type":"if","locations":[{"start":{"line":19,"column":9},"end":{"line":72,"column":5}},{"start":{"line":24,"column":9},"end":{"line":72,"column":5}}],"line":19},"3":{"loc":{"start":{"line":20,"column":6},"end":{"line":22,"column":7}},"type":"if","locations":[{"start":{"line":20,"column":6},"end":{"line":22,"column":7}},{"start":{},"end":{}}],"line":20},"4":{"loc":{"start":{"line":24,"column":9},"end":{"line":72,"column":5}},"type":"if","locations":[{"start":{"line":24,"column":9},"end":{"line":72,"column":5}},{"start":{"line":29,"column":9},"end":{"line":72,"column":5}}],"line":24},"5":{"loc":{"start":{"line":25,"column":6},"end":{"line":27,"column":7}},"type":"if","locations":[{"start":{"line":25,"column":6},"end":{"line":27,"column":7}},{"start":{},"end":{}}],"line":25},"6":{"loc":{"start":{"line":29,"column":9},"end":{"line":72,"column":5}},"type":"if","locations":[{"start":{"line":29,"column":9},"end":{"line":72,"column":5}},{"start":{"line":34,"column":9},"end":{"line":72,"column":5}}],"line":29},"7":{"loc":{"start":{"line":30,"column":6},"end":{"line":32,"column":7}},"type":"if","locations":[{"start":{"line":30,"column":6},"end":{"line":32,"column":7}},{"start":{},"end":{}}],"line":30},"8":{"loc":{"start":{"line":34,"column":9},"end":{"line":72,"column":5}},"type":"if","locations":[{"start":{"line":34,"column":9},"end":{"line":72,"column":5}},{"start":{"line":39,"column":9},"end":{"line":72,"column":5}}],"line":34},"9":{"loc":{"start":{"line":35,"column":6},"end":{"line":37,"column":7}},"type":"if","locations":[{"start":{"line":35,"column":6},"end":{"line":37,"column":7}},{"start":{},"end":{}}],"line":35},"10":{"loc":{"start":{"line":39,"column":9},"end":{"line":72,"column":5}},"type":"if","locations":[{"start":{"line":39,"column":9},"end":{"line":72,"column":5}},{"start":{"line":44,"column":9},"end":{"line":72,"column":5}}],"line":39},"11":{"loc":{"start":{"line":40,"column":6},"end":{"line":42,"column":7}},"type":"if","locations":[{"start":{"line":40,"column":6},"end":{"line":42,"column":7}},{"start":{},"end":{}}],"line":40},"12":{"loc":{"start":{"line":44,"column":9},"end":{"line":72,"column":5}},"type":"if","locations":[{"start":{"line":44,"column":9},"end":{"line":72,"column":5}},{"start":{"line":50,"column":9},"end":{"line":72,"column":5}}],"line":44},"13":{"loc":{"start":{"line":44,"column":13},"end":{"line":44,"column":112}},"type":"binary-expr","locations":[{"start":{"line":44,"column":13},"end":{"line":44,"column":73}},{"start":{"line":44,"column":77},"end":{"line":44,"column":112}}],"line":44},"14":{"loc":{"start":{"line":45,"column":24},"end":{"line":45,"column":76}},"type":"binary-expr","locations":[{"start":{"line":45,"column":24},"end":{"line":45,"column":37}},{"start":{"line":45,"column":41},"end":{"line":45,"column":76}}],"line":45},"15":{"loc":{"start":{"line":46,"column":6},"end":{"line":48,"column":7}},"type":"if","locations":[{"start":{"line":46,"column":6},"end":{"line":48,"column":7}},{"start":{},"end":{}}],"line":46},"16":{"loc":{"start":{"line":46,"column":10},"end":{"line":46,"column":33}},"type":"binary-expr","locations":[{"start":{"line":46,"column":10},"end":{"line":46,"column":20}},{"start":{"line":46,"column":24},"end":{"line":46,"column":33}}],"line":46},"17":{"loc":{"start":{"line":50,"column":9},"end":{"line":72,"column":5}},"type":"if","locations":[{"start":{"line":50,"column":9},"end":{"line":72,"column":5}},{"start":{"line":55,"column":9},"end":{"line":72,"column":5}}],"line":50},"18":{"loc":{"start":{"line":51,"column":6},"end":{"line":53,"column":7}},"type":"if","locations":[{"start":{"line":51,"column":6},"end":{"line":53,"column":7}},{"start":{},"end":{}}],"line":51},"19":{"loc":{"start":{"line":55,"column":9},"end":{"line":72,"column":5}},"type":"if","locations":[{"start":{"line":55,"column":9},"end":{"line":72,"column":5}},{"start":{"line":63,"column":9},"end":{"line":72,"column":5}}],"line":55},"20":{"loc":{"start":{"line":56,"column":6},"end":{"line":61,"column":7}},"type":"if","locations":[{"start":{"line":56,"column":6},"end":{"line":61,"column":7}},{"start":{"line":59,"column":11},"end":{"line":61,"column":7}}],"line":56},"21":{"loc":{"start":{"line":59,"column":11},"end":{"line":61,"column":7}},"type":"if","locations":[{"start":{"line":59,"column":11},"end":{"line":61,"column":7}},{"start":{},"end":{}}],"line":59},"22":{"loc":{"start":{"line":59,"column":15},"end":{"line":59,"column":138}},"type":"binary-expr","locations":[{"start":{"line":59,"column":15},"end":{"line":59,"column":37}},{"start":{"line":59,"column":41},"end":{"line":59,"column":138}}],"line":59},"23":{"loc":{"start":{"line":59,"column":43},"end":{"line":59,"column":137}},"type":"binary-expr","locations":[{"start":{"line":59,"column":44},"end":{"line":59,"column":65}},{"start":{"line":59,"column":69},"end":{"line":59,"column":87}},{"start":{"line":59,"column":93},"end":{"line":59,"column":114}},{"start":{"line":59,"column":118},"end":{"line":59,"column":136}}],"line":59},"24":{"loc":{"start":{"line":63,"column":9},"end":{"line":72,"column":5}},"type":"if","locations":[{"start":{"line":63,"column":9},"end":{"line":72,"column":5}},{"start":{"line":68,"column":9},"end":{"line":72,"column":5}}],"line":63},"25":{"loc":{"start":{"line":64,"column":6},"end":{"line":66,"column":7}},"type":"if","locations":[{"start":{"line":64,"column":6},"end":{"line":66,"column":7}},{"start":{},"end":{}}],"line":64},"26":{"loc":{"start":{"line":68,"column":9},"end":{"line":72,"column":5}},"type":"if","locations":[{"start":{"line":68,"column":9},"end":{"line":72,"column":5}},{"start":{},"end":{}}],"line":68},"27":{"loc":{"start":{"line":69,"column":6},"end":{"line":71,"column":7}},"type":"if","locations":[{"start":{"line":69,"column":6},"end":{"line":71,"column":7}},{"start":{},"end":{}}],"line":69},"28":{"loc":{"start":{"line":74,"column":4},"end":{"line":79,"column":5}},"type":"if","locations":[{"start":{"line":74,"column":4},"end":{"line":79,"column":5}},{"start":{},"end":{}}],"line":74},"29":{"loc":{"start":{"line":83,"column":4},"end":{"line":90,"column":5}},"type":"if","locations":[{"start":{"line":83,"column":4},"end":{"line":90,"column":5}},{"start":{},"end":{}}],"line":83},"30":{"loc":{"start":{"line":91,"column":4},"end":{"line":99,"column":5}},"type":"if","locations":[{"start":{"line":91,"column":4},"end":{"line":99,"column":5}},{"start":{},"end":{}}],"line":91},"31":{"loc":{"start":{"line":103,"column":4},"end":{"line":110,"column":5}},"type":"if","locations":[{"start":{"line":103,"column":4},"end":{"line":110,"column":5}},{"start":{},"end":{}}],"line":103},"32":{"loc":{"start":{"line":109,"column":22},"end":{"line":109,"column":57}},"type":"cond-expr","locations":[{"start":{"line":109,"column":42},"end":{"line":109,"column":48}},{"start":{"line":109,"column":51},"end":{"line":109,"column":57}}],"line":109},"33":{"loc":{"start":{"line":111,"column":4},"end":{"line":118,"column":5}},"type":"if","locations":[{"start":{"line":111,"column":4},"end":{"line":118,"column":5}},{"start":{},"end":{}}],"line":111}},"s":{"0":0,"1":0,"2":0,"3":0,"4":0,"5":0,"6":0,"7":0,"8":0,"9":0,"10":0,"11":0,"12":0,"13":0,"14":0,"15":0,"16":0,"17":0,"18":0,"19":0,"20":0,"21":0,"22":0,"23":0,"24":0,"25":0,"26":0,"27":0,"28":0,"29":0,"30":0,"31":0,"32":0,"33":0,"34":0,"35":0,"36":0,"37":0,"38":0,"39":0,"40":0,"41":0,"42":0,"43":0,"44":0,"45":0,"46":0,"47":0,"48":0,"49":0,"50":0,"51":0,"52":0,"53":0,"54":0,"55":0,"56":0,"57":0,"58":0},"f":{"0":0,"1":0,"2":0,"3":0,"4":0,"5":0,"6":0},"b":{"0":[0,0],"1":[0,0],"2":[0,0],"3":[0,0],"4":[0,0],"5":[0,0],"6":[0,0],"7":[0,0],"8":[0,0],"9":[0,0],"10":[0,0],"11":[0,0],"12":[0,0],"13":[0,0],"14":[0,0],"15":[0,0],"16":[0,0],"17":[0,0],"18":[0,0],"19":[0,0],"20":[0,0],"21":[0,0],"22":[0,0],"23":[0,0,0,0],"24":[0,0],"25":[0,0],"26":[0,0],"27":[0,0],"28":[0,0],"29":[0,0],"30":[0,0],"31":[0,0],"32":[0,0],"33":[0,0]},"inputSourceMap":null}
,"C:\\Users\\GIANLUCA\\Desktop\\philia_github\\Philia\\src\\view\\forms\\ServizioForms.js": {"path":"C:\\Users\\GIANLUCA\\Desktop\\philia_github\\Philia\\src\\view\\forms\\ServizioForms.js","statementMap":{"0":{"start":{"line":7,"column":26},"end":{"line":7,"column":35}},"1":{"start":{"line":8,"column":27},"end":{"line":8,"column":42}},"2":{"start":{"line":9,"column":30},"end":{"line":9,"column":42}},"3":{"start":{"line":16,"column":4},"end":{"line":31,"column":6}},"4":{"start":{"line":35,"column":4},"end":{"line":48,"column":6}},"5":{"start":{"line":52,"column":32},"end":{"line":57,"column":6}},"6":{"start":{"line":59,"column":4},"end":{"line":61,"column":15}},"7":{"start":{"line":60,"column":6},"end":{"line":60,"column":41}},"8":{"start":{"line":63,"column":4},"end":{"line":79,"column":6}}},"fnMap":{"0":{"name":"(anonymous_0)","decl":{"start":{"line":11,"column":2},"end":{"line":11,"column":3}},"loc":{"start":{"line":11,"column":16},"end":{"line":13,"column":3}},"line":11},"1":{"name":"(anonymous_1)","decl":{"start":{"line":15,"column":2},"end":{"line":15,"column":3}},"loc":{"start":{"line":15,"column":75},"end":{"line":32,"column":3}},"line":15},"2":{"name":"(anonymous_2)","decl":{"start":{"line":34,"column":2},"end":{"line":34,"column":3}},"loc":{"start":{"line":34,"column":76},"end":{"line":49,"column":3}},"line":34},"3":{"name":"(anonymous_3)","decl":{"start":{"line":51,"column":2},"end":{"line":51,"column":3}},"loc":{"start":{"line":51,"column":88},"end":{"line":80,"column":3}},"line":51},"4":{"name":"(anonymous_4)","decl":{"start":{"line":59,"column":14},"end":{"line":59,"column":15}},"loc":{"start":{"line":59,"column":20},"end":{"line":61,"column":5}},"line":59}},"branchMap":{},"s":{"0":0,"1":0,"2":0,"3":0,"4":0,"5":0,"6":0,"7":0,"8":0},"f":{"0":0,"1":0,"2":0,"3":0,"4":0},"b":{},"inputSourceMap":null}
,"C:\\Users\\GIANLUCA\\Desktop\\philia_github\\Philia\\src\\view\\forms\\SpesaForms.js": {"path":"C:\\Users\\GIANLUCA\\Desktop\\philia_github\\Philia\\src\\view\\forms\\SpesaForms.js","statementMap":{"0":{"start":{"line":7,"column":23},"end":{"line":7,"column":38}},"1":{"start":{"line":8,"column":25},"end":{"line":8,"column":46}},"2":{"start":{"line":9,"column":27},"end":{"line":9,"column":42}},"3":{"start":{"line":10,"column":16},"end":{"line":10,"column":22}},"4":{"start":{"line":17,"column":4},"end":{"line":32,"column":6}},"5":{"start":{"line":36,"column":4},"end":{"line":49,"column":6}},"6":{"start":{"line":53,"column":32},"end":{"line":59,"column":6}},"7":{"start":{"line":61,"column":4},"end":{"line":63,"column":15}},"8":{"start":{"line":62,"column":6},"end":{"line":62,"column":38}},"9":{"start":{"line":65,"column":4},"end":{"line":81,"column":6}},"10":{"start":{"line":85,"column":4},"end":{"line":98,"column":6}}},"fnMap":{"0":{"name":"(anonymous_0)","decl":{"start":{"line":12,"column":2},"end":{"line":12,"column":3}},"loc":{"start":{"line":12,"column":16},"end":{"line":14,"column":3}},"line":12},"1":{"name":"(anonymous_1)","decl":{"start":{"line":16,"column":2},"end":{"line":16,"column":3}},"loc":{"start":{"line":16,"column":72},"end":{"line":33,"column":3}},"line":16},"2":{"name":"(anonymous_2)","decl":{"start":{"line":35,"column":2},"end":{"line":35,"column":3}},"loc":{"start":{"line":35,"column":74},"end":{"line":50,"column":3}},"line":35},"3":{"name":"(anonymous_3)","decl":{"start":{"line":52,"column":2},"end":{"line":52,"column":3}},"loc":{"start":{"line":52,"column":83},"end":{"line":82,"column":3}},"line":52},"4":{"name":"(anonymous_4)","decl":{"start":{"line":61,"column":14},"end":{"line":61,"column":15}},"loc":{"start":{"line":61,"column":20},"end":{"line":63,"column":5}},"line":61},"5":{"name":"(anonymous_5)","decl":{"start":{"line":84,"column":2},"end":{"line":84,"column":3}},"loc":{"start":{"line":84,"column":66},"end":{"line":99,"column":3}},"line":84}},"branchMap":{},"s":{"0":0,"1":0,"2":0,"3":0,"4":0,"5":0,"6":0,"7":0,"8":0,"9":0,"10":0},"f":{"0":0,"1":0,"2":0,"3":0,"4":0,"5":0},"b":{},"inputSourceMap":null}
}
