TN:
SF:src\Main.jsx
FN:26,(anonymous_0)
FN:27,(anonymous_1)
FNF:2
FNH:0
FNDA:0,(anonymous_0)
FNDA:0,(anonymous_1)
DA:26,0
DA:27,0
DA:29,0
DA:51,0
LF:4
LH:0
BRDA:33,0,0,0
BRDA:33,0,1,0
BRDA:36,1,0,0
BRDA:36,1,1,0
BRF:4
BRH:0
end_of_record
TN:
SF:src\actions\AutenticazioneActions.js
FN:9,(anonymous_0)
FN:13,(anonymous_1)
FN:43,(anonymous_2)
FN:47,(anonymous_3)
FNF:4
FNH:0
FNDA:0,(anonymous_0)
FNDA:0,(anonymous_1)
FNDA:0,(anonymous_2)
FNDA:0,(anonymous_3)
DA:10,0
DA:14,0
DA:15,0
DA:23,0
DA:24,0
DA:25,0
DA:27,0
DA:28,0
DA:29,0
DA:32,0
DA:33,0
DA:36,0
DA:37,0
DA:39,0
DA:43,0
DA:44,0
DA:48,0
DA:49,0
DA:50,0
DA:54,0
DA:61,0
DA:62,0
DA:63,0
DA:64,0
DA:65,0
DA:66,0
DA:68,0
DA:69,0
DA:71,0
DA:78,0
DA:79,0
DA:80,0
DA:83,0
DA:87,0
DA:91,0
LF:35
LH:0
BRDA:23,0,0,0
BRDA:23,0,1,0
BRDA:25,1,0,0
BRDA:25,1,1,0
BRDA:27,2,0,0
BRDA:27,2,1,0
BRDA:32,3,0,0
BRDA:32,3,1,0
BRDA:49,4,0,0
BRDA:49,4,1,0
BRDA:61,5,0,0
BRDA:61,5,1,0
BRDA:63,6,0,0
BRDA:63,6,1,0
BRDA:64,7,0,0
BRDA:64,7,1,0
BRDA:68,8,0,0
BRDA:68,8,1,0
BRDA:78,9,0,0
BRDA:78,9,1,0
BRF:20
BRH:0
end_of_record
TN:
SF:src\actions\ClienteActions.js
FN:8,(anonymous_0)
FN:12,(anonymous_1)
FN:49,(anonymous_2)
FN:69,(anonymous_3)
FN:76,(anonymous_4)
FN:76,(anonymous_5)
FN:77,(anonymous_6)
FN:83,(anonymous_7)
FN:84,(anonymous_8)
FN:85,(anonymous_9)
FN:85,(anonymous_10)
FN:86,(anonymous_11)
FN:94,(anonymous_12)
FN:94,(anonymous_13)
FN:95,(anonymous_14)
FN:99,(anonymous_15)
FN:100,(anonymous_16)
FN:101,(anonymous_17)
FN:101,(anonymous_18)
FN:102,(anonymous_19)
FN:107,(anonymous_20)
FN:110,(anonymous_21)
FN:111,(anonymous_22)
FN:171,(anonymous_23)
FN:175,(anonymous_24)
FN:183,(anonymous_25)
FN:184,(anonymous_26)
FNF:27
FNH:0
FNDA:0,(anonymous_0)
FNDA:0,(anonymous_1)
FNDA:0,(anonymous_2)
FNDA:0,(anonymous_3)
FNDA:0,(anonymous_4)
FNDA:0,(anonymous_5)
FNDA:0,(anonymous_6)
FNDA:0,(anonymous_7)
FNDA:0,(anonymous_8)
FNDA:0,(anonymous_9)
FNDA:0,(anonymous_10)
FNDA:0,(anonymous_11)
FNDA:0,(anonymous_12)
FNDA:0,(anonymous_13)
FNDA:0,(anonymous_14)
FNDA:0,(anonymous_15)
FNDA:0,(anonymous_16)
FNDA:0,(anonymous_17)
FNDA:0,(anonymous_18)
FNDA:0,(anonymous_19)
FNDA:0,(anonymous_20)
FNDA:0,(anonymous_21)
FNDA:0,(anonymous_22)
FNDA:0,(anonymous_23)
FNDA:0,(anonymous_24)
FNDA:0,(anonymous_25)
FNDA:0,(anonymous_26)
DA:9,0
DA:13,0
DA:14,0
DA:15,0
DA:16,0
DA:18,0
DA:19,0
DA:20,0
DA:21,0
DA:23,0
DA:31,0
DA:32,0
DA:33,0
DA:34,0
DA:35,0
DA:37,0
DA:38,0
DA:41,0
DA:45,0
DA:50,0
DA:52,0
DA:60,0
DA:61,0
DA:62,0
DA:65,0
DA:73,0
DA:74,0
DA:75,0
DA:76,0
DA:77,0
DA:78,0
DA:81,0
DA:82,0
DA:83,0
DA:84,0
DA:85,0
DA:86,0
DA:87,0
DA:90,0
DA:91,0
DA:92,0
DA:93,0
DA:94,0
DA:95,0
DA:98,0
DA:99,0
DA:100,0
DA:101,0
DA:102,0
DA:108,0
DA:109,0
DA:110,0
DA:111,0
DA:112,0
DA:113,0
DA:114,0
DA:116,0
DA:117,0
DA:121,0
DA:128,0
DA:129,0
DA:130,0
DA:132,0
DA:133,0
DA:134,0
DA:137,0
DA:138,0
DA:142,0
DA:143,0
DA:144,0
DA:145,0
DA:146,0
DA:148,0
DA:150,0
DA:152,0
DA:153,0
DA:154,0
DA:157,0
DA:158,0
DA:159,0
DA:162,0
DA:164,0
DA:167,0
DA:172,0
DA:176,0
DA:177,0
DA:178,0
DA:183,0
DA:184,0
DA:186,0
DA:193,0
DA:194,0
DA:195,0
DA:196,0
DA:199,0
DA:203,0
LF:96
LH:0
BRDA:14,0,0,0
BRDA:14,0,1,0
BRDA:15,1,0,0
BRDA:15,1,1,0
BRDA:31,2,0,0
BRDA:31,2,1,0
BRDA:37,3,0,0
BRDA:37,3,1,0
BRDA:60,4,0,0
BRDA:60,4,1,0
BRDA:73,5,0,0
BRDA:73,5,1,0
BRDA:74,6,0,0
BRDA:74,6,1,0
BRDA:90,7,0,0
BRDA:90,7,1,0
BRDA:91,8,0,0
BRDA:91,8,1,0
BRDA:109,9,0,0
BRDA:109,9,1,0
BRDA:128,10,0,0
BRDA:128,10,1,0
BRDA:132,11,0,0
BRDA:132,11,1,0
BRDA:145,12,0,0
BRDA:145,12,1,0
BRDA:177,13,0,0
BRDA:177,13,1,0
BRDA:183,14,0,0
BRDA:183,14,1,0
BRDA:183,15,0,0
BRDA:183,15,1,0
BRDA:184,16,0,0
BRDA:184,16,1,0
BRDA:184,17,0,0
BRDA:184,17,1,0
BRDA:193,18,0,0
BRDA:193,18,1,0
BRF:38
BRH:0
end_of_record
TN:
SF:src\actions\LavoroActions.js
FN:9,(anonymous_0)
FN:13,(anonymous_1)
FN:70,(anonymous_2)
FN:90,(anonymous_3)
FN:124,(anonymous_4)
FN:148,(anonymous_5)
FN:155,(anonymous_6)
FN:155,(anonymous_7)
FN:156,(anonymous_8)
FN:161,(anonymous_9)
FN:162,(anonymous_10)
FN:163,(anonymous_11)
FN:163,(anonymous_12)
FN:164,(anonymous_13)
FN:171,(anonymous_14)
FN:171,(anonymous_15)
FN:172,(anonymous_16)
FN:176,(anonymous_17)
FN:177,(anonymous_18)
FN:178,(anonymous_19)
FN:178,(anonymous_20)
FN:179,(anonymous_21)
FN:184,(anonymous_22)
FN:188,(anonymous_23)
FN:189,(anonymous_24)
FN:249,(anonymous_25)
FN:253,(anonymous_26)
FN:261,(anonymous_27)
FN:262,(anonymous_28)
FN:285,(anonymous_29)
FNF:30
FNH:0
FNDA:0,(anonymous_0)
FNDA:0,(anonymous_1)
FNDA:0,(anonymous_2)
FNDA:0,(anonymous_3)
FNDA:0,(anonymous_4)
FNDA:0,(anonymous_5)
FNDA:0,(anonymous_6)
FNDA:0,(anonymous_7)
FNDA:0,(anonymous_8)
FNDA:0,(anonymous_9)
FNDA:0,(anonymous_10)
FNDA:0,(anonymous_11)
FNDA:0,(anonymous_12)
FNDA:0,(anonymous_13)
FNDA:0,(anonymous_14)
FNDA:0,(anonymous_15)
FNDA:0,(anonymous_16)
FNDA:0,(anonymous_17)
FNDA:0,(anonymous_18)
FNDA:0,(anonymous_19)
FNDA:0,(anonymous_20)
FNDA:0,(anonymous_21)
FNDA:0,(anonymous_22)
FNDA:0,(anonymous_23)
FNDA:0,(anonymous_24)
FNDA:0,(anonymous_25)
FNDA:0,(anonymous_26)
FNDA:0,(anonymous_27)
FNDA:0,(anonymous_28)
FNDA:0,(anonymous_29)
DA:10,0
DA:14,0
DA:15,0
DA:16,0
DA:17,0
DA:18,0
DA:19,0
DA:22,0
DA:23,0
DA:24,0
DA:25,0
DA:26,0
DA:29,0
DA:32,0
DA:34,0
DA:35,0
DA:37,0
DA:38,0
DA:39,0
DA:40,0
DA:42,0
DA:50,0
DA:51,0
DA:52,0
DA:53,0
DA:54,0
DA:55,0
DA:56,0
DA:58,0
DA:59,0
DA:62,0
DA:66,0
DA:71,0
DA:73,0
DA:81,0
DA:82,0
DA:83,0
DA:86,0
DA:91,0
DA:93,0
DA:94,0
DA:96,0
DA:104,0
DA:105,0
DA:106,0
DA:108,0
DA:109,0
DA:111,0
DA:112,0
DA:116,0
DA:120,0
DA:125,0
DA:131,0
DA:139,0
DA:140,0
DA:141,0
DA:144,0
DA:152,0
DA:153,0
DA:154,0
DA:155,0
DA:156,0
DA:159,0
DA:160,0
DA:161,0
DA:162,0
DA:163,0
DA:164,0
DA:167,0
DA:168,0
DA:169,0
DA:170,0
DA:171,0
DA:172,0
DA:175,0
DA:176,0
DA:177,0
DA:178,0
DA:179,0
DA:185,0
DA:187,0
DA:188,0
DA:189,0
DA:191,0
DA:192,0
DA:193,0
DA:194,0
DA:195,0
DA:200,0
DA:207,0
DA:208,0
DA:209,0
DA:211,0
DA:212,0
DA:213,0
DA:216,0
DA:217,0
DA:221,0
DA:222,0
DA:223,0
DA:224,0
DA:225,0
DA:227,0
DA:229,0
DA:231,0
DA:232,0
DA:233,0
DA:236,0
DA:237,0
DA:240,0
DA:242,0
DA:245,0
DA:250,0
DA:254,0
DA:255,0
DA:256,0
DA:261,0
DA:262,0
DA:264,0
DA:271,0
DA:272,0
DA:273,0
DA:274,0
DA:277,0
DA:281,0
DA:286,0
DA:287,0
DA:288,0
DA:294,0
DA:301,0
DA:302,0
DA:305,0
DA:309,0
LF:133
LH:0
BRDA:15,0,0,0
BRDA:15,0,1,0
BRDA:18,1,0,0
BRDA:18,1,1,0
BRDA:24,2,0,0
BRDA:24,2,1,0
BRDA:27,3,0,0
BRDA:27,3,1,0
BRDA:27,4,0,0
BRDA:27,4,1,0
BRDA:28,5,0,0
BRDA:28,5,1,0
BRDA:28,6,0,0
BRDA:28,6,1,0
BRDA:34,7,0,0
BRDA:34,7,1,0
BRDA:50,8,0,0
BRDA:50,8,1,0
BRDA:58,9,0,0
BRDA:58,9,1,0
BRDA:81,10,0,0
BRDA:81,10,1,0
BRDA:93,11,0,0
BRDA:93,11,1,0
BRDA:104,12,0,0
BRDA:104,12,1,0
BRDA:108,13,0,0
BRDA:108,13,1,0
BRDA:111,14,0,0
BRDA:111,14,1,0
BRDA:139,15,0,0
BRDA:139,15,1,0
BRDA:152,16,0,0
BRDA:152,16,1,0
BRDA:153,17,0,0
BRDA:153,17,1,0
BRDA:167,18,0,0
BRDA:167,18,1,0
BRDA:168,19,0,0
BRDA:168,19,1,0
BRDA:187,20,0,0
BRDA:187,20,1,0
BRDA:207,21,0,0
BRDA:207,21,1,0
BRDA:211,22,0,0
BRDA:211,22,1,0
BRDA:224,23,0,0
BRDA:224,23,1,0
BRDA:255,24,0,0
BRDA:255,24,1,0
BRDA:261,25,0,0
BRDA:261,25,1,0
BRDA:261,26,0,0
BRDA:261,26,1,0
BRDA:262,27,0,0
BRDA:262,27,1,0
BRDA:262,28,0,0
BRDA:262,28,1,0
BRDA:271,29,0,0
BRDA:271,29,1,0
BRDA:287,30,0,0
BRDA:287,30,1,0
BRDA:301,31,0,0
BRDA:301,31,1,0
BRF:64
BRH:0
end_of_record
TN:
SF:src\actions\SaloneActions.js
FN:6,(anonymous_0)
FN:10,(anonymous_1)
FN:14,(anonymous_2)
FN:19,(anonymous_3)
FN:30,(anonymous_4)
FNF:5
FNH:0
FNDA:0,(anonymous_0)
FNDA:0,(anonymous_1)
FNDA:0,(anonymous_2)
FNDA:0,(anonymous_3)
FNDA:0,(anonymous_4)
DA:7,0
DA:11,0
DA:15,0
DA:16,0
DA:20,0
DA:21,0
DA:22,0
DA:23,0
DA:25,0
DA:26,0
DA:31,0
LF:11
LH:0
BRDA:22,0,0,0
BRDA:22,0,1,0
BRDA:25,1,0,0
BRDA:25,1,1,0
BRF:4
BRH:0
end_of_record
TN:
SF:src\actions\ServizioActions.js
FN:8,(anonymous_0)
FN:12,(anonymous_1)
FN:51,(anonymous_2)
FN:71,(anonymous_3)
FN:78,(anonymous_4)
FN:78,(anonymous_5)
FN:79,(anonymous_6)
FN:84,(anonymous_7)
FN:85,(anonymous_8)
FN:86,(anonymous_9)
FN:86,(anonymous_10)
FN:87,(anonymous_11)
FN:94,(anonymous_12)
FN:94,(anonymous_13)
FN:95,(anonymous_14)
FN:99,(anonymous_15)
FN:100,(anonymous_16)
FN:101,(anonymous_17)
FN:101,(anonymous_18)
FN:102,(anonymous_19)
FN:107,(anonymous_20)
FN:110,(anonymous_21)
FN:111,(anonymous_22)
FN:177,(anonymous_23)
FN:181,(anonymous_24)
FN:189,(anonymous_25)
FN:190,(anonymous_26)
FN:213,(anonymous_27)
FNF:28
FNH:0
FNDA:0,(anonymous_0)
FNDA:0,(anonymous_1)
FNDA:0,(anonymous_2)
FNDA:0,(anonymous_3)
FNDA:0,(anonymous_4)
FNDA:0,(anonymous_5)
FNDA:0,(anonymous_6)
FNDA:0,(anonymous_7)
FNDA:0,(anonymous_8)
FNDA:0,(anonymous_9)
FNDA:0,(anonymous_10)
FNDA:0,(anonymous_11)
FNDA:0,(anonymous_12)
FNDA:0,(anonymous_13)
FNDA:0,(anonymous_14)
FNDA:0,(anonymous_15)
FNDA:0,(anonymous_16)
FNDA:0,(anonymous_17)
FNDA:0,(anonymous_18)
FNDA:0,(anonymous_19)
FNDA:0,(anonymous_20)
FNDA:0,(anonymous_21)
FNDA:0,(anonymous_22)
FNDA:0,(anonymous_23)
FNDA:0,(anonymous_24)
FNDA:0,(anonymous_25)
FNDA:0,(anonymous_26)
FNDA:0,(anonymous_27)
DA:9,0
DA:13,0
DA:14,0
DA:15,0
DA:16,0
DA:18,0
DA:19,0
DA:20,0
DA:21,0
DA:22,0
DA:24,0
DA:31,0
DA:32,0
DA:33,0
DA:34,0
DA:35,0
DA:36,0
DA:37,0
DA:39,0
DA:40,0
DA:43,0
DA:47,0
DA:52,0
DA:54,0
DA:62,0
DA:63,0
DA:64,0
DA:67,0
DA:75,0
DA:76,0
DA:77,0
DA:78,0
DA:79,0
DA:82,0
DA:83,0
DA:84,0
DA:85,0
DA:86,0
DA:87,0
DA:90,0
DA:91,0
DA:92,0
DA:93,0
DA:94,0
DA:95,0
DA:98,0
DA:99,0
DA:100,0
DA:101,0
DA:102,0
DA:108,0
DA:109,0
DA:110,0
DA:111,0
DA:113,0
DA:114,0
DA:115,0
DA:116,0
DA:117,0
DA:121,0
DA:128,0
DA:129,0
DA:130,0
DA:131,0
DA:132,0
DA:133,0
DA:134,0
DA:136,0
DA:138,0
DA:139,0
DA:140,0
DA:143,0
DA:144,0
DA:148,0
DA:149,0
DA:150,0
DA:151,0
DA:152,0
DA:154,0
DA:156,0
DA:158,0
DA:159,0
DA:160,0
DA:163,0
DA:164,0
DA:165,0
DA:168,0
DA:170,0
DA:173,0
DA:178,0
DA:182,0
DA:183,0
DA:184,0
DA:189,0
DA:190,0
DA:192,0
DA:199,0
DA:200,0
DA:201,0
DA:202,0
DA:205,0
DA:209,0
DA:214,0
DA:220,0
DA:228,0
DA:229,0
DA:230,0
DA:233,0
LF:108
LH:0
BRDA:14,0,0,0
BRDA:14,0,1,0
BRDA:15,1,0,0
BRDA:15,1,1,0
BRDA:31,2,0,0
BRDA:31,2,1,0
BRDA:39,3,0,0
BRDA:39,3,1,0
BRDA:62,4,0,0
BRDA:62,4,1,0
BRDA:75,5,0,0
BRDA:75,5,1,0
BRDA:76,6,0,0
BRDA:76,6,1,0
BRDA:90,7,0,0
BRDA:90,7,1,0
BRDA:91,8,0,0
BRDA:91,8,1,0
BRDA:109,9,0,0
BRDA:109,9,1,0
BRDA:128,10,0,0
BRDA:128,10,1,0
BRDA:130,11,0,0
BRDA:130,11,1,0
BRDA:138,12,0,0
BRDA:138,12,1,0
BRDA:151,13,0,0
BRDA:151,13,1,0
BRDA:183,14,0,0
BRDA:183,14,1,0
BRDA:189,15,0,0
BRDA:189,15,1,0
BRDA:189,16,0,0
BRDA:189,16,1,0
BRDA:190,17,0,0
BRDA:190,17,1,0
BRDA:190,18,0,0
BRDA:190,18,1,0
BRDA:199,19,0,0
BRDA:199,19,1,0
BRDA:228,20,0,0
BRDA:228,20,1,0
BRF:42
BRH:0
end_of_record
TN:
SF:src\actions\SpesaActions.js
FN:9,(anonymous_0)
FN:13,(anonymous_1)
FN:51,(anonymous_2)
FN:77,(anonymous_3)
FN:111,(anonymous_4)
FN:135,(anonymous_5)
FN:142,(anonymous_6)
FN:142,(anonymous_7)
FN:143,(anonymous_8)
FN:148,(anonymous_9)
FN:149,(anonymous_10)
FN:150,(anonymous_11)
FN:150,(anonymous_12)
FN:151,(anonymous_13)
FN:158,(anonymous_14)
FN:158,(anonymous_15)
FN:159,(anonymous_16)
FN:163,(anonymous_17)
FN:164,(anonymous_18)
FN:165,(anonymous_19)
FN:165,(anonymous_20)
FN:166,(anonymous_21)
FN:171,(anonymous_22)
FN:174,(anonymous_23)
FN:175,(anonymous_24)
FN:234,(anonymous_25)
FN:238,(anonymous_26)
FN:246,(anonymous_27)
FN:247,(anonymous_28)
FN:276,(anonymous_29)
FNF:30
FNH:0
FNDA:0,(anonymous_0)
FNDA:0,(anonymous_1)
FNDA:0,(anonymous_2)
FNDA:0,(anonymous_3)
FNDA:0,(anonymous_4)
FNDA:0,(anonymous_5)
FNDA:0,(anonymous_6)
FNDA:0,(anonymous_7)
FNDA:0,(anonymous_8)
FNDA:0,(anonymous_9)
FNDA:0,(anonymous_10)
FNDA:0,(anonymous_11)
FNDA:0,(anonymous_12)
FNDA:0,(anonymous_13)
FNDA:0,(anonymous_14)
FNDA:0,(anonymous_15)
FNDA:0,(anonymous_16)
FNDA:0,(anonymous_17)
FNDA:0,(anonymous_18)
FNDA:0,(anonymous_19)
FNDA:0,(anonymous_20)
FNDA:0,(anonymous_21)
FNDA:0,(anonymous_22)
FNDA:0,(anonymous_23)
FNDA:0,(anonymous_24)
FNDA:0,(anonymous_25)
FNDA:0,(anonymous_26)
FNDA:0,(anonymous_27)
FNDA:0,(anonymous_28)
FNDA:0,(anonymous_29)
DA:10,0
DA:14,0
DA:15,0
DA:16,0
DA:17,0
DA:19,0
DA:20,0
DA:21,0
DA:22,0
DA:23,0
DA:25,0
DA:33,0
DA:34,0
DA:35,0
DA:36,0
DA:37,0
DA:39,0
DA:40,0
DA:43,0
DA:47,0
DA:52,0
DA:54,0
DA:55,0
DA:63,0
DA:64,0
DA:65,0
DA:68,0
DA:72,0
DA:73,0
DA:78,0
DA:80,0
DA:81,0
DA:83,0
DA:91,0
DA:92,0
DA:93,0
DA:95,0
DA:96,0
DA:98,0
DA:99,0
DA:103,0
DA:107,0
DA:112,0
DA:118,0
DA:126,0
DA:127,0
DA:128,0
DA:131,0
DA:139,0
DA:140,0
DA:141,0
DA:142,0
DA:143,0
DA:146,0
DA:147,0
DA:148,0
DA:149,0
DA:150,0
DA:151,0
DA:154,0
DA:155,0
DA:156,0
DA:157,0
DA:158,0
DA:159,0
DA:162,0
DA:163,0
DA:164,0
DA:165,0
DA:166,0
DA:172,0
DA:173,0
DA:174,0
DA:175,0
DA:177,0
DA:178,0
DA:179,0
DA:180,0
DA:181,0
DA:185,0
DA:192,0
DA:193,0
DA:194,0
DA:196,0
DA:197,0
DA:198,0
DA:201,0
DA:202,0
DA:206,0
DA:207,0
DA:208,0
DA:209,0
DA:210,0
DA:212,0
DA:214,0
DA:216,0
DA:217,0
DA:218,0
DA:220,0
DA:221,0
DA:222,0
DA:225,0
DA:227,0
DA:230,0
DA:235,0
DA:239,0
DA:240,0
DA:241,0
DA:246,0
DA:247,0
DA:249,0
DA:250,0
DA:257,0
DA:258,0
DA:259,0
DA:260,0
DA:263,0
DA:267,0
DA:268,0
DA:272,0
DA:277,0
DA:278,0
DA:279,0
DA:285,0
DA:292,0
DA:293,0
DA:296,0
DA:300,0
LF:128
LH:0
BRDA:15,0,0,0
BRDA:15,0,1,0
BRDA:16,1,0,0
BRDA:16,1,1,0
BRDA:33,2,0,0
BRDA:33,2,1,0
BRDA:39,3,0,0
BRDA:39,3,1,0
BRDA:63,4,0,0
BRDA:63,4,1,0
BRDA:80,5,0,0
BRDA:80,5,1,0
BRDA:91,6,0,0
BRDA:91,6,1,0
BRDA:95,7,0,0
BRDA:95,7,1,0
BRDA:98,8,0,0
BRDA:98,8,1,0
BRDA:126,9,0,0
BRDA:126,9,1,0
BRDA:139,10,0,0
BRDA:139,10,1,0
BRDA:140,11,0,0
BRDA:140,11,1,0
BRDA:154,12,0,0
BRDA:154,12,1,0
BRDA:155,13,0,0
BRDA:155,13,1,0
BRDA:173,14,0,0
BRDA:173,14,1,0
BRDA:192,15,0,0
BRDA:192,15,1,0
BRDA:196,16,0,0
BRDA:196,16,1,0
BRDA:209,17,0,0
BRDA:209,17,1,0
BRDA:240,18,0,0
BRDA:240,18,1,0
BRDA:246,19,0,0
BRDA:246,19,1,0
BRDA:246,20,0,0
BRDA:246,20,1,0
BRDA:247,21,0,0
BRDA:247,21,1,0
BRDA:247,22,0,0
BRDA:247,22,1,0
BRDA:257,23,0,0
BRDA:257,23,1,0
BRDA:278,24,0,0
BRDA:278,24,1,0
BRDA:292,25,0,0
BRDA:292,25,1,0
BRF:52
BRH:0
end_of_record
TN:
SF:src\actions\StileActions.js
FN:6,(anonymous_0)
FN:10,(anonymous_1)
FN:24,(anonymous_2)
FNF:3
FNH:0
FNDA:0,(anonymous_0)
FNDA:0,(anonymous_1)
FNDA:0,(anonymous_2)
DA:7,0
DA:11,0
DA:13,0
DA:14,0
DA:16,0
DA:17,0
DA:19,0
DA:20,0
DA:25,0
DA:26,0
DA:28,0
DA:29,0
DA:32,0
LF:13
LH:0
BRDA:11,0,0,0
BRDA:11,0,1,0
BRDA:11,0,2,0
BRDA:25,1,0,0
BRDA:25,1,1,0
BRDA:28,2,0,0
BRDA:28,2,1,0
BRF:7
BRH:0
end_of_record
TN:
SF:src\dispatcher\Dispatcher.js
FN:13,(anonymous_0)
FN:18,(anonymous_1)
FN:23,(anonymous_2)
FN:28,(anonymous_3)
FN:35,(anonymous_4)
FN:41,(anonymous_5)
FN:44,(anonymous_6)
FN:47,(anonymous_7)
FN:53,(anonymous_8)
FN:59,(anonymous_9)
FN:66,(anonymous_10)
FN:69,(anonymous_11)
FN:75,(anonymous_12)
FN:80,(anonymous_13)
FN:86,(anonymous_14)
FN:93,(anonymous_15)
FN:98,(anonymous_16)
FN:103,(anonymous_17)
FN:110,(anonymous_18)
FN:115,(anonymous_19)
FN:121,(anonymous_20)
FN:128,(anonymous_21)
FN:133,(anonymous_22)
FN:138,(anonymous_23)
FN:143,(anonymous_24)
FN:150,(anonymous_25)
FN:155,(anonymous_26)
FN:161,(anonymous_27)
FN:168,(anonymous_28)
FN:173,(anonymous_29)
FN:178,(anonymous_30)
FN:185,(anonymous_31)
FN:190,(anonymous_32)
FN:196,(anonymous_33)
FN:203,(anonymous_34)
FN:208,(anonymous_35)
FN:213,(anonymous_36)
FN:218,(anonymous_37)
FNF:38
FNH:0
FNDA:0,(anonymous_0)
FNDA:0,(anonymous_1)
FNDA:0,(anonymous_2)
FNDA:0,(anonymous_3)
FNDA:0,(anonymous_4)
FNDA:0,(anonymous_5)
FNDA:0,(anonymous_6)
FNDA:0,(anonymous_7)
FNDA:0,(anonymous_8)
FNDA:0,(anonymous_9)
FNDA:0,(anonymous_10)
FNDA:0,(anonymous_11)
FNDA:0,(anonymous_12)
FNDA:0,(anonymous_13)
FNDA:0,(anonymous_14)
FNDA:0,(anonymous_15)
FNDA:0,(anonymous_16)
FNDA:0,(anonymous_17)
FNDA:0,(anonymous_18)
FNDA:0,(anonymous_19)
FNDA:0,(anonymous_20)
FNDA:0,(anonymous_21)
FNDA:0,(anonymous_22)
FNDA:0,(anonymous_23)
FNDA:0,(anonymous_24)
FNDA:0,(anonymous_25)
FNDA:0,(anonymous_26)
FNDA:0,(anonymous_27)
FNDA:0,(anonymous_28)
FNDA:0,(anonymous_29)
FNDA:0,(anonymous_30)
FNDA:0,(anonymous_31)
FNDA:0,(anonymous_32)
FNDA:0,(anonymous_33)
FNDA:0,(anonymous_34)
FNDA:0,(anonymous_35)
FNDA:0,(anonymous_36)
FNDA:0,(anonymous_37)
DA:14,0
DA:19,0
DA:24,0
DA:29,0
DA:36,0
DA:42,0
DA:45,0
DA:48,0
DA:49,0
DA:50,0
DA:51,0
DA:54,0
DA:55,0
DA:60,0
DA:67,0
DA:71,0
DA:76,0
DA:81,0
DA:87,0
DA:94,0
DA:99,0
DA:104,0
DA:111,0
DA:116,0
DA:122,0
DA:129,0
DA:134,0
DA:139,0
DA:144,0
DA:151,0
DA:156,0
DA:162,0
DA:169,0
DA:174,0
DA:179,0
DA:186,0
DA:191,0
DA:197,0
DA:204,0
DA:209,0
DA:214,0
DA:219,0
LF:42
LH:0
BRF:0
BRH:0
end_of_record
TN:
SF:src\riutilizzabile\FileSearchAndInsertPage.jsx
FN:10,(anonymous_0)
FNF:1
FNH:0
FNDA:0,(anonymous_0)
DA:10,0
DA:11,0
DA:12,0
DA:14,0
DA:18,0
DA:22,0
DA:26,0
LF:7
LH:0
BRDA:14,0,0,0
BRDA:14,0,1,0
BRDA:15,1,0,0
BRDA:15,1,1,0
BRDA:18,2,0,0
BRDA:18,2,1,0
BRDA:19,3,0,0
BRDA:19,3,1,0
BRDA:22,4,0,0
BRDA:22,4,1,0
BRDA:23,5,0,0
BRDA:23,5,1,0
BRDA:35,6,0,0
BRDA:35,6,1,0
BRDA:47,7,0,0
BRDA:47,7,1,0
BRDA:59,8,0,0
BRDA:59,8,1,0
BRDA:72,9,0,0
BRDA:72,9,1,0
BRDA:90,10,0,0
BRDA:90,10,1,0
BRDA:90,10,2,0
BRF:23
BRH:0
end_of_record
TN:
SF:src\riutilizzabile\Items.jsx
FN:9,(anonymous_0)
FN:22,(anonymous_1)
FN:26,(anonymous_2)
FN:38,(anonymous_3)
FN:47,(anonymous_4)
FN:78,(anonymous_5)
FN:83,(anonymous_6)
FN:83,(anonymous_7)
FN:98,(anonymous_8)
FN:117,(anonymous_9)
FN:118,(anonymous_10)
FN:122,(anonymous_11)
FN:125,(anonymous_12)
FN:181,(anonymous_13)
FN:184,(anonymous_14)
FNF:15
FNH:0
FNDA:0,(anonymous_0)
FNDA:0,(anonymous_1)
FNDA:0,(anonymous_2)
FNDA:0,(anonymous_3)
FNDA:0,(anonymous_4)
FNDA:0,(anonymous_5)
FNDA:0,(anonymous_6)
FNDA:0,(anonymous_7)
FNDA:0,(anonymous_8)
FNDA:0,(anonymous_9)
FNDA:0,(anonymous_10)
FNDA:0,(anonymous_11)
FNDA:0,(anonymous_12)
FNDA:0,(anonymous_13)
FNDA:0,(anonymous_14)
DA:9,0
DA:10,0
DA:11,0
DA:12,0
DA:13,0
DA:15,0
DA:22,0
DA:23,0
DA:26,0
DA:27,0
DA:28,0
DA:29,0
DA:30,0
DA:31,0
DA:35,0
DA:38,0
DA:39,0
DA:40,0
DA:41,0
DA:44,0
DA:47,0
DA:48,0
DA:49,0
DA:50,0
DA:51,0
DA:52,0
DA:53,0
DA:54,0
DA:59,0
DA:62,0
DA:65,0
DA:66,0
DA:72,0
DA:73,0
DA:78,0
DA:79,0
DA:83,0
DA:84,0
DA:85,0
DA:86,0
DA:99,0
DA:117,0
DA:118,0
DA:119,0
DA:121,0
DA:122,0
DA:123,0
DA:126,0
DA:128,0
DA:161,0
DA:181,0
DA:182,0
DA:185,0
DA:205,0
LF:54
LH:0
BRDA:30,0,0,0
BRDA:30,0,1,0
BRDA:40,1,0,0
BRDA:40,1,1,0
BRDA:48,2,0,0
BRDA:48,2,1,0
BRDA:50,3,0,0
BRDA:50,3,1,0
BRDA:53,4,0,0
BRDA:53,4,1,0
BRDA:65,5,0,0
BRDA:65,5,1,0
BRDA:81,6,0,0
BRDA:81,6,1,0
BRDA:81,6,2,0
BRDA:85,7,0,0
BRDA:85,7,1,0
BRDA:85,8,0,0
BRDA:85,8,1,0
BRDA:85,8,2,0
BRDA:110,9,0,0
BRDA:110,9,1,0
BRDA:110,9,2,0
BRDA:119,10,0,0
BRDA:119,10,1,0
BRDA:121,11,0,0
BRDA:121,11,1,0
BRDA:126,12,0,0
BRDA:126,12,1,0
BRDA:163,13,0,0
BRDA:163,13,1,0
BRDA:163,13,2,0
BRDA:166,14,0,0
BRDA:166,14,1,0
BRDA:168,15,0,0
BRDA:168,15,1,0
BRDA:207,16,0,0
BRDA:207,16,1,0
BRDA:207,16,2,0
BRDA:210,17,0,0
BRDA:210,17,1,0
BRDA:212,18,0,0
BRDA:212,18,1,0
BRF:43
BRH:0
end_of_record
TN:
SF:src\riutilizzabile\Operazioni.jsx
FN:6,(anonymous_0)
FNF:1
FNH:0
FNDA:0,(anonymous_0)
DA:6,0
DA:7,0
LF:2
LH:0
BRDA:11,0,0,0
BRDA:11,0,1,0
BRDA:14,1,0,0
BRDA:14,1,1,0
BRF:4
BRH:0
end_of_record
TN:
SF:src\riutilizzabile\PaginaWeb.jsx
FN:11,(anonymous_0)
FN:23,(anonymous_1)
FNF:2
FNH:0
FNDA:0,(anonymous_0)
FNDA:0,(anonymous_1)
DA:11,0
DA:12,0
DA:14,0
DA:17,0
DA:21,0
DA:24,0
LF:6
LH:0
BRDA:14,0,0,0
BRDA:14,0,1,0
BRDA:15,1,0,0
BRDA:15,1,1,0
BRDA:17,2,0,0
BRDA:17,2,1,0
BRDA:18,3,0,0
BRDA:18,3,1,0
BRDA:26,4,0,0
BRDA:26,4,1,0
BRDA:33,5,0,0
BRDA:33,5,1,0
BRDA:40,6,0,0
BRDA:40,6,1,0
BRDA:54,7,0,0
BRDA:54,7,1,0
BRF:16
BRH:0
end_of_record
TN:
SF:src\riutilizzabile\PaginaWebNewItem.jsx
FN:10,(anonymous_0)
FNF:1
FNH:0
FNDA:0,(anonymous_0)
DA:10,0
DA:11,0
DA:13,0
DA:17,0
LF:4
LH:0
BRDA:13,0,0,0
BRDA:13,0,1,0
BRDA:14,1,0,0
BRDA:14,1,1,0
BRF:4
BRH:0
end_of_record
TN:
SF:src\riutilizzabile\PaginaWebRicercaItems.jsx
FN:10,(anonymous_0)
FNF:1
FNH:0
FNDA:0,(anonymous_0)
DA:10,0
DA:11,0
DA:13,0
DA:17,0
LF:4
LH:0
BRDA:13,0,0,0
BRDA:13,0,1,0
BRDA:14,1,0,0
BRDA:14,1,1,0
BRF:4
BRH:0
end_of_record
TN:
SF:src\riutilizzabile\SearchAndInsertPage.jsx
FN:10,(anonymous_0)
FNF:1
FNH:0
FNDA:0,(anonymous_0)
DA:10,0
DA:11,0
DA:12,0
DA:14,0
DA:18,0
DA:22,0
LF:6
LH:0
BRDA:14,0,0,0
BRDA:14,0,1,0
BRDA:15,1,0,0
BRDA:15,1,1,0
BRDA:18,2,0,0
BRDA:18,2,1,0
BRDA:19,3,0,0
BRDA:19,3,1,0
BRDA:31,4,0,0
BRDA:31,4,1,0
BRDA:43,5,0,0
BRDA:43,5,1,0
BRF:12
BRH:0
end_of_record
TN:
SF:src\riutilizzabile\card_item\CardItem.jsx
FN:23,getColor
FN:31,(anonymous_1)
FN:36,onChangeVisibilityPassword
FN:43,getPencilTag
FN:49,getTrashTag
FN:56,getSelectTag
FN:62,getInputTag
FN:72,getTextAreaTag
FN:82,nascondiForm
FN:83,(anonymous_9)
FN:84,(anonymous_10)
FN:85,(anonymous_11)
FN:89,OperazioniNuovoItem
FN:105,OperazioniCercaItems
FN:118,(anonymous_14)
FN:125,(anonymous_15)
FN:132,OperazioniRicercaEntrateUscite
FN:144,OperazioniItemEsistente
FN:153,(anonymous_18)
FN:159,(anonymous_19)
FN:165,OperazioniFileItems
FN:186,OperazioniLogin
FN:198,OperazioniModificaProfilo
FN:210,CardNuovoItem
FN:213,(anonymous_24)
FN:223,(anonymous_25)
FN:241,(anonymous_26)
FN:258,CardRicercaItems
FN:265,(anonymous_28)
FN:275,(anonymous_29)
FN:292,(anonymous_30)
FN:310,CardItemEsistente
FN:312,(anonymous_32)
FN:313,(anonymous_33)
FN:316,(anonymous_34)
FN:321,(anonymous_35)
FN:378,(anonymous_36)
FN:385,(anonymous_37)
FN:398,(anonymous_38)
FN:407,(anonymous_39)
FN:415,(anonymous_40)
FN:416,(anonymous_41)
FN:417,(anonymous_42)
FN:419,(anonymous_43)
FN:433,CardFileItems
FN:436,(anonymous_45)
FN:446,(anonymous_46)
FN:464,(anonymous_47)
FN:480,CardLogin
FN:484,(anonymous_49)
FN:489,(anonymous_50)
FN:499,(anonymous_51)
FN:520,(anonymous_52)
FN:549,CardProfilo
FN:555,(anonymous_54)
FN:573,(anonymous_55)
FN:603,(anonymous_56)
FN:614,(anonymous_57)
FN:633,CardWidget
FN:646,(anonymous_59)
FN:673,CardEntrateLavori
FN:724,(anonymous_61)
FN:727,(anonymous_62)
FN:744,(anonymous_63)
FN:763,(anonymous_64)
FN:771,(anonymous_65)
FN:780,CardEntrateServizi
FN:815,(anonymous_67)
FN:891,CardUsciteSpese
FN:942,(anonymous_69)
FN:945,(anonymous_70)
FN:962,(anonymous_71)
FN:981,CardRicavi
FN:1032,(anonymous_73)
FN:1087,CardInformazioni
FN:1107,CardEntrateUscite
FN:1121,(anonymous_76)
FN:1122,(anonymous_77)
FN:1128,(anonymous_78)
FN:1129,(anonymous_79)
FN:1139,(anonymous_80)
FNF:81
FNH:0
FNDA:0,getColor
FNDA:0,(anonymous_1)
FNDA:0,onChangeVisibilityPassword
FNDA:0,getPencilTag
FNDA:0,getTrashTag
FNDA:0,getSelectTag
FNDA:0,getInputTag
FNDA:0,getTextAreaTag
FNDA:0,nascondiForm
FNDA:0,(anonymous_9)
FNDA:0,(anonymous_10)
FNDA:0,(anonymous_11)
FNDA:0,OperazioniNuovoItem
FNDA:0,OperazioniCercaItems
FNDA:0,(anonymous_14)
FNDA:0,(anonymous_15)
FNDA:0,OperazioniRicercaEntrateUscite
FNDA:0,OperazioniItemEsistente
FNDA:0,(anonymous_18)
FNDA:0,(anonymous_19)
FNDA:0,OperazioniFileItems
FNDA:0,OperazioniLogin
FNDA:0,OperazioniModificaProfilo
FNDA:0,CardNuovoItem
FNDA:0,(anonymous_24)
FNDA:0,(anonymous_25)
FNDA:0,(anonymous_26)
FNDA:0,CardRicercaItems
FNDA:0,(anonymous_28)
FNDA:0,(anonymous_29)
FNDA:0,(anonymous_30)
FNDA:0,CardItemEsistente
FNDA:0,(anonymous_32)
FNDA:0,(anonymous_33)
FNDA:0,(anonymous_34)
FNDA:0,(anonymous_35)
FNDA:0,(anonymous_36)
FNDA:0,(anonymous_37)
FNDA:0,(anonymous_38)
FNDA:0,(anonymous_39)
FNDA:0,(anonymous_40)
FNDA:0,(anonymous_41)
FNDA:0,(anonymous_42)
FNDA:0,(anonymous_43)
FNDA:0,CardFileItems
FNDA:0,(anonymous_45)
FNDA:0,(anonymous_46)
FNDA:0,(anonymous_47)
FNDA:0,CardLogin
FNDA:0,(anonymous_49)
FNDA:0,(anonymous_50)
FNDA:0,(anonymous_51)
FNDA:0,(anonymous_52)
FNDA:0,CardProfilo
FNDA:0,(anonymous_54)
FNDA:0,(anonymous_55)
FNDA:0,(anonymous_56)
FNDA:0,(anonymous_57)
FNDA:0,CardWidget
FNDA:0,(anonymous_59)
FNDA:0,CardEntrateLavori
FNDA:0,(anonymous_61)
FNDA:0,(anonymous_62)
FNDA:0,(anonymous_63)
FNDA:0,(anonymous_64)
FNDA:0,(anonymous_65)
FNDA:0,CardEntrateServizi
FNDA:0,(anonymous_67)
FNDA:0,CardUsciteSpese
FNDA:0,(anonymous_69)
FNDA:0,(anonymous_70)
FNDA:0,(anonymous_71)
FNDA:0,CardRicavi
FNDA:0,(anonymous_73)
FNDA:0,CardInformazioni
FNDA:0,CardEntrateUscite
FNDA:0,(anonymous_76)
FNDA:0,(anonymous_77)
FNDA:0,(anonymous_78)
FNDA:0,(anonymous_79)
FNDA:0,(anonymous_80)
DA:26,0
DA:31,0
DA:32,0
DA:33,0
DA:37,0
DA:38,0
DA:39,0
DA:40,0
DA:44,0
DA:51,0
DA:57,0
DA:63,0
DA:73,0
DA:83,0
DA:84,0
DA:85,0
DA:90,0
DA:106,0
DA:118,0
DA:125,0
DA:133,0
DA:145,0
DA:146,0
DA:148,0
DA:153,0
DA:159,0
DA:166,0
DA:187,0
DA:199,0
DA:211,0
DA:213,0
DA:214,0
DA:215,0
DA:218,0
DA:224,0
DA:227,0
DA:241,0
DA:259,0
DA:260,0
DA:261,0
DA:262,0
DA:263,0
DA:265,0
DA:266,0
DA:267,0
DA:270,0
DA:276,0
DA:279,0
DA:292,0
DA:311,0
DA:312,0
DA:313,0
DA:316,0
DA:317,0
DA:318,0
DA:321,0
DA:322,0
DA:323,0
DA:324,0
DA:326,0
DA:328,0
DA:331,0
DA:332,0
DA:335,0
DA:338,0
DA:339,0
DA:342,0
DA:345,0
DA:346,0
DA:349,0
DA:353,0
DA:354,0
DA:355,0
DA:358,0
DA:361,0
DA:362,0
DA:365,0
DA:368,0
DA:369,0
DA:371,0
DA:372,0
DA:377,0
DA:378,0
DA:385,0
DA:386,0
DA:387,0
DA:389,0
DA:390,0
DA:394,0
DA:399,0
DA:403,0
DA:407,0
DA:415,0
DA:416,0
DA:417,0
DA:419,0
DA:434,0
DA:436,0
DA:437,0
DA:438,0
DA:441,0
DA:447,0
DA:450,0
DA:464,0
DA:481,0
DA:482,0
DA:484,0
DA:485,0
DA:486,0
DA:489,0
DA:490,0
DA:491,0
DA:494,0
DA:500,0
DA:503,0
DA:504,0
DA:520,0
DA:550,0
DA:551,0
DA:552,0
DA:553,0
DA:555,0
DA:556,0
DA:557,0
DA:558,0
DA:560,0
DA:561,0
DA:563,0
DA:564,0
DA:568,0
DA:574,0
DA:578,0
DA:584,0
DA:603,0
DA:614,0
DA:634,0
DA:648,0
DA:674,0
DA:725,0
DA:728,0
DA:745,0
DA:763,0
DA:764,0
DA:771,0
DA:772,0
DA:781,0
DA:782,0
DA:816,0
DA:892,0
DA:943,0
DA:946,0
DA:963,0
DA:982,0
DA:1033,0
DA:1088,0
DA:1108,0
DA:1109,0
DA:1121,0
DA:1122,0
DA:1128,0
DA:1129,0
DA:1139,0
LF:162
LH:0
BRDA:26,0,0,0
BRDA:26,0,1,0
BRDA:27,1,0,0
BRDA:27,1,1,0
BRDA:27,2,0,0
BRDA:27,2,1,0
BRDA:39,3,0,0
BRDA:39,3,1,0
BRDA:44,4,0,0
BRDA:44,4,1,0
BRDA:44,5,0,0
BRDA:44,5,1,0
BRDA:45,6,0,0
BRDA:45,6,1,0
BRDA:51,7,0,0
BRDA:51,7,1,0
BRDA:51,8,0,0
BRDA:51,8,1,0
BRDA:52,9,0,0
BRDA:52,9,1,0
BRDA:57,10,0,0
BRDA:57,10,1,0
BRDA:57,11,0,0
BRDA:57,11,1,0
BRDA:58,12,0,0
BRDA:58,12,1,0
BRDA:63,13,0,0
BRDA:63,13,1,0
BRDA:64,14,0,0
BRDA:64,14,1,0
BRDA:64,15,0,0
BRDA:64,15,1,0
BRDA:65,16,0,0
BRDA:65,16,1,0
BRDA:68,17,0,0
BRDA:68,17,1,0
BRDA:73,18,0,0
BRDA:73,18,1,0
BRDA:74,19,0,0
BRDA:74,19,1,0
BRDA:74,20,0,0
BRDA:74,20,1,0
BRDA:75,21,0,0
BRDA:75,21,1,0
BRDA:78,22,0,0
BRDA:78,22,1,0
BRDA:114,23,0,0
BRDA:114,23,1,0
BRDA:121,24,0,0
BRDA:121,24,1,0
BRDA:224,25,0,0
BRDA:224,25,1,0
BRDA:236,26,0,0
BRDA:236,26,1,0
BRDA:245,27,0,0
BRDA:245,27,1,0
BRDA:261,28,0,0
BRDA:261,28,1,0
BRDA:276,29,0,0
BRDA:276,29,1,0
BRDA:287,30,0,0
BRDA:287,30,1,0
BRDA:328,31,0,0
BRDA:328,31,1,0
BRDA:331,32,0,0
BRDA:331,32,1,0
BRDA:335,33,0,0
BRDA:335,33,1,0
BRDA:338,34,0,0
BRDA:338,34,1,0
BRDA:342,35,0,0
BRDA:342,35,1,0
BRDA:345,36,0,0
BRDA:345,36,1,0
BRDA:349,37,0,0
BRDA:349,37,1,0
BRDA:353,38,0,0
BRDA:353,38,1,0
BRDA:354,39,0,0
BRDA:354,39,1,0
BRDA:354,40,0,0
BRDA:354,40,1,0
BRDA:358,41,0,0
BRDA:358,41,1,0
BRDA:361,42,0,0
BRDA:361,42,1,0
BRDA:365,43,0,0
BRDA:365,43,1,0
BRDA:368,44,0,0
BRDA:368,44,1,0
BRDA:371,45,0,0
BRDA:371,45,1,0
BRDA:371,46,0,0
BRDA:371,46,1,0
BRDA:371,47,0,0
BRDA:371,47,1,0
BRDA:371,47,2,0
BRDA:371,47,3,0
BRDA:377,48,0,0
BRDA:377,48,1,0
BRDA:386,49,0,0
BRDA:386,49,1,0
BRDA:389,50,0,0
BRDA:389,50,1,0
BRDA:399,51,0,0
BRDA:399,51,1,0
BRDA:423,52,0,0
BRDA:423,52,1,0
BRDA:447,53,0,0
BRDA:447,53,1,0
BRDA:486,54,0,0
BRDA:486,54,1,0
BRDA:500,55,0,0
BRDA:500,55,1,0
BRDA:503,56,0,0
BRDA:503,56,1,0
BRDA:508,57,0,0
BRDA:508,57,1,0
BRDA:512,58,0,0
BRDA:512,58,1,0
BRDA:522,59,0,0
BRDA:522,59,1,0
BRDA:536,60,0,0
BRDA:536,60,1,0
BRDA:557,61,0,0
BRDA:557,61,1,0
BRDA:558,62,0,0
BRDA:558,62,1,0
BRDA:560,63,0,0
BRDA:560,63,1,0
BRDA:561,64,0,0
BRDA:561,64,1,0
BRDA:563,65,0,0
BRDA:563,65,1,0
BRDA:564,66,0,0
BRDA:564,66,1,0
BRDA:574,67,0,0
BRDA:574,67,1,0
BRDA:578,68,0,0
BRDA:578,68,1,0
BRDA:579,69,0,0
BRDA:579,69,1,0
BRDA:579,69,2,0
BRDA:579,69,3,0
BRDA:579,69,4,0
BRDA:579,69,5,0
BRDA:588,70,0,0
BRDA:588,70,1,0
BRDA:592,71,0,0
BRDA:592,71,1,0
BRDA:593,72,0,0
BRDA:593,72,1,0
BRDA:593,73,0,0
BRDA:593,73,1,0
BRDA:605,74,0,0
BRDA:605,74,1,0
BRDA:620,75,0,0
BRDA:620,75,1,0
BRDA:725,76,0,0
BRDA:725,76,1,0
BRDA:731,77,0,0
BRDA:731,77,1,0
BRDA:735,78,0,0
BRDA:735,78,1,0
BRDA:748,79,0,0
BRDA:748,79,1,0
BRDA:752,80,0,0
BRDA:752,80,1,0
BRDA:817,81,0,0
BRDA:817,81,1,0
BRDA:817,81,2,0
BRDA:943,82,0,0
BRDA:943,82,1,0
BRDA:949,83,0,0
BRDA:949,83,1,0
BRDA:953,84,0,0
BRDA:953,84,1,0
BRDA:966,85,0,0
BRDA:966,85,1,0
BRDA:970,86,0,0
BRDA:970,86,1,0
BRDA:1033,87,0,0
BRDA:1033,87,1,0
BRDA:1040,88,0,0
BRDA:1040,88,1,0
BRDA:1092,89,0,0
BRDA:1092,89,1,0
BRDA:1098,90,0,0
BRDA:1098,90,1,0
BRF:189
BRH:0
end_of_record
TN:
SF:src\riutilizzabile\card_item\StyledCardItem.js
FN:64,(anonymous_0)
FNF:1
FNH:0
FNDA:0,(anonymous_0)
DA:13,0
DA:15,0
DA:26,0
DA:33,0
DA:49,0
DA:56,0
DA:63,0
DA:64,0
DA:71,0
DA:83,0
DA:87,0
DA:91,0
DA:95,0
DA:107,0
DA:111,0
DA:115,0
DA:119,0
DA:124,0
DA:132,0
DA:140,0
DA:145,0
DA:151,0
DA:159,0
DA:164,0
DA:172,0
DA:180,0
DA:188,0
DA:192,0
DA:200,0
DA:205,0
DA:209,0
DA:214,0
DA:218,0
DA:226,0
DA:234,0
DA:242,0
DA:251,0
DA:261,0
DA:265,0
DA:269,0
DA:273,0
DA:281,0
LF:42
LH:0
BRDA:64,0,0,0
BRDA:64,0,1,0
BRF:2
BRH:0
end_of_record
TN:
SF:src\riutilizzabile\form_item\FormItem.jsx
FN:19,getSelectTag
FN:25,getInputTag
FN:35,getTextAreaTag
FN:45,(anonymous_3)
FN:46,(anonymous_4)
FN:48,(anonymous_5)
FN:49,(anonymous_6)
FN:53,OperazioniCambioTipoForm
FN:54,(anonymous_8)
FN:91,OperazioniCambioTipoForm2
FN:92,(anonymous_10)
FN:105,(anonymous_11)
FN:110,(anonymous_12)
FN:115,(anonymous_13)
FN:124,(anonymous_14)
FN:129,(anonymous_15)
FN:134,(anonymous_16)
FN:143,(anonymous_17)
FN:148,(anonymous_18)
FN:153,(anonymous_19)
FN:161,OperazioniNuovoItem
FN:177,OperazioniCercaItems
FN:190,(anonymous_22)
FN:197,(anonymous_23)
FN:204,OperazioniRicercaEntrateUscite
FN:216,OperazioniLogin
FN:228,OperazioniModificaProfilo
FN:240,OperazioniFileItems
FN:261,CambioTipoForm
FN:274,CambioTipoForm2
FN:287,FormNuovoItem
FN:295,(anonymous_31)
FN:376,FormRicercaItems
FN:390,(anonymous_33)
FN:429,FormLogin
FN:433,(anonymous_35)
FN:442,(anonymous_36)
FN:496,FormProfilo
FN:502,(anonymous_38)
FN:519,(anonymous_39)
FN:562,(anonymous_40)
FN:581,FormFileItems
FN:592,(anonymous_42)
FN:629,FormEntrateUscite
FN:644,(anonymous_44)
FN:651,(anonymous_45)
FN:662,(anonymous_46)
FNF:47
FNH:0
FNDA:0,getSelectTag
FNDA:0,getInputTag
FNDA:0,getTextAreaTag
FNDA:0,(anonymous_3)
FNDA:0,(anonymous_4)
FNDA:0,(anonymous_5)
FNDA:0,(anonymous_6)
FNDA:0,OperazioniCambioTipoForm
FNDA:0,(anonymous_8)
FNDA:0,OperazioniCambioTipoForm2
FNDA:0,(anonymous_10)
FNDA:0,(anonymous_11)
FNDA:0,(anonymous_12)
FNDA:0,(anonymous_13)
FNDA:0,(anonymous_14)
FNDA:0,(anonymous_15)
FNDA:0,(anonymous_16)
FNDA:0,(anonymous_17)
FNDA:0,(anonymous_18)
FNDA:0,(anonymous_19)
FNDA:0,OperazioniNuovoItem
FNDA:0,OperazioniCercaItems
FNDA:0,(anonymous_22)
FNDA:0,(anonymous_23)
FNDA:0,OperazioniRicercaEntrateUscite
FNDA:0,OperazioniLogin
FNDA:0,OperazioniModificaProfilo
FNDA:0,OperazioniFileItems
FNDA:0,CambioTipoForm
FNDA:0,CambioTipoForm2
FNDA:0,FormNuovoItem
FNDA:0,(anonymous_31)
FNDA:0,FormRicercaItems
FNDA:0,(anonymous_33)
FNDA:0,FormLogin
FNDA:0,(anonymous_35)
FNDA:0,(anonymous_36)
FNDA:0,FormProfilo
FNDA:0,(anonymous_38)
FNDA:0,(anonymous_39)
FNDA:0,(anonymous_40)
FNDA:0,FormFileItems
FNDA:0,(anonymous_42)
FNDA:0,FormEntrateUscite
FNDA:0,(anonymous_44)
FNDA:0,(anonymous_45)
FNDA:0,(anonymous_46)
DA:20,0
DA:26,0
DA:36,0
DA:45,0
DA:46,0
DA:48,0
DA:49,0
DA:54,0
DA:55,0
DA:58,0
DA:92,0
DA:93,0
DA:96,0
DA:105,0
DA:110,0
DA:115,0
DA:124,0
DA:129,0
DA:134,0
DA:143,0
DA:148,0
DA:153,0
DA:162,0
DA:178,0
DA:190,0
DA:197,0
DA:205,0
DA:217,0
DA:229,0
DA:241,0
DA:262,0
DA:264,0
DA:275,0
DA:277,0
DA:288,0
DA:296,0
DA:300,0
DA:377,0
DA:378,0
DA:379,0
DA:380,0
DA:381,0
DA:383,0
DA:394,0
DA:397,0
DA:430,0
DA:431,0
DA:433,0
DA:434,0
DA:435,0
DA:438,0
DA:443,0
DA:446,0
DA:447,0
DA:497,0
DA:498,0
DA:499,0
DA:500,0
DA:502,0
DA:503,0
DA:504,0
DA:505,0
DA:507,0
DA:508,0
DA:510,0
DA:511,0
DA:515,0
DA:520,0
DA:524,0
DA:530,0
DA:562,0
DA:582,0
DA:583,0
DA:584,0
DA:585,0
DA:586,0
DA:588,0
DA:596,0
DA:599,0
DA:630,0
DA:631,0
DA:644,0
DA:651,0
DA:662,0
LF:84
LH:0
BRDA:20,0,0,0
BRDA:20,0,1,0
BRDA:20,1,0,0
BRDA:20,1,1,0
BRDA:21,2,0,0
BRDA:21,2,1,0
BRDA:26,3,0,0
BRDA:26,3,1,0
BRDA:27,4,0,0
BRDA:27,4,1,0
BRDA:27,5,0,0
BRDA:27,5,1,0
BRDA:28,6,0,0
BRDA:28,6,1,0
BRDA:31,7,0,0
BRDA:31,7,1,0
BRDA:36,8,0,0
BRDA:36,8,1,0
BRDA:37,9,0,0
BRDA:37,9,1,0
BRDA:37,10,0,0
BRDA:37,10,1,0
BRDA:38,11,0,0
BRDA:38,11,1,0
BRDA:41,12,0,0
BRDA:41,12,1,0
BRDA:55,13,0,0
BRDA:55,13,1,0
BRDA:62,14,0,0
BRDA:62,14,1,0
BRDA:100,15,0,0
BRDA:100,15,1,0
BRDA:119,16,0,0
BRDA:119,16,1,0
BRDA:138,17,0,0
BRDA:138,17,1,0
BRDA:186,18,0,0
BRDA:186,18,1,0
BRDA:193,19,0,0
BRDA:193,19,1,0
BRDA:296,20,0,0
BRDA:296,20,1,0
BRDA:303,21,0,0
BRDA:303,21,1,0
BRDA:307,22,0,0
BRDA:307,22,1,0
BRDA:321,23,0,0
BRDA:321,23,1,0
BRDA:337,24,0,0
BRDA:337,24,1,0
BRDA:351,25,0,0
BRDA:351,25,1,0
BRDA:364,26,0,0
BRDA:364,26,1,0
BRDA:379,27,0,0
BRDA:379,27,1,0
BRDA:394,28,0,0
BRDA:394,28,1,0
BRDA:435,29,0,0
BRDA:435,29,1,0
BRDA:443,30,0,0
BRDA:443,30,1,0
BRDA:446,31,0,0
BRDA:446,31,1,0
BRDA:454,32,0,0
BRDA:454,32,1,0
BRDA:461,33,0,0
BRDA:461,33,1,0
BRDA:470,34,0,0
BRDA:470,34,1,0
BRDA:483,35,0,0
BRDA:483,35,1,0
BRDA:504,36,0,0
BRDA:504,36,1,0
BRDA:505,37,0,0
BRDA:505,37,1,0
BRDA:507,38,0,0
BRDA:507,38,1,0
BRDA:508,39,0,0
BRDA:508,39,1,0
BRDA:510,40,0,0
BRDA:510,40,1,0
BRDA:511,41,0,0
BRDA:511,41,1,0
BRDA:520,42,0,0
BRDA:520,42,1,0
BRDA:524,43,0,0
BRDA:524,43,1,0
BRDA:525,44,0,0
BRDA:525,44,1,0
BRDA:525,44,2,0
BRDA:525,44,3,0
BRDA:525,44,4,0
BRDA:525,44,5,0
BRDA:536,45,0,0
BRDA:536,45,1,0
BRDA:543,46,0,0
BRDA:543,46,1,0
BRDA:544,47,0,0
BRDA:544,47,1,0
BRDA:544,48,0,0
BRDA:544,48,1,0
BRDA:555,49,0,0
BRDA:555,49,1,0
BRDA:568,50,0,0
BRDA:568,50,1,0
BRDA:584,51,0,0
BRDA:584,51,1,0
BRDA:596,52,0,0
BRDA:596,52,1,0
BRF:110
BRH:0
end_of_record
TN:
SF:src\riutilizzabile\form_item\StyledFormItem.js
FN:42,(anonymous_0)
FNF:1
FNH:0
FNDA:0,(anonymous_0)
DA:13,0
DA:15,0
DA:27,0
DA:34,0
DA:41,0
DA:42,0
DA:48,0
DA:55,0
DA:70,0
DA:82,0
DA:94,0
DA:98,0
DA:102,0
DA:106,0
DA:118,0
DA:122,0
DA:126,0
DA:130,0
DA:136,0
DA:143,0
DA:150,0
DA:154,0
DA:158,0
DA:163,0
DA:168,0
DA:174,0
DA:178,0
DA:182,0
DA:187,0
DA:192,0
DA:196,0
DA:200,0
DA:204,0
DA:208,0
DA:212,0
DA:217,0
DA:221,0
DA:225,0
DA:229,0
DA:239,0
DA:247,0
DA:255,0
DA:263,0
DA:278,0
DA:288,0
DA:292,0
DA:296,0
DA:300,0
DA:307,0
DA:313,0
LF:50
LH:0
BRDA:42,0,0,0
BRDA:42,0,1,0
BRF:2
BRH:0
end_of_record
TN:
SF:src\riutilizzabile\row_item\RowItem.jsx
FN:22,(anonymous_0)
FN:27,getSelectTag
FN:33,getInputTag
FN:43,getTextAreaTag
FN:53,(anonymous_4)
FN:56,(anonymous_5)
FN:57,(anonymous_6)
FN:64,(anonymous_7)
FN:65,(anonymous_8)
FN:69,(anonymous_9)
FN:72,(anonymous_10)
FN:73,(anonymous_11)
FN:80,(anonymous_12)
FN:81,(anonymous_13)
FN:85,getPencilTag
FN:91,getTrashTag
FN:97,OperazioniNuovoItem
FN:109,OperazioniCercaItems
FN:123,(anonymous_18)
FN:130,(anonymous_19)
FN:138,OperazioniRicercaEntrateUscite
FN:152,OperazioniItemEsistente
FN:161,(anonymous_22)
FN:167,(anonymous_23)
FN:174,OperazioniFileItems
FN:198,OperazioniLogin
FN:210,OperazioniModificaProfilo
FN:222,RowNuovoItem
FN:226,(anonymous_28)
FN:234,(anonymous_29)
FN:258,(anonymous_30)
FN:284,RowRicercaItems
FN:290,(anonymous_32)
FN:304,(anonymous_33)
FN:327,(anonymous_34)
FN:351,RowItemEsistente
FN:353,(anonymous_36)
FN:354,(anonymous_37)
FN:357,(anonymous_38)
FN:362,(anonymous_39)
FN:419,(anonymous_40)
FN:426,(anonymous_41)
FN:450,(anonymous_42)
FN:468,(anonymous_43)
FN:469,(anonymous_44)
FN:470,(anonymous_45)
FN:472,(anonymous_46)
FN:492,RowFileItems
FN:493,(anonymous_48)
FN:505,(anonymous_49)
FN:525,(anonymous_50)
FN:537,RowLogin
FN:540,(anonymous_52)
FN:545,(anonymous_53)
FN:553,(anonymous_54)
FN:576,(anonymous_55)
FN:600,RowProfilo
FN:605,(anonymous_57)
FN:621,(anonymous_58)
FN:654,(anonymous_59)
FN:664,(anonymous_60)
FN:679,RowEntrateUscite
FN:683,(anonymous_62)
FN:707,(anonymous_63)
FN:708,(anonymous_64)
FN:717,(anonymous_65)
FN:719,(anonymous_66)
FNF:67
FNH:0
FNDA:0,(anonymous_0)
FNDA:0,getSelectTag
FNDA:0,getInputTag
FNDA:0,getTextAreaTag
FNDA:0,(anonymous_4)
FNDA:0,(anonymous_5)
FNDA:0,(anonymous_6)
FNDA:0,(anonymous_7)
FNDA:0,(anonymous_8)
FNDA:0,(anonymous_9)
FNDA:0,(anonymous_10)
FNDA:0,(anonymous_11)
FNDA:0,(anonymous_12)
FNDA:0,(anonymous_13)
FNDA:0,getPencilTag
FNDA:0,getTrashTag
FNDA:0,OperazioniNuovoItem
FNDA:0,OperazioniCercaItems
FNDA:0,(anonymous_18)
FNDA:0,(anonymous_19)
FNDA:0,OperazioniRicercaEntrateUscite
FNDA:0,OperazioniItemEsistente
FNDA:0,(anonymous_22)
FNDA:0,(anonymous_23)
FNDA:0,OperazioniFileItems
FNDA:0,OperazioniLogin
FNDA:0,OperazioniModificaProfilo
FNDA:0,RowNuovoItem
FNDA:0,(anonymous_28)
FNDA:0,(anonymous_29)
FNDA:0,(anonymous_30)
FNDA:0,RowRicercaItems
FNDA:0,(anonymous_32)
FNDA:0,(anonymous_33)
FNDA:0,(anonymous_34)
FNDA:0,RowItemEsistente
FNDA:0,(anonymous_36)
FNDA:0,(anonymous_37)
FNDA:0,(anonymous_38)
FNDA:0,(anonymous_39)
FNDA:0,(anonymous_40)
FNDA:0,(anonymous_41)
FNDA:0,(anonymous_42)
FNDA:0,(anonymous_43)
FNDA:0,(anonymous_44)
FNDA:0,(anonymous_45)
FNDA:0,(anonymous_46)
FNDA:0,RowFileItems
FNDA:0,(anonymous_48)
FNDA:0,(anonymous_49)
FNDA:0,(anonymous_50)
FNDA:0,RowLogin
FNDA:0,(anonymous_52)
FNDA:0,(anonymous_53)
FNDA:0,(anonymous_54)
FNDA:0,(anonymous_55)
FNDA:0,RowProfilo
FNDA:0,(anonymous_57)
FNDA:0,(anonymous_58)
FNDA:0,(anonymous_59)
FNDA:0,(anonymous_60)
FNDA:0,RowEntrateUscite
FNDA:0,(anonymous_62)
FNDA:0,(anonymous_63)
FNDA:0,(anonymous_64)
FNDA:0,(anonymous_65)
FNDA:0,(anonymous_66)
DA:22,0
DA:23,0
DA:24,0
DA:28,0
DA:34,0
DA:44,0
DA:53,0
DA:54,0
DA:55,0
DA:56,0
DA:57,0
DA:58,0
DA:59,0
DA:60,0
DA:64,0
DA:65,0
DA:69,0
DA:70,0
DA:71,0
DA:72,0
DA:73,0
DA:74,0
DA:75,0
DA:76,0
DA:80,0
DA:81,0
DA:86,0
DA:92,0
DA:98,0
DA:110,0
DA:123,0
DA:130,0
DA:139,0
DA:153,0
DA:154,0
DA:155,0
DA:161,0
DA:167,0
DA:175,0
DA:199,0
DA:211,0
DA:223,0
DA:224,0
DA:226,0
DA:227,0
DA:228,0
DA:231,0
DA:238,0
DA:241,0
DA:258,0
DA:285,0
DA:286,0
DA:287,0
DA:288,0
DA:290,0
DA:291,0
DA:292,0
DA:295,0
DA:305,0
DA:308,0
DA:327,0
DA:352,0
DA:353,0
DA:354,0
DA:357,0
DA:358,0
DA:359,0
DA:362,0
DA:363,0
DA:364,0
DA:365,0
DA:367,0
DA:369,0
DA:372,0
DA:373,0
DA:376,0
DA:379,0
DA:380,0
DA:383,0
DA:386,0
DA:387,0
DA:390,0
DA:394,0
DA:395,0
DA:396,0
DA:399,0
DA:402,0
DA:403,0
DA:406,0
DA:409,0
DA:410,0
DA:412,0
DA:413,0
DA:418,0
DA:419,0
DA:426,0
DA:427,0
DA:428,0
DA:432,0
DA:451,0
DA:454,0
DA:468,0
DA:469,0
DA:470,0
DA:472,0
DA:493,0
DA:494,0
DA:495,0
DA:498,0
DA:506,0
DA:509,0
DA:525,0
DA:538,0
DA:540,0
DA:541,0
DA:542,0
DA:545,0
DA:546,0
DA:547,0
DA:550,0
DA:554,0
DA:557,0
DA:558,0
DA:576,0
DA:601,0
DA:602,0
DA:603,0
DA:605,0
DA:606,0
DA:607,0
DA:608,0
DA:610,0
DA:611,0
DA:613,0
DA:614,0
DA:618,0
DA:622,0
DA:626,0
DA:633,0
DA:654,0
DA:664,0
DA:680,0
DA:681,0
DA:683,0
DA:707,0
DA:708,0
DA:717,0
DA:719,0
LF:148
LH:0
BRDA:28,0,0,0
BRDA:28,0,1,0
BRDA:28,1,0,0
BRDA:28,1,1,0
BRDA:29,2,0,0
BRDA:29,2,1,0
BRDA:34,3,0,0
BRDA:34,3,1,0
BRDA:35,4,0,0
BRDA:35,4,1,0
BRDA:35,5,0,0
BRDA:35,5,1,0
BRDA:36,6,0,0
BRDA:36,6,1,0
BRDA:39,7,0,0
BRDA:39,7,1,0
BRDA:44,8,0,0
BRDA:44,8,1,0
BRDA:45,9,0,0
BRDA:45,9,1,0
BRDA:45,10,0,0
BRDA:45,10,1,0
BRDA:46,11,0,0
BRDA:46,11,1,0
BRDA:49,12,0,0
BRDA:49,12,1,0
BRDA:86,13,0,0
BRDA:86,13,1,0
BRDA:86,14,0,0
BRDA:86,14,1,0
BRDA:87,15,0,0
BRDA:87,15,1,0
BRDA:92,16,0,0
BRDA:92,16,1,0
BRDA:92,17,0,0
BRDA:92,17,1,0
BRDA:93,18,0,0
BRDA:93,18,1,0
BRDA:119,19,0,0
BRDA:119,19,1,0
BRDA:126,20,0,0
BRDA:126,20,1,0
BRDA:238,21,0,0
BRDA:238,21,1,0
BRDA:248,22,0,0
BRDA:248,22,1,0
BRDA:260,23,0,0
BRDA:260,23,1,0
BRDA:274,24,0,0
BRDA:274,24,1,0
BRDA:305,25,0,0
BRDA:305,25,1,0
BRDA:313,26,0,0
BRDA:313,26,1,0
BRDA:316,27,0,0
BRDA:316,27,1,0
BRDA:329,28,0,0
BRDA:329,28,1,0
BRDA:369,29,0,0
BRDA:369,29,1,0
BRDA:372,30,0,0
BRDA:372,30,1,0
BRDA:376,31,0,0
BRDA:376,31,1,0
BRDA:379,32,0,0
BRDA:379,32,1,0
BRDA:383,33,0,0
BRDA:383,33,1,0
BRDA:386,34,0,0
BRDA:386,34,1,0
BRDA:390,35,0,0
BRDA:390,35,1,0
BRDA:394,36,0,0
BRDA:394,36,1,0
BRDA:395,37,0,0
BRDA:395,37,1,0
BRDA:395,38,0,0
BRDA:395,38,1,0
BRDA:399,39,0,0
BRDA:399,39,1,0
BRDA:402,40,0,0
BRDA:402,40,1,0
BRDA:406,41,0,0
BRDA:406,41,1,0
BRDA:409,42,0,0
BRDA:409,42,1,0
BRDA:412,43,0,0
BRDA:412,43,1,0
BRDA:412,44,0,0
BRDA:412,44,1,0
BRDA:412,45,0,0
BRDA:412,45,1,0
BRDA:412,45,2,0
BRDA:412,45,3,0
BRDA:418,46,0,0
BRDA:418,46,1,0
BRDA:427,47,0,0
BRDA:427,47,1,0
BRDA:451,48,0,0
BRDA:451,48,1,0
BRDA:460,49,0,0
BRDA:460,49,1,0
BRDA:474,50,0,0
BRDA:474,50,1,0
BRDA:482,51,0,0
BRDA:482,51,1,0
BRDA:506,52,0,0
BRDA:506,52,1,0
BRDA:542,53,0,0
BRDA:542,53,1,0
BRDA:554,54,0,0
BRDA:554,54,1,0
BRDA:557,55,0,0
BRDA:557,55,1,0
BRDA:564,56,0,0
BRDA:564,56,1,0
BRDA:568,57,0,0
BRDA:568,57,1,0
BRDA:578,58,0,0
BRDA:578,58,1,0
BRDA:590,59,0,0
BRDA:590,59,1,0
BRDA:607,60,0,0
BRDA:607,60,1,0
BRDA:608,61,0,0
BRDA:608,61,1,0
BRDA:610,62,0,0
BRDA:610,62,1,0
BRDA:611,63,0,0
BRDA:611,63,1,0
BRDA:613,64,0,0
BRDA:613,64,1,0
BRDA:614,65,0,0
BRDA:614,65,1,0
BRDA:622,66,0,0
BRDA:622,66,1,0
BRDA:626,67,0,0
BRDA:626,67,1,0
BRDA:627,68,0,0
BRDA:627,68,1,0
BRDA:627,68,2,0
BRDA:627,68,3,0
BRDA:627,68,4,0
BRDA:627,68,5,0
BRDA:639,69,0,0
BRDA:639,69,1,0
BRDA:643,70,0,0
BRDA:643,70,1,0
BRDA:644,71,0,0
BRDA:644,71,1,0
BRDA:644,72,0,0
BRDA:644,72,1,0
BRDA:656,73,0,0
BRDA:656,73,1,0
BRDA:669,74,0,0
BRDA:669,74,1,0
BRF:156
BRH:0
end_of_record
TN:
SF:src\riutilizzabile\row_item\StyledRowItem.js
FN:42,(anonymous_0)
FNF:1
FNH:0
FNDA:0,(anonymous_0)
DA:11,0
DA:13,0
DA:22,0
DA:39,0
DA:42,0
DA:48,0
DA:53,0
DA:62,0
DA:67,0
DA:72,0
DA:78,0
DA:101,0
DA:105,0
DA:109,0
DA:113,0
DA:117,0
DA:121,0
DA:125,0
DA:129,0
DA:133,0
DA:137,0
DA:146,0
DA:154,0
DA:162,0
DA:167,0
DA:175,0
DA:180,0
DA:186,0
DA:194,0
DA:199,0
DA:207,0
DA:215,0
DA:223,0
DA:227,0
DA:235,0
DA:240,0
DA:244,0
DA:249,0
DA:253,0
DA:261,0
DA:269,0
DA:277,0
DA:287,0
DA:291,0
DA:295,0
DA:299,0
DA:306,0
LF:47
LH:0
BRDA:42,0,0,0
BRDA:42,0,1,0
BRF:2
BRH:0
end_of_record
TN:
SF:src\store\store.js
FNF:0
FNH:0
DA:12,0
LF:1
LH:0
BRF:0
BRH:0
end_of_record
TN:
SF:src\store\slice\AutenticazioneSlice.js
FN:4,(anonymous_0)
FN:15,(anonymous_1)
FN:38,(anonymous_2)
FN:45,(anonymous_3)
FN:52,(anonymous_4)
FNF:5
FNH:0
FNDA:0,(anonymous_0)
FNDA:0,(anonymous_1)
FNDA:0,(anonymous_2)
FNDA:0,(anonymous_3)
FNDA:0,(anonymous_4)
DA:4,0
DA:5,0
DA:6,0
DA:7,0
DA:10,0
DA:11,0
DA:15,0
DA:16,0
DA:17,0
DA:18,0
DA:21,0
DA:25,0
DA:34,0
DA:39,0
DA:40,0
DA:41,0
DA:42,0
DA:43,0
DA:46,0
DA:47,0
DA:48,0
DA:49,0
DA:50,0
DA:53,0
DA:54,0
DA:55,0
DA:56,0
DA:61,0
DA:66,0
LF:29
LH:0
BRDA:7,0,0,0
BRDA:7,0,1,0
BRDA:25,1,0,0
BRDA:25,1,1,0
BRF:4
BRH:0
end_of_record
TN:
SF:src\store\slice\ClienteSlice.js
FN:12,(anonymous_0)
FN:15,(anonymous_1)
FN:25,(anonymous_2)
FN:35,(anonymous_3)
FN:47,(anonymous_4)
FN:59,(anonymous_5)
FNF:6
FNH:0
FNDA:0,(anonymous_0)
FNDA:0,(anonymous_1)
FNDA:0,(anonymous_2)
FNDA:0,(anonymous_3)
FNDA:0,(anonymous_4)
FNDA:0,(anonymous_5)
DA:4,0
DA:13,0
DA:16,0
DA:17,0
DA:18,0
DA:19,0
DA:20,0
DA:26,0
DA:27,0
DA:28,0
DA:29,0
DA:30,0
DA:36,0
DA:37,0
DA:38,0
DA:39,0
DA:40,0
DA:41,0
DA:42,0
DA:48,0
DA:49,0
DA:50,0
DA:51,0
DA:52,0
DA:53,0
DA:54,0
DA:60,0
DA:61,0
DA:63,0
DA:68,0
DA:77,0
LF:31
LH:0
BRDA:16,0,0,0
BRDA:16,0,1,0
BRDA:16,1,0,0
BRDA:16,1,1,0
BRDA:18,2,0,0
BRDA:18,2,1,0
BRDA:26,3,0,0
BRDA:26,3,1,0
BRDA:26,4,0,0
BRDA:26,4,1,0
BRDA:28,5,0,0
BRDA:28,5,1,0
BRDA:36,6,0,0
BRDA:36,6,1,0
BRDA:36,7,0,0
BRDA:36,7,1,0
BRDA:38,8,0,0
BRDA:38,8,1,0
BRDA:48,9,0,0
BRDA:48,9,1,0
BRDA:48,10,0,0
BRDA:48,10,1,0
BRDA:50,11,0,0
BRDA:50,11,1,0
BRDA:60,12,0,0
BRDA:60,12,1,0
BRF:26
BRH:0
end_of_record
TN:
SF:src\store\slice\LavoroSlice.js
FN:4,(anonymous_0)
FN:26,(anonymous_1)
FN:29,(anonymous_2)
FN:39,(anonymous_3)
FN:49,(anonymous_4)
FN:63,(anonymous_5)
FN:77,(anonymous_6)
FN:83,(anonymous_7)
FNF:8
FNH:0
FNDA:0,(anonymous_0)
FNDA:0,(anonymous_1)
FNDA:0,(anonymous_2)
FNDA:0,(anonymous_3)
FNDA:0,(anonymous_4)
FNDA:0,(anonymous_5)
FNDA:0,(anonymous_6)
FNDA:0,(anonymous_7)
DA:4,0
DA:5,0
DA:6,0
DA:7,0
DA:8,0
DA:10,0
DA:17,0
DA:27,0
DA:30,0
DA:31,0
DA:32,0
DA:33,0
DA:34,0
DA:40,0
DA:41,0
DA:42,0
DA:43,0
DA:44,0
DA:50,0
DA:51,0
DA:52,0
DA:53,0
DA:54,0
DA:55,0
DA:56,0
DA:57,0
DA:58,0
DA:64,0
DA:65,0
DA:66,0
DA:67,0
DA:68,0
DA:69,0
DA:70,0
DA:71,0
DA:72,0
DA:78,0
DA:79,0
DA:81,0
DA:84,0
DA:89,0
DA:98,0
LF:42
LH:0
BRDA:30,0,0,0
BRDA:30,0,1,0
BRDA:30,1,0,0
BRDA:30,1,1,0
BRDA:32,2,0,0
BRDA:32,2,1,0
BRDA:40,3,0,0
BRDA:40,3,1,0
BRDA:40,4,0,0
BRDA:40,4,1,0
BRDA:42,5,0,0
BRDA:42,5,1,0
BRDA:50,6,0,0
BRDA:50,6,1,0
BRDA:50,7,0,0
BRDA:50,7,1,0
BRDA:52,8,0,0
BRDA:52,8,1,0
BRDA:64,9,0,0
BRDA:64,9,1,0
BRDA:64,10,0,0
BRDA:64,10,1,0
BRDA:66,11,0,0
BRDA:66,11,1,0
BRDA:78,12,0,0
BRDA:78,12,1,0
BRF:26
BRH:0
end_of_record
TN:
SF:src\store\slice\SaloneSlice.js
FN:17,(anonymous_0)
FN:28,(anonymous_1)
FN:71,(anonymous_2)
FN:90,(anonymous_3)
FN:97,(anonymous_4)
FN:109,(anonymous_5)
FNF:6
FNH:0
FNDA:0,(anonymous_0)
FNDA:0,(anonymous_1)
FNDA:0,(anonymous_2)
FNDA:0,(anonymous_3)
FNDA:0,(anonymous_4)
FNDA:0,(anonymous_5)
DA:13,0
DA:14,0
DA:15,0
DA:17,0
DA:18,0
DA:19,0
DA:20,0
DA:23,0
DA:24,0
DA:28,0
DA:29,0
DA:30,0
DA:31,0
DA:34,0
DA:38,0
DA:71,0
DA:72,0
DA:73,0
DA:75,0
DA:76,0
DA:78,0
DA:79,0
DA:81,0
DA:86,0
DA:92,0
DA:93,0
DA:94,0
DA:95,0
DA:99,0
DA:103,0
DA:104,0
DA:105,0
DA:107,0
DA:111,0
DA:115,0
DA:116,0
DA:117,0
DA:119,0
DA:124,0
DA:130,0
LF:40
LH:0
BRDA:20,0,0,0
BRDA:20,0,1,0
BRDA:38,1,0,0
BRDA:38,1,1,0
BRDA:72,2,0,0
BRDA:72,2,1,0
BRDA:75,3,0,0
BRDA:75,3,1,0
BRDA:78,4,0,0
BRDA:78,4,1,0
BRDA:104,5,0,0
BRDA:104,5,1,0
BRDA:104,6,0,0
BRDA:104,6,1,0
BRDA:116,7,0,0
BRDA:116,7,1,0
BRDA:116,8,0,0
BRDA:116,8,1,0
BRF:18
BRH:0
end_of_record
TN:
SF:src\store\slice\ServizioSlice.js
FN:12,(anonymous_0)
FN:15,(anonymous_1)
FN:25,(anonymous_2)
FN:35,(anonymous_3)
FN:48,(anonymous_4)
FN:61,(anonymous_5)
FNF:6
FNH:0
FNDA:0,(anonymous_0)
FNDA:0,(anonymous_1)
FNDA:0,(anonymous_2)
FNDA:0,(anonymous_3)
FNDA:0,(anonymous_4)
FNDA:0,(anonymous_5)
DA:4,0
DA:13,0
DA:16,0
DA:17,0
DA:18,0
DA:19,0
DA:20,0
DA:26,0
DA:27,0
DA:28,0
DA:29,0
DA:30,0
DA:36,0
DA:37,0
DA:38,0
DA:39,0
DA:40,0
DA:41,0
DA:42,0
DA:43,0
DA:49,0
DA:50,0
DA:51,0
DA:52,0
DA:53,0
DA:54,0
DA:55,0
DA:56,0
DA:62,0
DA:63,0
DA:65,0
DA:70,0
DA:78,0
LF:33
LH:0
BRDA:16,0,0,0
BRDA:16,0,1,0
BRDA:16,1,0,0
BRDA:16,1,1,0
BRDA:18,2,0,0
BRDA:18,2,1,0
BRDA:26,3,0,0
BRDA:26,3,1,0
BRDA:26,4,0,0
BRDA:26,4,1,0
BRDA:28,5,0,0
BRDA:28,5,1,0
BRDA:36,6,0,0
BRDA:36,6,1,0
BRDA:36,7,0,0
BRDA:36,7,1,0
BRDA:38,8,0,0
BRDA:38,8,1,0
BRDA:49,9,0,0
BRDA:49,9,1,0
BRDA:49,10,0,0
BRDA:49,10,1,0
BRDA:51,11,0,0
BRDA:51,11,1,0
BRDA:62,12,0,0
BRDA:62,12,1,0
BRF:26
BRH:0
end_of_record
TN:
SF:src\store\slice\SpesaSlice.js
FN:13,(anonymous_0)
FN:16,(anonymous_1)
FN:26,(anonymous_2)
FN:36,(anonymous_3)
FN:49,(anonymous_4)
FN:62,(anonymous_5)
FN:68,(anonymous_6)
FNF:7
FNH:0
FNDA:0,(anonymous_0)
FNDA:0,(anonymous_1)
FNDA:0,(anonymous_2)
FNDA:0,(anonymous_3)
FNDA:0,(anonymous_4)
FNDA:0,(anonymous_5)
FNDA:0,(anonymous_6)
DA:4,0
DA:14,0
DA:17,0
DA:18,0
DA:19,0
DA:20,0
DA:21,0
DA:27,0
DA:28,0
DA:29,0
DA:30,0
DA:31,0
DA:37,0
DA:38,0
DA:39,0
DA:40,0
DA:41,0
DA:42,0
DA:43,0
DA:44,0
DA:50,0
DA:51,0
DA:52,0
DA:53,0
DA:54,0
DA:55,0
DA:56,0
DA:57,0
DA:63,0
DA:64,0
DA:66,0
DA:69,0
DA:74,0
DA:84,0
LF:34
LH:0
BRDA:17,0,0,0
BRDA:17,0,1,0
BRDA:17,1,0,0
BRDA:17,1,1,0
BRDA:19,2,0,0
BRDA:19,2,1,0
BRDA:27,3,0,0
BRDA:27,3,1,0
BRDA:27,4,0,0
BRDA:27,4,1,0
BRDA:29,5,0,0
BRDA:29,5,1,0
BRDA:37,6,0,0
BRDA:37,6,1,0
BRDA:37,7,0,0
BRDA:37,7,1,0
BRDA:39,8,0,0
BRDA:39,8,1,0
BRDA:50,9,0,0
BRDA:50,9,1,0
BRDA:50,10,0,0
BRDA:50,10,1,0
BRDA:52,11,0,0
BRDA:52,11,1,0
BRDA:63,12,0,0
BRDA:63,12,1,0
BRF:26
BRH:0
end_of_record
TN:
SF:src\store\slice\StileSlice.js
FN:4,(anonymous_0)
FN:14,(anonymous_1)
FN:36,(anonymous_2)
FN:41,(anonymous_3)
FN:46,(anonymous_4)
FN:50,(anonymous_5)
FNF:6
FNH:0
FNDA:0,(anonymous_0)
FNDA:0,(anonymous_1)
FNDA:0,(anonymous_2)
FNDA:0,(anonymous_3)
FNDA:0,(anonymous_4)
FNDA:0,(anonymous_5)
DA:4,0
DA:5,0
DA:6,0
DA:7,0
DA:9,0
DA:10,0
DA:14,0
DA:15,0
DA:16,0
DA:17,0
DA:19,0
DA:23,0
DA:32,0
DA:37,0
DA:38,0
DA:39,0
DA:42,0
DA:43,0
DA:44,0
DA:47,0
DA:48,0
DA:51,0
DA:52,0
DA:57,0
DA:64,0
LF:25
LH:0
BRDA:7,0,0,0
BRDA:7,0,1,0
BRDA:23,1,0,0
BRDA:23,1,1,0
BRF:4
BRH:0
end_of_record
TN:
SF:src\test\TestSuite.js
FN:30,(anonymous_0)
FN:31,(anonymous_1)
FNF:2
FNH:0
FNDA:0,(anonymous_0)
FNDA:0,(anonymous_1)
DA:30,0
DA:31,0
DA:32,0
LF:3
LH:0
BRF:0
BRH:0
end_of_record
TN:
SF:src\utils\Controlli.js
FN:4,(anonymous_0)
FN:9,(anonymous_1)
FN:13,(anonymous_2)
FN:18,(anonymous_3)
FN:19,(anonymous_4)
FN:25,(anonymous_5)
FN:30,(anonymous_6)
FN:99,(anonymous_7)
FN:142,(anonymous_8)
FN:203,(anonymous_9)
FN:246,(anonymous_10)
FN:299,(anonymous_11)
FNF:12
FNH:0
FNDA:0,(anonymous_0)
FNDA:0,(anonymous_1)
FNDA:0,(anonymous_2)
FNDA:0,(anonymous_3)
FNDA:0,(anonymous_4)
FNDA:0,(anonymous_5)
FNDA:0,(anonymous_6)
FNDA:0,(anonymous_7)
FNDA:0,(anonymous_8)
FNDA:0,(anonymous_9)
FNDA:0,(anonymous_10)
FNDA:0,(anonymous_11)
DA:4,0
DA:6,0
DA:9,0
DA:10,0
DA:13,0
DA:14,0
DA:15,0
DA:18,0
DA:19,0
DA:25,0
DA:26,0
DA:27,0
DA:30,0
DA:31,0
DA:32,0
DA:33,0
DA:34,0
DA:35,0
DA:36,0
DA:37,0
DA:40,0
DA:41,0
DA:42,0
DA:43,0
DA:45,0
DA:46,0
DA:47,0
DA:49,0
DA:52,0
DA:53,0
DA:54,0
DA:55,0
DA:57,0
DA:58,0
DA:59,0
DA:61,0
DA:64,0
DA:65,0
DA:66,0
DA:67,0
DA:68,0
DA:71,0
DA:72,0
DA:73,0
DA:74,0
DA:75,0
DA:76,0
DA:77,0
DA:79,0
DA:80,0
DA:81,0
DA:82,0
DA:83,0
DA:89,0
DA:90,0
DA:91,0
DA:92,0
DA:94,0
DA:96,0
DA:99,0
DA:100,0
DA:101,0
DA:102,0
DA:103,0
DA:104,0
DA:107,0
DA:108,0
DA:109,0
DA:110,0
DA:112,0
DA:113,0
DA:114,0
DA:116,0
DA:119,0
DA:120,0
DA:121,0
DA:122,0
DA:125,0
DA:126,0
DA:127,0
DA:129,0
DA:132,0
DA:133,0
DA:134,0
DA:135,0
DA:137,0
DA:139,0
DA:142,0
DA:143,0
DA:144,0
DA:145,0
DA:146,0
DA:147,0
DA:148,0
DA:149,0
DA:152,0
DA:153,0
DA:154,0
DA:155,0
DA:157,0
DA:158,0
DA:159,0
DA:161,0
DA:164,0
DA:165,0
DA:166,0
DA:167,0
DA:169,0
DA:172,0
DA:173,0
DA:174,0
DA:175,0
DA:177,0
DA:180,0
DA:181,0
DA:182,0
DA:183,0
DA:186,0
DA:187,0
DA:188,0
DA:190,0
DA:193,0
DA:194,0
DA:195,0
DA:196,0
DA:198,0
DA:200,0
DA:203,0
DA:204,0
DA:205,0
DA:207,0
DA:208,0
DA:209,0
DA:210,0
DA:213,0
DA:214,0
DA:215,0
DA:216,0
DA:218,0
DA:221,0
DA:222,0
DA:223,0
DA:225,0
DA:228,0
DA:229,0
DA:230,0
DA:231,0
DA:233,0
DA:236,0
DA:237,0
DA:238,0
DA:239,0
DA:241,0
DA:243,0
DA:246,0
DA:247,0
DA:249,0
DA:250,0
DA:253,0
DA:254,0
DA:255,0
DA:256,0
DA:258,0
DA:259,0
DA:260,0
DA:262,0
DA:265,0
DA:266,0
DA:267,0
DA:268,0
DA:270,0
DA:271,0
DA:272,0
DA:273,0
DA:274,0
DA:275,0
DA:276,0
DA:277,0
DA:279,0
DA:281,0
DA:283,0
DA:284,0
DA:285,0
DA:286,0
DA:288,0
DA:289,0
DA:290,0
DA:292,0
DA:293,0
DA:296,0
DA:299,0
DA:300,0
DA:302,0
DA:303,0
DA:306,0
DA:307,0
DA:308,0
DA:309,0
DA:311,0
DA:312,0
DA:313,0
DA:315,0
DA:318,0
DA:319,0
DA:320,0
DA:321,0
DA:323,0
DA:326,0
DA:327,0
DA:328,0
DA:329,0
DA:331,0
DA:332,0
DA:333,0
DA:335,0
DA:338,0
DA:339,0
DA:340,0
DA:341,0
DA:342,0
DA:345,0
DA:346,0
DA:347,0
DA:348,0
DA:349,0
DA:350,0
DA:351,0
DA:352,0
DA:356,0
DA:357,0
DA:359,0
LF:231
LH:0
BRDA:10,0,0,0
BRDA:10,0,1,0
BRDA:27,1,0,0
BRDA:27,1,1,0
BRDA:41,2,0,0
BRDA:41,2,1,0
BRDA:45,3,0,0
BRDA:45,3,1,0
BRDA:53,4,0,0
BRDA:53,4,1,0
BRDA:57,5,0,0
BRDA:57,5,1,0
BRDA:64,6,0,0
BRDA:64,6,1,0
BRDA:64,7,0,0
BRDA:64,7,1,0
BRDA:71,8,0,0
BRDA:71,8,1,0
BRDA:71,9,0,0
BRDA:71,9,1,0
BRDA:71,9,2,0
BRDA:80,10,0,0
BRDA:80,10,1,0
BRDA:80,11,0,0
BRDA:80,11,1,0
BRDA:90,12,0,0
BRDA:90,12,1,0
BRDA:108,13,0,0
BRDA:108,13,1,0
BRDA:112,14,0,0
BRDA:112,14,1,0
BRDA:120,15,0,0
BRDA:120,15,1,0
BRDA:122,16,0,0
BRDA:122,16,1,0
BRDA:125,17,0,0
BRDA:125,17,1,0
BRDA:133,18,0,0
BRDA:133,18,1,0
BRDA:153,19,0,0
BRDA:153,19,1,0
BRDA:157,20,0,0
BRDA:157,20,1,0
BRDA:165,21,0,0
BRDA:165,21,1,0
BRDA:173,22,0,0
BRDA:173,22,1,0
BRDA:181,23,0,0
BRDA:181,23,1,0
BRDA:183,24,0,0
BRDA:183,24,1,0
BRDA:186,25,0,0
BRDA:186,25,1,0
BRDA:194,26,0,0
BRDA:194,26,1,0
BRDA:214,27,0,0
BRDA:214,27,1,0
BRDA:221,28,0,0
BRDA:221,28,1,0
BRDA:229,29,0,0
BRDA:229,29,1,0
BRDA:237,30,0,0
BRDA:237,30,1,0
BRDA:254,31,0,0
BRDA:254,31,1,0
BRDA:258,32,0,0
BRDA:258,32,1,0
BRDA:266,33,0,0
BRDA:266,33,1,0
BRDA:270,34,0,0
BRDA:270,34,1,0
BRDA:281,35,0,0
BRDA:281,35,1,0
BRDA:284,36,0,0
BRDA:284,36,1,0
BRDA:288,37,0,0
BRDA:288,37,1,0
BRDA:307,38,0,0
BRDA:307,38,1,0
BRDA:311,39,0,0
BRDA:311,39,1,0
BRDA:319,40,0,0
BRDA:319,40,1,0
BRDA:327,41,0,0
BRDA:327,41,1,0
BRDA:331,42,0,0
BRDA:331,42,1,0
BRDA:339,43,0,0
BRDA:339,43,1,0
BRDA:339,44,0,0
BRDA:339,44,1,0
BRDA:340,45,0,0
BRDA:340,45,1,0
BRDA:345,46,0,0
BRDA:345,46,1,0
BRF:95
BRH:0
end_of_record
TN:
SF:src\utils\File.js
FN:9,(anonymous_0)
FN:17,(anonymous_1)
FN:27,(anonymous_2)
FN:32,(anonymous_3)
FN:61,(anonymous_4)
FN:78,(anonymous_5)
FN:98,(anonymous_6)
FN:100,(anonymous_7)
FN:128,(anonymous_8)
FN:137,(anonymous_9)
FN:142,(anonymous_10)
FN:171,(anonymous_11)
FN:188,(anonymous_12)
FN:208,(anonymous_13)
FN:210,(anonymous_14)
FN:238,(anonymous_15)
FN:251,(anonymous_16)
FN:274,(anonymous_17)
FN:287,(anonymous_18)
FNF:19
FNH:0
FNDA:0,(anonymous_0)
FNDA:0,(anonymous_1)
FNDA:0,(anonymous_2)
FNDA:0,(anonymous_3)
FNDA:0,(anonymous_4)
FNDA:0,(anonymous_5)
FNDA:0,(anonymous_6)
FNDA:0,(anonymous_7)
FNDA:0,(anonymous_8)
FNDA:0,(anonymous_9)
FNDA:0,(anonymous_10)
FNDA:0,(anonymous_11)
FNDA:0,(anonymous_12)
FNDA:0,(anonymous_13)
FNDA:0,(anonymous_14)
FNDA:0,(anonymous_15)
FNDA:0,(anonymous_16)
FNDA:0,(anonymous_17)
FNDA:0,(anonymous_18)
DA:9,0
DA:10,0
DA:11,0
DA:12,0
DA:14,0
DA:17,0
DA:19,0
DA:20,0
DA:21,0
DA:23,0
DA:24,0
DA:27,0
DA:28,0
DA:29,0
DA:30,0
DA:32,0
DA:33,0
DA:34,0
DA:35,0
DA:37,0
DA:38,0
DA:41,0
DA:42,0
DA:44,0
DA:48,0
DA:51,0
DA:60,0
DA:61,0
DA:62,0
DA:70,0
DA:73,0
DA:74,0
DA:77,0
DA:78,0
DA:79,0
DA:82,0
DA:91,0
DA:98,0
DA:99,0
DA:100,0
DA:101,0
DA:110,0
DA:113,0
DA:116,0
DA:119,0
DA:120,0
DA:121,0
DA:122,0
DA:123,0
DA:124,0
DA:125,0
DA:128,0
DA:129,0
DA:130,0
DA:131,0
DA:133,0
DA:134,0
DA:137,0
DA:138,0
DA:139,0
DA:140,0
DA:142,0
DA:143,0
DA:144,0
DA:145,0
DA:147,0
DA:148,0
DA:151,0
DA:152,0
DA:154,0
DA:158,0
DA:161,0
DA:170,0
DA:171,0
DA:172,0
DA:180,0
DA:183,0
DA:184,0
DA:187,0
DA:188,0
DA:189,0
DA:192,0
DA:201,0
DA:208,0
DA:209,0
DA:210,0
DA:211,0
DA:220,0
DA:223,0
DA:226,0
DA:229,0
DA:230,0
DA:231,0
DA:232,0
DA:233,0
DA:234,0
DA:235,0
DA:238,0
DA:239,0
DA:240,0
DA:243,0
DA:244,0
DA:251,0
DA:252,0
DA:262,0
DA:266,0
DA:267,0
DA:270,0
DA:271,0
DA:274,0
DA:275,0
DA:276,0
DA:279,0
DA:280,0
DA:287,0
DA:288,0
DA:298,0
DA:302,0
DA:303,0
DA:306,0
DA:307,0
LF:121
LH:0
BRDA:33,0,0,0
BRDA:33,0,1,0
BRDA:34,1,0,0
BRDA:34,1,1,0
BRDA:41,2,0,0
BRDA:41,2,1,0
BRDA:77,3,0,0
BRDA:77,3,1,0
BRDA:79,4,0,0
BRDA:79,4,1,0
BRDA:143,5,0,0
BRDA:143,5,1,0
BRDA:144,6,0,0
BRDA:144,6,1,0
BRDA:151,7,0,0
BRDA:151,7,1,0
BRDA:187,8,0,0
BRDA:187,8,1,0
BRDA:189,9,0,0
BRDA:189,9,1,0
BRDA:243,10,0,0
BRDA:243,10,1,0
BRDA:279,11,0,0
BRDA:279,11,1,0
BRF:24
BRH:0
end_of_record
TN:
SF:src\utils\Sicurezza.js
FN:8,(anonymous_0)
FN:19,(anonymous_1)
FN:25,(anonymous_2)
FNF:3
FNH:0
FNDA:0,(anonymous_0)
FNDA:0,(anonymous_1)
FNDA:0,(anonymous_2)
DA:5,0
DA:8,0
DA:9,0
DA:10,0
DA:11,0
DA:12,0
DA:13,0
DA:15,0
DA:19,0
DA:20,0
DA:21,0
DA:25,0
DA:26,0
DA:27,0
LF:14
LH:0
BRF:0
BRH:0
end_of_record
TN:
SF:src\utils\Tempo.js
FN:1,(anonymous_0)
FN:17,(anonymous_1)
FN:22,(anonymous_2)
FNF:3
FNH:0
FNDA:0,(anonymous_0)
FNDA:0,(anonymous_1)
FNDA:0,(anonymous_2)
DA:1,0
DA:2,0
DA:3,0
DA:4,0
DA:5,0
DA:6,0
DA:7,0
DA:9,0
DA:10,0
DA:12,0
DA:13,0
DA:17,0
DA:18,0
DA:19,0
DA:22,0
DA:23,0
LF:16
LH:0
BRDA:6,0,0,0
BRDA:6,0,1,0
BRDA:9,1,0,0
BRDA:9,1,1,0
BRDA:12,2,0,0
BRDA:12,2,1,0
BRF:6
BRH:0
end_of_record
TN:
SF:src\view\App.jsx
FN:6,App
FNF:1
FNH:0
FNDA:0,App
DA:7,0
LF:1
LH:0
BRF:0
BRH:0
end_of_record
TN:
SF:src\view\Home.jsx
FN:36,(anonymous_0)
FN:38,(anonymous_1)
FN:60,(anonymous_2)
FNF:3
FNH:0
FNDA:0,(anonymous_0)
FNDA:0,(anonymous_1)
FNDA:0,(anonymous_2)
DA:12,0
DA:27,0
DA:31,0
DA:36,0
DA:37,0
DA:38,0
DA:39,0
DA:40,0
DA:42,0
DA:60,0
LF:10
LH:0
BRDA:40,0,0,0
BRDA:40,0,1,0
BRDA:47,1,0,0
BRDA:47,1,1,0
BRF:4
BRH:0
end_of_record
TN:
SF:src\view\autenticazione_view\Login.jsx
FN:16,(anonymous_0)
FN:31,(anonymous_1)
FN:44,(anonymous_2)
FN:46,(anonymous_3)
FNF:4
FNH:0
FNDA:0,(anonymous_0)
FNDA:0,(anonymous_1)
FNDA:0,(anonymous_2)
FNDA:0,(anonymous_3)
DA:16,0
DA:17,0
DA:18,0
DA:19,0
DA:20,0
DA:21,0
DA:22,0
DA:23,0
DA:29,0
DA:30,0
DA:31,0
DA:33,0
DA:37,0
DA:44,0
DA:46,0
LF:15
LH:0
BRDA:33,0,0,0
BRDA:33,0,1,0
BRDA:34,1,0,0
BRDA:34,1,1,0
BRF:4
BRH:0
end_of_record
TN:
SF:src\view\autenticazione_view\Profilo.jsx
FN:15,(anonymous_0)
FN:19,(anonymous_1)
FN:20,(anonymous_2)
FN:46,(anonymous_3)
FN:48,(anonymous_4)
FNF:5
FNH:0
FNDA:0,(anonymous_0)
FNDA:0,(anonymous_1)
FNDA:0,(anonymous_2)
FNDA:0,(anonymous_3)
FNDA:0,(anonymous_4)
DA:15,0
DA:16,0
DA:17,0
DA:18,0
DA:19,0
DA:20,0
DA:21,0
DA:35,0
DA:39,0
DA:46,0
DA:48,0
LF:11
LH:0
BRDA:24,0,0,0
BRDA:24,0,1,0
BRDA:35,1,0,0
BRDA:35,1,1,0
BRDA:36,2,0,0
BRDA:36,2,1,0
BRF:6
BRH:0
end_of_record
TN:
SF:src\view\cliente_view\Clienti.jsx
FN:14,(anonymous_0)
FN:18,(anonymous_1)
FN:19,(anonymous_2)
FN:50,(anonymous_3)
FN:57,(anonymous_4)
FN:62,(anonymous_5)
FN:87,(anonymous_6)
FN:88,(anonymous_7)
FN:89,(anonymous_8)
FN:90,(anonymous_9)
FN:92,(anonymous_10)
FN:93,(anonymous_11)
FNF:12
FNH:0
FNDA:0,(anonymous_0)
FNDA:0,(anonymous_1)
FNDA:0,(anonymous_2)
FNDA:0,(anonymous_3)
FNDA:0,(anonymous_4)
FNDA:0,(anonymous_5)
FNDA:0,(anonymous_6)
FNDA:0,(anonymous_7)
FNDA:0,(anonymous_8)
FNDA:0,(anonymous_9)
FNDA:0,(anonymous_10)
FNDA:0,(anonymous_11)
DA:14,0
DA:15,0
DA:16,0
DA:17,0
DA:18,0
DA:19,0
DA:21,0
DA:22,0
DA:23,0
DA:24,0
DA:26,0
DA:41,0
DA:50,0
DA:51,0
DA:57,0
DA:58,0
DA:59,0
DA:62,0
DA:63,0
DA:64,0
DA:67,0
DA:87,0
DA:88,0
DA:89,0
DA:90,0
DA:92,0
DA:93,0
LF:27
LH:0
BRF:0
BRH:0
end_of_record
TN:
SF:src\view\components\DragAndDrop.jsx
FN:10,(anonymous_0)
FN:17,(anonymous_1)
FN:19,(anonymous_2)
FN:32,(anonymous_3)
FN:40,(anonymous_4)
FN:60,(anonymous_5)
FN:64,(anonymous_6)
FN:98,(anonymous_7)
FN:132,(anonymous_8)
FN:138,(anonymous_9)
FN:154,(anonymous_10)
FN:160,(anonymous_11)
FN:161,(anonymous_12)
FN:166,(anonymous_13)
FN:178,(anonymous_14)
FN:185,(anonymous_15)
FNF:16
FNH:0
FNDA:0,(anonymous_0)
FNDA:0,(anonymous_1)
FNDA:0,(anonymous_2)
FNDA:0,(anonymous_3)
FNDA:0,(anonymous_4)
FNDA:0,(anonymous_5)
FNDA:0,(anonymous_6)
FNDA:0,(anonymous_7)
FNDA:0,(anonymous_8)
FNDA:0,(anonymous_9)
FNDA:0,(anonymous_10)
FNDA:0,(anonymous_11)
FNDA:0,(anonymous_12)
FNDA:0,(anonymous_13)
FNDA:0,(anonymous_14)
FNDA:0,(anonymous_15)
DA:10,0
DA:11,0
DA:12,0
DA:13,0
DA:14,0
DA:15,0
DA:16,0
DA:17,0
DA:19,0
DA:20,0
DA:21,0
DA:22,0
DA:26,0
DA:28,0
DA:29,0
DA:32,0
DA:33,0
DA:35,0
DA:36,0
DA:40,0
DA:41,0
DA:42,0
DA:43,0
DA:44,0
DA:45,0
DA:49,0
DA:61,0
DA:64,0
DA:98,0
DA:99,0
DA:100,0
DA:101,0
DA:102,0
DA:103,0
DA:110,0
DA:111,0
DA:113,0
DA:114,0
DA:116,0
DA:117,0
DA:118,0
DA:119,0
DA:121,0
DA:122,0
DA:124,0
DA:125,0
DA:127,0
DA:128,0
DA:132,0
DA:133,0
DA:135,0
DA:138,0
DA:154,0
DA:160,0
DA:161,0
DA:162,0
DA:163,0
DA:164,0
DA:166,0
DA:167,0
DA:168,0
DA:169,0
DA:173,0
DA:174,0
DA:175,0
DA:178,0
DA:179,0
DA:180,0
DA:181,0
DA:185,0
DA:186,0
DA:187,0
DA:188,0
DA:189,0
DA:190,0
DA:194,0
LF:76
LH:0
BRDA:35,0,0,0
BRDA:35,0,1,0
BRDA:42,1,0,0
BRDA:42,1,1,0
BRDA:42,2,0,0
BRDA:42,2,1,0
BRDA:75,3,0,0
BRDA:75,3,1,0
BRDA:75,3,2,0
BRDA:80,4,0,0
BRDA:80,4,1,0
BRDA:83,5,0,0
BRDA:83,5,1,0
BRDA:86,6,0,0
BRDA:86,6,1,0
BRDA:102,7,0,0
BRDA:102,7,1,0
BRDA:105,8,0,0
BRDA:105,8,1,0
BRDA:105,9,0,0
BRDA:105,9,1,0
BRDA:110,10,0,0
BRDA:110,10,1,0
BRDA:113,11,0,0
BRDA:113,11,1,0
BRDA:116,12,0,0
BRDA:116,12,1,0
BRDA:118,13,0,0
BRDA:118,13,1,0
BRDA:121,14,0,0
BRDA:121,14,1,0
BRDA:124,15,0,0
BRDA:124,15,1,0
BRDA:127,16,0,0
BRDA:127,16,1,0
BRDA:180,17,0,0
BRDA:180,17,1,0
BRDA:187,18,0,0
BRDA:187,18,1,0
BRDA:187,19,0,0
BRDA:187,19,1,0
BRDA:203,20,0,0
BRDA:203,20,1,0
BRDA:219,21,0,0
BRDA:219,21,1,0
BRDA:221,22,0,0
BRDA:221,22,1,0
BRDA:223,23,0,0
BRDA:223,23,1,0
BRDA:224,24,0,0
BRDA:224,24,1,0
BRDA:226,25,0,0
BRDA:226,25,1,0
BRDA:228,26,0,0
BRDA:228,26,1,0
BRDA:230,27,0,0
BRDA:230,27,1,0
BRF:57
BRH:0
end_of_record
TN:
SF:src\view\components\Header.jsx
FN:6,Header
FNF:1
FNH:0
FNDA:0,Header
DA:7,0
LF:1
LH:0
BRF:0
BRH:0
end_of_record
TN:
SF:src\view\components\navbar\NavbarApp.jsx
FN:19,(anonymous_0)
FN:22,(anonymous_1)
FN:23,(anonymous_2)
FN:33,(anonymous_3)
FN:37,(anonymous_4)
FN:43,(anonymous_5)
FN:71,(anonymous_6)
FN:75,(anonymous_7)
FN:88,(anonymous_8)
FN:89,(anonymous_9)
FN:109,(anonymous_10)
FN:110,(anonymous_11)
FN:116,(anonymous_12)
FN:117,(anonymous_13)
FN:122,(anonymous_14)
FN:127,(anonymous_15)
FN:132,(anonymous_16)
FN:137,(anonymous_17)
FN:145,(anonymous_18)
FN:146,(anonymous_19)
FN:151,(anonymous_20)
FN:156,(anonymous_21)
FN:164,(anonymous_22)
FN:165,(anonymous_23)
FN:170,(anonymous_24)
FN:175,(anonymous_25)
FN:180,(anonymous_26)
FNF:27
FNH:0
FNDA:0,(anonymous_0)
FNDA:0,(anonymous_1)
FNDA:0,(anonymous_2)
FNDA:0,(anonymous_3)
FNDA:0,(anonymous_4)
FNDA:0,(anonymous_5)
FNDA:0,(anonymous_6)
FNDA:0,(anonymous_7)
FNDA:0,(anonymous_8)
FNDA:0,(anonymous_9)
FNDA:0,(anonymous_10)
FNDA:0,(anonymous_11)
FNDA:0,(anonymous_12)
FNDA:0,(anonymous_13)
FNDA:0,(anonymous_14)
FNDA:0,(anonymous_15)
FNDA:0,(anonymous_16)
FNDA:0,(anonymous_17)
FNDA:0,(anonymous_18)
FNDA:0,(anonymous_19)
FNDA:0,(anonymous_20)
FNDA:0,(anonymous_21)
FNDA:0,(anonymous_22)
FNDA:0,(anonymous_23)
FNDA:0,(anonymous_24)
FNDA:0,(anonymous_25)
FNDA:0,(anonymous_26)
DA:19,0
DA:20,0
DA:21,0
DA:22,0
DA:23,0
DA:24,0
DA:25,0
DA:26,0
DA:27,0
DA:28,0
DA:29,0
DA:30,0
DA:31,0
DA:33,0
DA:34,0
DA:37,0
DA:39,0
DA:43,0
DA:44,0
DA:45,0
DA:46,0
DA:47,0
DA:48,0
DA:49,0
DA:50,0
DA:53,0
DA:54,0
DA:55,0
DA:57,0
DA:58,0
DA:59,0
DA:62,0
DA:63,0
DA:64,0
DA:67,0
DA:71,0
DA:72,0
DA:75,0
DA:76,0
DA:79,0
DA:88,0
DA:89,0
DA:109,0
DA:110,0
DA:116,0
DA:117,0
DA:122,0
DA:127,0
DA:132,0
DA:137,0
DA:145,0
DA:146,0
DA:151,0
DA:156,0
DA:164,0
DA:165,0
DA:170,0
DA:175,0
DA:180,0
LF:59
LH:0
BRDA:44,0,0,0
BRDA:44,0,1,0
BRDA:57,1,0,0
BRDA:57,1,1,0
BRDA:83,2,0,0
BRDA:83,2,1,0
BRDA:119,3,0,0
BRDA:119,3,1,0
BRDA:148,4,0,0
BRDA:148,4,1,0
BRDA:167,5,0,0
BRDA:167,5,1,0
BRDA:192,6,0,0
BRDA:192,6,1,0
BRDA:195,7,0,0
BRDA:195,7,1,0
BRF:16
BRH:0
end_of_record
TN:
SF:src\view\components\navbar\StyledNavbarApp.js
FNF:0
FNH:0
DA:6,0
DA:11,0
DA:18,0
DA:27,0
DA:46,0
DA:58,0
DA:63,0
DA:69,0
DA:84,0
LF:9
LH:0
BRF:0
BRH:0
end_of_record
TN:
SF:src\view\forms\AutenticazioneForms.js
FN:5,(anonymous_0)
FN:9,(anonymous_1)
FN:28,(anonymous_2)
FNF:3
FNH:0
FNDA:0,(anonymous_0)
FNDA:0,(anonymous_1)
FNDA:0,(anonymous_2)
DA:2,0
DA:3,0
DA:10,0
DA:29,0
LF:4
LH:0
BRF:0
BRH:0
end_of_record
TN:
SF:src\view\forms\ClienteForms.js
FN:11,(anonymous_0)
FN:15,(anonymous_1)
FN:34,(anonymous_2)
FN:51,(anonymous_3)
FN:58,(anonymous_4)
FNF:5
FNH:0
FNDA:0,(anonymous_0)
FNDA:0,(anonymous_1)
FNDA:0,(anonymous_2)
FNDA:0,(anonymous_3)
FNDA:0,(anonymous_4)
DA:7,0
DA:8,0
DA:9,0
DA:16,0
DA:35,0
DA:52,0
DA:58,0
DA:59,0
DA:63,0
LF:9
LH:0
BRF:0
BRH:0
end_of_record
TN:
SF:src\view\forms\LavoroForms.js
FN:12,(anonymous_0)
FN:16,(anonymous_1)
FN:35,(anonymous_2)
FN:52,(anonymous_3)
FN:61,(anonymous_4)
FN:84,(anonymous_5)
FNF:6
FNH:0
FNDA:0,(anonymous_0)
FNDA:0,(anonymous_1)
FNDA:0,(anonymous_2)
FNDA:0,(anonymous_3)
FNDA:0,(anonymous_4)
FNDA:0,(anonymous_5)
DA:7,0
DA:8,0
DA:9,0
DA:10,0
DA:17,0
DA:36,0
DA:53,0
DA:61,0
DA:62,0
DA:65,0
DA:85,0
LF:11
LH:0
BRF:0
BRH:0
end_of_record
TN:
SF:src\view\forms\OperazioniForms.js
FN:2,(anonymous_0)
FN:9,(anonymous_1)
FN:75,(anonymous_2)
FN:82,(anonymous_3)
FN:95,(anonymous_4)
FN:102,(anonymous_5)
FN:114,(anonymous_6)
FNF:7
FNH:0
FNDA:0,(anonymous_0)
FNDA:0,(anonymous_1)
FNDA:0,(anonymous_2)
FNDA:0,(anonymous_3)
FNDA:0,(anonymous_4)
FNDA:0,(anonymous_5)
FNDA:0,(anonymous_6)
DA:2,0
DA:3,0
DA:4,0
DA:5,0
DA:7,0
DA:8,0
DA:9,0
DA:14,0
DA:16,0
DA:17,0
DA:19,0
DA:20,0
DA:21,0
DA:24,0
DA:25,0
DA:26,0
DA:29,0
DA:30,0
DA:31,0
DA:34,0
DA:35,0
DA:36,0
DA:39,0
DA:40,0
DA:41,0
DA:44,0
DA:45,0
DA:46,0
DA:47,0
DA:50,0
DA:51,0
DA:52,0
DA:55,0
DA:56,0
DA:57,0
DA:59,0
DA:60,0
DA:63,0
DA:64,0
DA:65,0
DA:68,0
DA:69,0
DA:70,0
DA:74,0
DA:75,0
DA:82,0
DA:83,0
DA:89,0
DA:91,0
DA:95,0
DA:102,0
DA:103,0
DA:109,0
DA:111,0
DA:114,0
LF:55
LH:0
BRDA:8,0,0,0
BRDA:8,0,1,0
BRDA:16,1,0,0
BRDA:16,1,1,0
BRDA:19,2,0,0
BRDA:19,2,1,0
BRDA:20,3,0,0
BRDA:20,3,1,0
BRDA:24,4,0,0
BRDA:24,4,1,0
BRDA:25,5,0,0
BRDA:25,5,1,0
BRDA:29,6,0,0
BRDA:29,6,1,0
BRDA:30,7,0,0
BRDA:30,7,1,0
BRDA:34,8,0,0
BRDA:34,8,1,0
BRDA:35,9,0,0
BRDA:35,9,1,0
BRDA:39,10,0,0
BRDA:39,10,1,0
BRDA:40,11,0,0
BRDA:40,11,1,0
BRDA:44,12,0,0
BRDA:44,12,1,0
BRDA:44,13,0,0
BRDA:44,13,1,0
BRDA:45,14,0,0
BRDA:45,14,1,0
BRDA:46,15,0,0
BRDA:46,15,1,0
BRDA:46,16,0,0
BRDA:46,16,1,0
BRDA:50,17,0,0
BRDA:50,17,1,0
BRDA:51,18,0,0
BRDA:51,18,1,0
BRDA:55,19,0,0
BRDA:55,19,1,0
BRDA:56,20,0,0
BRDA:56,20,1,0
BRDA:59,21,0,0
BRDA:59,21,1,0
BRDA:59,22,0,0
BRDA:59,22,1,0
BRDA:59,23,0,0
BRDA:59,23,1,0
BRDA:59,23,2,0
BRDA:59,23,3,0
BRDA:63,24,0,0
BRDA:63,24,1,0
BRDA:64,25,0,0
BRDA:64,25,1,0
BRDA:68,26,0,0
BRDA:68,26,1,0
BRDA:69,27,0,0
BRDA:69,27,1,0
BRDA:74,28,0,0
BRDA:74,28,1,0
BRDA:83,29,0,0
BRDA:83,29,1,0
BRDA:91,30,0,0
BRDA:91,30,1,0
BRDA:103,31,0,0
BRDA:103,31,1,0
BRDA:109,32,0,0
BRDA:109,32,1,0
BRDA:111,33,0,0
BRDA:111,33,1,0
BRF:70
BRH:0
end_of_record
TN:
SF:src\view\forms\ServizioForms.js
FN:11,(anonymous_0)
FN:15,(anonymous_1)
FN:34,(anonymous_2)
FN:51,(anonymous_3)
FN:59,(anonymous_4)
FNF:5
FNH:0
FNDA:0,(anonymous_0)
FNDA:0,(anonymous_1)
FNDA:0,(anonymous_2)
FNDA:0,(anonymous_3)
FNDA:0,(anonymous_4)
DA:7,0
DA:8,0
DA:9,0
DA:16,0
DA:35,0
DA:52,0
DA:59,0
DA:60,0
DA:63,0
LF:9
LH:0
BRF:0
BRH:0
end_of_record
TN:
SF:src\view\forms\SpesaForms.js
FN:12,(anonymous_0)
FN:16,(anonymous_1)
FN:35,(anonymous_2)
FN:52,(anonymous_3)
FN:61,(anonymous_4)
FN:84,(anonymous_5)
FNF:6
FNH:0
FNDA:0,(anonymous_0)
FNDA:0,(anonymous_1)
FNDA:0,(anonymous_2)
FNDA:0,(anonymous_3)
FNDA:0,(anonymous_4)
FNDA:0,(anonymous_5)
DA:7,0
DA:8,0
DA:9,0
DA:10,0
DA:17,0
DA:36,0
DA:53,0
DA:61,0
DA:62,0
DA:65,0
DA:85,0
LF:11
LH:0
BRF:0
BRH:0
end_of_record
TN:
SF:src\view\lavoro_view\Lavori.jsx
FN:16,(anonymous_0)
FN:20,(anonymous_1)
FN:21,(anonymous_2)
FN:60,(anonymous_3)
FN:67,(anonymous_4)
FN:71,(anonymous_5)
FN:75,(anonymous_6)
FN:83,(anonymous_7)
FN:87,(anonymous_8)
FN:88,(anonymous_9)
FN:99,(anonymous_10)
FN:103,(anonymous_11)
FN:112,(anonymous_12)
FN:126,(anonymous_13)
FN:128,(anonymous_14)
FN:136,(anonymous_15)
FN:146,(anonymous_16)
FN:154,(anonymous_17)
FN:169,(anonymous_18)
FN:170,(anonymous_19)
FN:171,(anonymous_20)
FN:179,(anonymous_21)
FN:180,(anonymous_22)
FN:191,(anonymous_23)
FN:193,(anonymous_24)
FN:212,(anonymous_25)
FN:231,(anonymous_26)
FN:249,(anonymous_27)
FN:268,(anonymous_28)
FN:276,(anonymous_29)
FN:289,(anonymous_30)
FN:293,(anonymous_31)
FN:297,(anonymous_32)
FN:322,(anonymous_33)
FN:323,(anonymous_34)
FN:324,(anonymous_35)
FN:325,(anonymous_36)
FN:326,(anonymous_37)
FN:327,(anonymous_38)
FN:328,(anonymous_39)
FN:334,(anonymous_40)
FN:335,(anonymous_41)
FN:336,(anonymous_42)
FN:340,(anonymous_43)
FN:341,(anonymous_44)
FN:342,(anonymous_45)
FN:347,(anonymous_46)
FN:348,(anonymous_47)
FN:349,(anonymous_48)
FNF:49
FNH:0
FNDA:0,(anonymous_0)
FNDA:0,(anonymous_1)
FNDA:0,(anonymous_2)
FNDA:0,(anonymous_3)
FNDA:0,(anonymous_4)
FNDA:0,(anonymous_5)
FNDA:0,(anonymous_6)
FNDA:0,(anonymous_7)
FNDA:0,(anonymous_8)
FNDA:0,(anonymous_9)
FNDA:0,(anonymous_10)
FNDA:0,(anonymous_11)
FNDA:0,(anonymous_12)
FNDA:0,(anonymous_13)
FNDA:0,(anonymous_14)
FNDA:0,(anonymous_15)
FNDA:0,(anonymous_16)
FNDA:0,(anonymous_17)
FNDA:0,(anonymous_18)
FNDA:0,(anonymous_19)
FNDA:0,(anonymous_20)
FNDA:0,(anonymous_21)
FNDA:0,(anonymous_22)
FNDA:0,(anonymous_23)
FNDA:0,(anonymous_24)
FNDA:0,(anonymous_25)
FNDA:0,(anonymous_26)
FNDA:0,(anonymous_27)
FNDA:0,(anonymous_28)
FNDA:0,(anonymous_29)
FNDA:0,(anonymous_30)
FNDA:0,(anonymous_31)
FNDA:0,(anonymous_32)
FNDA:0,(anonymous_33)
FNDA:0,(anonymous_34)
FNDA:0,(anonymous_35)
FNDA:0,(anonymous_36)
FNDA:0,(anonymous_37)
FNDA:0,(anonymous_38)
FNDA:0,(anonymous_39)
FNDA:0,(anonymous_40)
FNDA:0,(anonymous_41)
FNDA:0,(anonymous_42)
FNDA:0,(anonymous_43)
FNDA:0,(anonymous_44)
FNDA:0,(anonymous_45)
FNDA:0,(anonymous_46)
FNDA:0,(anonymous_47)
FNDA:0,(anonymous_48)
DA:16,0
DA:17,0
DA:18,0
DA:19,0
DA:20,0
DA:21,0
DA:23,0
DA:24,0
DA:26,0
DA:27,0
DA:29,0
DA:30,0
DA:31,0
DA:32,0
DA:33,0
DA:34,0
DA:36,0
DA:52,0
DA:60,0
DA:61,0
DA:67,0
DA:68,0
DA:69,0
DA:71,0
DA:72,0
DA:75,0
DA:76,0
DA:81,0
DA:83,0
DA:84,0
DA:85,0
DA:86,0
DA:87,0
DA:88,0
DA:95,0
DA:96,0
DA:99,0
DA:102,0
DA:103,0
DA:110,0
DA:111,0
DA:112,0
DA:120,0
DA:127,0
DA:129,0
DA:136,0
DA:147,0
DA:154,0
DA:169,0
DA:170,0
DA:171,0
DA:172,0
DA:179,0
DA:180,0
DA:181,0
DA:184,0
DA:186,0
DA:192,0
DA:194,0
DA:213,0
DA:214,0
DA:215,0
DA:231,0
DA:232,0
DA:240,0
DA:241,0
DA:242,0
DA:245,0
DA:249,0
DA:250,0
DA:258,0
DA:259,0
DA:260,0
DA:264,0
DA:268,0
DA:269,0
DA:270,0
DA:271,0
DA:272,0
DA:276,0
DA:277,0
DA:278,0
DA:279,0
DA:280,0
DA:282,0
DA:285,0
DA:289,0
DA:290,0
DA:293,0
DA:294,0
DA:297,0
DA:298,0
DA:299,0
DA:302,0
DA:322,0
DA:323,0
DA:324,0
DA:325,0
DA:326,0
DA:327,0
DA:328,0
DA:334,0
DA:335,0
DA:336,0
DA:340,0
DA:341,0
DA:342,0
DA:347,0
DA:348,0
DA:349,0
LF:110
LH:0
BRDA:23,0,0,0
BRDA:23,0,1,0
BRDA:24,1,0,0
BRDA:24,1,1,0
BRDA:77,2,0,0
BRDA:77,2,1,0
BRDA:77,3,0,0
BRDA:77,3,1,0
BRDA:78,4,0,0
BRDA:78,4,1,0
BRDA:78,5,0,0
BRDA:78,5,1,0
BRDA:84,6,0,0
BRDA:84,6,1,0
BRDA:85,7,0,0
BRDA:85,7,1,0
BRDA:122,8,0,0
BRDA:122,8,1,0
BRDA:172,9,0,0
BRDA:172,9,1,0
BRDA:188,10,0,0
BRDA:188,10,1,0
BRDA:195,11,0,0
BRDA:195,11,1,0
BRDA:214,12,0,0
BRDA:214,12,1,0
BRDA:240,13,0,0
BRDA:240,13,1,0
BRDA:258,14,0,0
BRDA:258,14,1,0
BRDA:271,15,0,0
BRDA:271,15,1,0
BRDA:272,16,0,0
BRDA:272,16,1,0
BRDA:278,17,0,0
BRDA:278,17,1,0
BRDA:278,18,0,0
BRDA:278,18,1,0
BRF:38
BRH:0
end_of_record
TN:
SF:src\view\salone_view\Salone.jsx
FN:20,(anonymous_0)
FN:21,(anonymous_1)
FN:39,(anonymous_2)
FN:55,(anonymous_3)
FNF:4
FNH:0
FNDA:0,(anonymous_0)
FNDA:0,(anonymous_1)
FNDA:0,(anonymous_2)
FNDA:0,(anonymous_3)
DA:20,0
DA:21,0
DA:22,0
DA:23,0
DA:24,0
DA:25,0
DA:26,0
DA:27,0
DA:28,0
DA:29,0
DA:30,0
DA:31,0
DA:32,0
DA:34,0
DA:39,0
DA:40,0
DA:42,0
DA:43,0
DA:44,0
DA:45,0
DA:55,0
DA:56,0
DA:57,0
DA:58,0
DA:62,0
LF:25
LH:0
BRDA:56,0,0,0
BRDA:56,0,1,0
BRDA:69,1,0,0
BRDA:69,1,1,0
BRDA:77,2,0,0
BRDA:77,2,1,0
BRDA:87,3,0,0
BRDA:87,3,1,0
BRDA:102,4,0,0
BRDA:102,4,1,0
BRDA:102,5,0,0
BRDA:102,5,1,0
BRDA:105,6,0,0
BRDA:105,6,1,0
BRDA:105,7,0,0
BRDA:105,7,1,0
BRDA:111,8,0,0
BRDA:111,8,1,0
BRDA:111,9,0,0
BRDA:111,9,1,0
BRDA:114,10,0,0
BRDA:114,10,1,0
BRDA:114,11,0,0
BRDA:114,11,1,0
BRDA:114,11,2,0
BRDA:114,11,3,0
BRF:26
BRH:0
end_of_record
TN:
SF:src\view\servizio_view\Servizi.jsx
FN:14,(anonymous_0)
FN:18,(anonymous_1)
FN:19,(anonymous_2)
FN:46,(anonymous_3)
FN:53,(anonymous_4)
FN:58,(anonymous_5)
FN:83,(anonymous_6)
FN:84,(anonymous_7)
FN:85,(anonymous_8)
FN:86,(anonymous_9)
FN:90,(anonymous_10)
FN:91,(anonymous_11)
FN:92,(anonymous_12)
FN:96,(anonymous_13)
FN:97,(anonymous_14)
FN:98,(anonymous_15)
FNF:16
FNH:0
FNDA:0,(anonymous_0)
FNDA:0,(anonymous_1)
FNDA:0,(anonymous_2)
FNDA:0,(anonymous_3)
FNDA:0,(anonymous_4)
FNDA:0,(anonymous_5)
FNDA:0,(anonymous_6)
FNDA:0,(anonymous_7)
FNDA:0,(anonymous_8)
FNDA:0,(anonymous_9)
FNDA:0,(anonymous_10)
FNDA:0,(anonymous_11)
FNDA:0,(anonymous_12)
FNDA:0,(anonymous_13)
FNDA:0,(anonymous_14)
FNDA:0,(anonymous_15)
DA:14,0
DA:15,0
DA:16,0
DA:17,0
DA:18,0
DA:19,0
DA:21,0
DA:22,0
DA:23,0
DA:24,0
DA:26,0
DA:37,0
DA:46,0
DA:47,0
DA:53,0
DA:54,0
DA:55,0
DA:58,0
DA:59,0
DA:60,0
DA:63,0
DA:83,0
DA:84,0
DA:85,0
DA:86,0
DA:90,0
DA:91,0
DA:92,0
DA:96,0
DA:97,0
DA:98,0
LF:31
LH:0
BRF:0
BRH:0
end_of_record
TN:
SF:src\view\spesa_view\Spese.jsx
FN:14,(anonymous_0)
FN:18,(anonymous_1)
FN:19,(anonymous_2)
FN:54,(anonymous_3)
FN:61,(anonymous_4)
FN:69,(anonymous_5)
FN:82,(anonymous_6)
FN:107,(anonymous_7)
FN:108,(anonymous_8)
FN:109,(anonymous_9)
FN:110,(anonymous_10)
FN:111,(anonymous_11)
FN:112,(anonymous_12)
FN:113,(anonymous_13)
FN:117,(anonymous_14)
FN:118,(anonymous_15)
FN:119,(anonymous_16)
FN:123,(anonymous_17)
FN:124,(anonymous_18)
FN:125,(anonymous_19)
FN:130,(anonymous_20)
FN:131,(anonymous_21)
FN:132,(anonymous_22)
FNF:23
FNH:0
FNDA:0,(anonymous_0)
FNDA:0,(anonymous_1)
FNDA:0,(anonymous_2)
FNDA:0,(anonymous_3)
FNDA:0,(anonymous_4)
FNDA:0,(anonymous_5)
FNDA:0,(anonymous_6)
FNDA:0,(anonymous_7)
FNDA:0,(anonymous_8)
FNDA:0,(anonymous_9)
FNDA:0,(anonymous_10)
FNDA:0,(anonymous_11)
FNDA:0,(anonymous_12)
FNDA:0,(anonymous_13)
FNDA:0,(anonymous_14)
FNDA:0,(anonymous_15)
FNDA:0,(anonymous_16)
FNDA:0,(anonymous_17)
FNDA:0,(anonymous_18)
FNDA:0,(anonymous_19)
FNDA:0,(anonymous_20)
FNDA:0,(anonymous_21)
FNDA:0,(anonymous_22)
DA:14,0
DA:15,0
DA:16,0
DA:17,0
DA:18,0
DA:19,0
DA:21,0
DA:22,0
DA:23,0
DA:24,0
DA:25,0
DA:26,0
DA:28,0
DA:43,0
DA:54,0
DA:55,0
DA:61,0
DA:62,0
DA:63,0
DA:64,0
DA:65,0
DA:69,0
DA:70,0
DA:71,0
DA:72,0
DA:73,0
DA:75,0
DA:78,0
DA:82,0
DA:83,0
DA:84,0
DA:87,0
DA:107,0
DA:108,0
DA:109,0
DA:110,0
DA:111,0
DA:112,0
DA:113,0
DA:117,0
DA:118,0
DA:119,0
DA:123,0
DA:124,0
DA:125,0
DA:130,0
DA:131,0
DA:132,0
LF:48
LH:0
BRDA:64,0,0,0
BRDA:64,0,1,0
BRDA:65,1,0,0
BRDA:65,1,1,0
BRDA:71,2,0,0
BRDA:71,2,1,0
BRDA:71,3,0,0
BRDA:71,3,1,0
BRF:8
BRH:0
end_of_record
